2020-05-21 12:06:46,408 [main] INFO  org.mule.module.launcher.application.DefaultMuleApplication - 
++++++++++++++++++++++++++++++++++++++++++++++++++++++++++++
+ Initializing app 'dbdemo'                                +
++++++++++++++++++++++++++++++++++++++++++++++++++++++++++++
2020-05-21 12:06:47,688 [main] INFO  org.mule.util.JdkVersionUtils - You're executing with a JDK made by a vendor that is not on the recommended list of vendors. Vendor: AdoptOpenJDK Please consider changing to a recommended JDK vendor.
2020-05-21 12:06:47,716 [main] INFO  org.mule.lifecycle.AbstractLifecycleManager - Initialising RegistryBroker
2020-05-21 12:06:48,057 [main] INFO  org.mule.module.extension.internal.manager.DefaultExtensionManager - Starting discovery of extensions
2020-05-21 12:06:48,419 [main] INFO  org.mule.module.extension.internal.manager.DefaultExtensionManager - Discovered 1 extensions
2020-05-21 12:06:48,419 [main] INFO  org.mule.module.extension.internal.manager.DefaultExtensionManager - Registering extension validation (version 3.9)
2020-05-21 12:06:48,872 [main] INFO  org.mule.config.spring.MuleArtifactContext - Refreshing org.mule.config.spring.MuleArtifactContext@1b0a7baf: startup date [Thu May 21 12:06:48 IST 2020]; root of context hierarchy
2020-05-21 12:06:52,117 [main] INFO  org.mule.config.spring.processors.NoDevkitInjectorProcessor - JSR-330 'javax.inject.Inject' annotation found and supported for autowiring
2020-05-21 12:06:54,607 [main] WARN  org.mule.module.ognl.expression.OgnlExpressionEvaluator - OGNL module is deprecated and will be removed in Mule 4.0. Use MEL expressions instead.
2020-05-21 12:06:55,887 [main] INFO  org.mule.util.journal.TransactionJournal - Using files for tx logs F:\gitrepo\qt-mule\.mule\.\.mule\dbdemo\queue-tx-log\tx1.log and F:\gitrepo\qt-mule\.mule\.\.mule\dbdemo\queue-tx-log\tx2.log
2020-05-21 12:06:55,919 [main] INFO  org.mule.util.journal.TransactionJournal - Using files for tx logs F:\gitrepo\qt-mule\.mule\.\.mule\dbdemo\queue-xa-tx-log\tx1.log and F:\gitrepo\qt-mule\.mule\.\.mule\dbdemo\queue-xa-tx-log\tx2.log
2020-05-21 12:06:56,391 [main] INFO  org.mule.lifecycle.AbstractLifecycleManager - Initialising model: _muleSystemModel
2020-05-21 12:06:56,399 [main] INFO  org.mule.construct.FlowConstructLifecycleManager - Initialising flow: dbdemoFlow
2020-05-21 12:06:56,401 [main] INFO  org.mule.exception.DefaultMessagingExceptionStrategy - Initialising exception listener: org.mule.exception.DefaultMessagingExceptionStrategy@46dcbeab
2020-05-21 12:06:56,473 [main] INFO  org.mule.processor.SedaStageLifecycleManager - Initialising service: dbdemoFlow.stage1
2020-05-21 12:06:56,886 [main] INFO  org.mule.config.spring.SpringXmlConfigurationBuilder - Configured Mule using "org.mule.config.spring.SpringXmlConfigurationBuilder" with configuration resource(s): "[ConfigResource{resourceName='F:\gitrepo\qt-mule\.mule\apps\dbdemo\dbdemo.xml'}]"
2020-05-21 12:06:56,887 [main] INFO  org.mule.config.builders.AutoConfigurationBuilder - Configured Mule using "org.mule.config.builders.AutoConfigurationBuilder" with configuration resource(s): "[ConfigResource{resourceName='F:\gitrepo\qt-mule\.mule\apps\dbdemo\dbdemo.xml'}]"
2020-05-21 12:06:56,898 [main] INFO  com.mulesoft.module.policies.lifecyle.GateKeeper - GateKeeper Mode: DISABLED
2020-05-21 12:06:56,899 [main] INFO  org.mule.module.launcher.application.DefaultMuleApplication - 
++++++++++++++++++++++++++++++++++++++++++++++++++++++++++++
+ Starting app 'dbdemo'                                    +
++++++++++++++++++++++++++++++++++++++++++++++++++++++++++++
2020-05-21 12:06:56,919 [main] INFO  org.mule.util.queue.QueueXaResourceManager - Starting ResourceManager
2020-05-21 12:06:56,920 [main] INFO  org.mule.util.queue.QueueXaResourceManager - Started ResourceManager
2020-05-21 12:06:56,993 [main] INFO  org.mule.module.http.internal.listener.DefaultHttpListenerConfig - Listening for requests on http://0.0.0.0:8081/db
2020-05-21 12:06:57,001 [main] INFO  org.mule.lifecycle.AbstractLifecycleManager - Starting model: _muleSystemModel
2020-05-21 12:06:57,003 [main] INFO  org.mule.construct.FlowConstructLifecycleManager - Starting flow: dbdemoFlow
2020-05-21 12:06:57,004 [main] INFO  org.mule.processor.SedaStageLifecycleManager - Starting service: dbdemoFlow.stage1
2020-05-21 12:06:57,073 [main] INFO  org.mule.module.management.agent.WrapperManagerAgent - This JVM hasn't been launched by the wrapper, the agent will not run.
2020-05-21 12:07:06,155 [main] INFO  org.mule.DefaultMuleContext - 
**********************************************************************
* Application: dbdemo                                                *
* OS encoding: \, Mule encoding: UTF-8                               *
*                                                                    *
* Agents Running:                                                    *
*   Batch module default engine                                      *
*   JMX Agent                                                        *
*   Wrapper Manager                                                  *
**********************************************************************
2020-05-21 12:09:36,515 [Mule.app.deployer.monitor.1.thread.1] INFO  org.mule.module.launcher.application.DefaultMuleApplication - 
++++++++++++++++++++++++++++++++++++++++++++++++++++++++++++
+ Stopping app 'dbdemo'                                    +
++++++++++++++++++++++++++++++++++++++++++++++++++++++++++++
2020-05-21 12:09:36,520 [Mule.app.deployer.monitor.1.thread.1] INFO  org.mule.construct.FlowConstructLifecycleManager - Stopping flow: dbdemoFlow
2020-05-21 12:09:36,523 [Mule.app.deployer.monitor.1.thread.1] INFO  org.mule.processor.SedaStageLifecycleManager - Stopping service: dbdemoFlow.stage1
2020-05-21 12:09:36,719 [Mule.app.deployer.monitor.1.thread.1] INFO  org.mule.lifecycle.AbstractLifecycleManager - Stopping model: _muleSystemModel
2020-05-21 12:09:36,729 [Mule.app.deployer.monitor.1.thread.1] INFO  org.mule.module.http.internal.listener.DefaultHttpListenerConfig - Stopped listener on http://0.0.0.0:8081/db
2020-05-21 12:09:36,731 [Mule.app.deployer.monitor.1.thread.1] INFO  org.mule.util.queue.QueueXaResourceManager - Stopping ResourceManager
2020-05-21 12:09:36,732 [Mule.app.deployer.monitor.1.thread.1] INFO  org.mule.util.queue.QueueXaResourceManager - Stopped ResourceManager
2020-05-21 12:09:36,740 [Mule.app.deployer.monitor.1.thread.1] INFO  org.mule.module.launcher.application.DefaultMuleApplication - 
++++++++++++++++++++++++++++++++++++++++++++++++++++++++++++
+ Disposing app 'dbdemo'                                   +
++++++++++++++++++++++++++++++++++++++++++++++++++++++++++++
2020-05-21 12:09:36,741 [Mule.app.deployer.monitor.1.thread.1] INFO  org.mule.lifecycle.AbstractLifecycleManager - Disposing RegistryBroker
2020-05-21 12:09:36,743 [Mule.app.deployer.monitor.1.thread.1] INFO  org.mule.construct.FlowConstructLifecycleManager - Disposing flow: dbdemoFlow
2020-05-21 12:09:36,743 [Mule.app.deployer.monitor.1.thread.1] INFO  org.mule.processor.SedaStageLifecycleManager - Disposing service: dbdemoFlow.stage1
2020-05-21 12:09:36,747 [Mule.app.deployer.monitor.1.thread.1] INFO  org.mule.lifecycle.AbstractLifecycleManager - Disposing model: _muleSystemModel
2020-05-21 12:09:36,957 [Mule.app.deployer.monitor.1.thread.1] INFO  org.mule.config.spring.MuleArtifactContext - Closing org.mule.config.spring.MuleArtifactContext@1b0a7baf: startup date [Thu May 21 12:06:48 IST 2020]; root of context hierarchy
2020-05-21 12:09:36,979 [Mule.app.deployer.monitor.1.thread.1] INFO  org.mule.DefaultMuleContext - 
**********************************************************************
* Application "dbdemo" shut down normally on: 21/5/20 12:09 PM       *
* Up for: 0 days, 0 hours, 2 mins, 40.71 sec                         *
**********************************************************************
2020-05-21 12:09:37,250 [Mule.app.deployer.monitor.1.thread.1] INFO  org.mule.module.launcher.application.DefaultMuleApplication - 
++++++++++++++++++++++++++++++++++++++++++++++++++++++++++++
+ Initializing app 'dbdemo'                                +
++++++++++++++++++++++++++++++++++++++++++++++++++++++++++++
2020-05-21 12:09:37,266 [Mule.app.deployer.monitor.1.thread.1] INFO  org.mule.util.JdkVersionUtils - You're executing with a JDK made by a vendor that is not on the recommended list of vendors. Vendor: AdoptOpenJDK Please consider changing to a recommended JDK vendor.
2020-05-21 12:09:37,271 [Mule.app.deployer.monitor.1.thread.1] INFO  org.mule.lifecycle.AbstractLifecycleManager - Initialising RegistryBroker
2020-05-21 12:09:37,283 [Mule.app.deployer.monitor.1.thread.1] INFO  org.mule.module.extension.internal.manager.DefaultExtensionManager - Starting discovery of extensions
2020-05-21 12:09:37,315 [Mule.app.deployer.monitor.1.thread.1] INFO  org.mule.module.extension.internal.manager.DefaultExtensionManager - Discovered 1 extensions
2020-05-21 12:09:37,315 [Mule.app.deployer.monitor.1.thread.1] INFO  org.mule.module.extension.internal.manager.DefaultExtensionManager - Registering extension validation (version 3.9)
2020-05-21 12:09:37,330 [Mule.app.deployer.monitor.1.thread.1] INFO  org.mule.config.spring.MuleArtifactContext - Refreshing org.mule.config.spring.MuleArtifactContext@164693f2: startup date [Thu May 21 12:09:37 IST 2020]; root of context hierarchy
2020-05-21 12:09:38,812 [Mule.app.deployer.monitor.1.thread.1] INFO  org.mule.config.spring.processors.NoDevkitInjectorProcessor - JSR-330 'javax.inject.Inject' annotation found and supported for autowiring
2020-05-21 12:09:39,235 [Mule.app.deployer.monitor.1.thread.1] INFO  org.mule.util.journal.TransactionJournal - Using files for tx logs F:\gitrepo\qt-mule\.mule\.\.mule\dbdemo\queue-tx-log\tx1.log and F:\gitrepo\qt-mule\.mule\.\.mule\dbdemo\queue-tx-log\tx2.log
2020-05-21 12:09:39,240 [Mule.app.deployer.monitor.1.thread.1] INFO  org.mule.util.journal.TransactionJournal - Using files for tx logs F:\gitrepo\qt-mule\.mule\.\.mule\dbdemo\queue-xa-tx-log\tx1.log and F:\gitrepo\qt-mule\.mule\.\.mule\dbdemo\queue-xa-tx-log\tx2.log
2020-05-21 12:09:39,254 [Mule.app.deployer.monitor.1.thread.1] INFO  org.mule.lifecycle.AbstractLifecycleManager - Initialising model: _muleSystemModel
2020-05-21 12:09:39,256 [Mule.app.deployer.monitor.1.thread.1] INFO  org.mule.construct.FlowConstructLifecycleManager - Initialising flow: dbdemoFlow
2020-05-21 12:09:39,256 [Mule.app.deployer.monitor.1.thread.1] INFO  org.mule.exception.DefaultMessagingExceptionStrategy - Initialising exception listener: org.mule.exception.DefaultMessagingExceptionStrategy@5ca46bcd
2020-05-21 12:09:39,265 [Mule.app.deployer.monitor.1.thread.1] INFO  org.mule.processor.SedaStageLifecycleManager - Initialising service: dbdemoFlow.stage1
2020-05-21 12:09:39,311 [Mule.app.deployer.monitor.1.thread.1] INFO  org.mule.config.spring.SpringXmlConfigurationBuilder - Configured Mule using "org.mule.config.spring.SpringXmlConfigurationBuilder" with configuration resource(s): "[ConfigResource{resourceName='F:\gitrepo\qt-mule\.mule\apps\dbdemo\dbdemo.xml'}]"
2020-05-21 12:09:39,311 [Mule.app.deployer.monitor.1.thread.1] INFO  org.mule.config.builders.AutoConfigurationBuilder - Configured Mule using "org.mule.config.builders.AutoConfigurationBuilder" with configuration resource(s): "[ConfigResource{resourceName='F:\gitrepo\qt-mule\.mule\apps\dbdemo\dbdemo.xml'}]"
2020-05-21 12:09:39,315 [Mule.app.deployer.monitor.1.thread.1] INFO  org.mule.module.launcher.application.DefaultMuleApplication - 
++++++++++++++++++++++++++++++++++++++++++++++++++++++++++++
+ Starting app 'dbdemo'                                    +
++++++++++++++++++++++++++++++++++++++++++++++++++++++++++++
2020-05-21 12:09:39,321 [Mule.app.deployer.monitor.1.thread.1] INFO  org.mule.util.queue.QueueXaResourceManager - Starting ResourceManager
2020-05-21 12:09:39,321 [Mule.app.deployer.monitor.1.thread.1] INFO  org.mule.util.queue.QueueXaResourceManager - Started ResourceManager
2020-05-21 12:09:39,340 [Mule.app.deployer.monitor.1.thread.1] INFO  org.mule.module.http.internal.listener.DefaultHttpListenerConfig - Listening for requests on http://0.0.0.0:8081/db
2020-05-21 12:09:39,347 [Mule.app.deployer.monitor.1.thread.1] INFO  org.mule.lifecycle.AbstractLifecycleManager - Starting model: _muleSystemModel
2020-05-21 12:09:39,349 [Mule.app.deployer.monitor.1.thread.1] INFO  org.mule.construct.FlowConstructLifecycleManager - Starting flow: dbdemoFlow
2020-05-21 12:09:39,350 [Mule.app.deployer.monitor.1.thread.1] INFO  org.mule.processor.SedaStageLifecycleManager - Starting service: dbdemoFlow.stage1
2020-05-21 12:09:39,373 [Mule.app.deployer.monitor.1.thread.1] INFO  org.mule.module.management.agent.WrapperManagerAgent - This JVM hasn't been launched by the wrapper, the agent will not run.
2020-05-21 12:09:39,424 [Mule.app.deployer.monitor.1.thread.1] INFO  org.mule.DefaultMuleContext - 
**********************************************************************
* Application: dbdemo                                                *
* OS encoding: \, Mule encoding: UTF-8                               *
*                                                                    *
* Agents Running:                                                    *
*   Batch module default engine                                      *
*   JMX Agent                                                        *
*   Wrapper Manager                                                  *
**********************************************************************
2020-05-21 12:18:45,923 [Mule.app.deployer.monitor.1.thread.1] INFO  org.mule.module.launcher.application.DefaultMuleApplication - 
++++++++++++++++++++++++++++++++++++++++++++++++++++++++++++
+ Stopping app 'dbdemo'                                    +
++++++++++++++++++++++++++++++++++++++++++++++++++++++++++++
2020-05-21 12:18:45,929 [Mule.app.deployer.monitor.1.thread.1] INFO  org.mule.construct.FlowConstructLifecycleManager - Stopping flow: dbdemoFlow
2020-05-21 12:18:45,943 [Mule.app.deployer.monitor.1.thread.1] INFO  org.mule.processor.SedaStageLifecycleManager - Stopping service: dbdemoFlow.stage1
2020-05-21 12:18:46,082 [Mule.app.deployer.monitor.1.thread.1] INFO  org.mule.lifecycle.AbstractLifecycleManager - Stopping model: _muleSystemModel
2020-05-21 12:18:46,088 [Mule.app.deployer.monitor.1.thread.1] INFO  org.mule.module.http.internal.listener.DefaultHttpListenerConfig - Stopped listener on http://0.0.0.0:8081/db
2020-05-21 12:18:46,089 [Mule.app.deployer.monitor.1.thread.1] INFO  org.mule.util.queue.QueueXaResourceManager - Stopping ResourceManager
2020-05-21 12:18:46,090 [Mule.app.deployer.monitor.1.thread.1] INFO  org.mule.util.queue.QueueXaResourceManager - Stopped ResourceManager
2020-05-21 12:18:46,094 [Mule.app.deployer.monitor.1.thread.1] INFO  org.mule.module.launcher.application.DefaultMuleApplication - 
++++++++++++++++++++++++++++++++++++++++++++++++++++++++++++
+ Disposing app 'dbdemo'                                   +
++++++++++++++++++++++++++++++++++++++++++++++++++++++++++++
2020-05-21 12:18:46,094 [Mule.app.deployer.monitor.1.thread.1] INFO  org.mule.lifecycle.AbstractLifecycleManager - Disposing RegistryBroker
2020-05-21 12:18:46,096 [Mule.app.deployer.monitor.1.thread.1] INFO  org.mule.construct.FlowConstructLifecycleManager - Disposing flow: dbdemoFlow
2020-05-21 12:18:46,099 [Mule.app.deployer.monitor.1.thread.1] INFO  org.mule.processor.SedaStageLifecycleManager - Disposing service: dbdemoFlow.stage1
2020-05-21 12:18:46,103 [Mule.app.deployer.monitor.1.thread.1] INFO  org.mule.lifecycle.AbstractLifecycleManager - Disposing model: _muleSystemModel
2020-05-21 12:18:46,129 [Mule.app.deployer.monitor.1.thread.1] INFO  org.mule.config.spring.MuleArtifactContext - Closing org.mule.config.spring.MuleArtifactContext@164693f2: startup date [Thu May 21 12:09:37 IST 2020]; root of context hierarchy
2020-05-21 12:18:46,143 [Mule.app.deployer.monitor.1.thread.1] INFO  org.mule.DefaultMuleContext - 
**********************************************************************
* Application "dbdemo" shut down normally on: 21/5/20 12:18 PM       *
* Up for: 0 days, 0 hours, 9 mins, 6.828 sec                         *
**********************************************************************
2020-05-21 12:18:46,539 [Mule.app.deployer.monitor.1.thread.1] INFO  org.mule.module.launcher.application.DefaultMuleApplication - 
++++++++++++++++++++++++++++++++++++++++++++++++++++++++++++
+ Initializing app 'dbdemo'                                +
++++++++++++++++++++++++++++++++++++++++++++++++++++++++++++
2020-05-21 12:18:46,551 [Mule.app.deployer.monitor.1.thread.1] INFO  org.mule.util.JdkVersionUtils - You're executing with a JDK made by a vendor that is not on the recommended list of vendors. Vendor: AdoptOpenJDK Please consider changing to a recommended JDK vendor.
2020-05-21 12:18:46,557 [Mule.app.deployer.monitor.1.thread.1] INFO  org.mule.lifecycle.AbstractLifecycleManager - Initialising RegistryBroker
2020-05-21 12:18:46,576 [Mule.app.deployer.monitor.1.thread.1] INFO  org.mule.module.extension.internal.manager.DefaultExtensionManager - Starting discovery of extensions
2020-05-21 12:18:46,917 [Mule.app.deployer.monitor.1.thread.1] INFO  org.mule.module.extension.internal.manager.DefaultExtensionManager - Discovered 1 extensions
2020-05-21 12:18:46,924 [Mule.app.deployer.monitor.1.thread.1] INFO  org.mule.module.extension.internal.manager.DefaultExtensionManager - Registering extension validation (version 3.9)
2020-05-21 12:18:46,935 [Mule.app.deployer.monitor.1.thread.1] INFO  org.mule.config.spring.MuleArtifactContext - Refreshing org.mule.config.spring.MuleArtifactContext@c54d2b3: startup date [Thu May 21 12:18:46 IST 2020]; root of context hierarchy
2020-05-21 12:18:48,086 [Mule.app.deployer.monitor.1.thread.1] INFO  org.mule.config.spring.processors.NoDevkitInjectorProcessor - JSR-330 'javax.inject.Inject' annotation found and supported for autowiring
2020-05-21 12:18:48,766 [Mule.app.deployer.monitor.1.thread.1] INFO  org.mule.util.journal.TransactionJournal - Using files for tx logs F:\gitrepo\qt-mule\.mule\.\.mule\dbdemo\queue-tx-log\tx1.log and F:\gitrepo\qt-mule\.mule\.\.mule\dbdemo\queue-tx-log\tx2.log
2020-05-21 12:18:48,768 [Mule.app.deployer.monitor.1.thread.1] INFO  org.mule.util.journal.TransactionJournal - Using files for tx logs F:\gitrepo\qt-mule\.mule\.\.mule\dbdemo\queue-xa-tx-log\tx1.log and F:\gitrepo\qt-mule\.mule\.\.mule\dbdemo\queue-xa-tx-log\tx2.log
2020-05-21 12:18:48,790 [Mule.app.deployer.monitor.1.thread.1] INFO  org.mule.lifecycle.AbstractLifecycleManager - Initialising model: _muleSystemModel
2020-05-21 12:18:48,802 [Mule.app.deployer.monitor.1.thread.1] INFO  org.mule.construct.FlowConstructLifecycleManager - Initialising flow: dbdemoFlow
2020-05-21 12:18:48,804 [Mule.app.deployer.monitor.1.thread.1] INFO  org.mule.exception.DefaultMessagingExceptionStrategy - Initialising exception listener: org.mule.exception.DefaultMessagingExceptionStrategy@23c1dd4c
2020-05-21 12:18:48,815 [Mule.app.deployer.monitor.1.thread.1] INFO  org.mule.processor.SedaStageLifecycleManager - Initialising service: dbdemoFlow.stage1
2020-05-21 12:18:48,889 [Mule.app.deployer.monitor.1.thread.1] INFO  org.mule.config.spring.SpringXmlConfigurationBuilder - Configured Mule using "org.mule.config.spring.SpringXmlConfigurationBuilder" with configuration resource(s): "[ConfigResource{resourceName='F:\gitrepo\qt-mule\.mule\apps\dbdemo\dbdemo.xml'}]"
2020-05-21 12:18:48,891 [Mule.app.deployer.monitor.1.thread.1] INFO  org.mule.config.builders.AutoConfigurationBuilder - Configured Mule using "org.mule.config.builders.AutoConfigurationBuilder" with configuration resource(s): "[ConfigResource{resourceName='F:\gitrepo\qt-mule\.mule\apps\dbdemo\dbdemo.xml'}]"
2020-05-21 12:18:48,899 [Mule.app.deployer.monitor.1.thread.1] INFO  org.mule.module.launcher.application.DefaultMuleApplication - 
++++++++++++++++++++++++++++++++++++++++++++++++++++++++++++
+ Starting app 'dbdemo'                                    +
++++++++++++++++++++++++++++++++++++++++++++++++++++++++++++
2020-05-21 12:18:48,910 [Mule.app.deployer.monitor.1.thread.1] INFO  org.mule.util.queue.QueueXaResourceManager - Starting ResourceManager
2020-05-21 12:18:48,911 [Mule.app.deployer.monitor.1.thread.1] INFO  org.mule.util.queue.QueueXaResourceManager - Started ResourceManager
2020-05-21 12:18:48,941 [Mule.app.deployer.monitor.1.thread.1] INFO  org.mule.module.http.internal.listener.DefaultHttpListenerConfig - Listening for requests on http://0.0.0.0:8081/db
2020-05-21 12:18:48,960 [Mule.app.deployer.monitor.1.thread.1] INFO  org.mule.lifecycle.AbstractLifecycleManager - Starting model: _muleSystemModel
2020-05-21 12:18:48,962 [Mule.app.deployer.monitor.1.thread.1] INFO  org.mule.construct.FlowConstructLifecycleManager - Starting flow: dbdemoFlow
2020-05-21 12:18:48,965 [Mule.app.deployer.monitor.1.thread.1] INFO  org.mule.processor.SedaStageLifecycleManager - Starting service: dbdemoFlow.stage1
2020-05-21 12:18:49,014 [Mule.app.deployer.monitor.1.thread.1] INFO  org.mule.module.management.agent.WrapperManagerAgent - This JVM hasn't been launched by the wrapper, the agent will not run.
2020-05-21 12:18:49,051 [Mule.app.deployer.monitor.1.thread.1] INFO  org.mule.DefaultMuleContext - 
**********************************************************************
* Application: dbdemo                                                *
* OS encoding: \, Mule encoding: UTF-8                               *
*                                                                    *
* Agents Running:                                                    *
*   Batch module default engine                                      *
*   JMX Agent                                                        *
*   Wrapper Manager                                                  *
**********************************************************************
2020-05-21 12:18:56,375 [[dbdemo].HTTP_Listener_Configuration.worker.01] INFO  com.mulesoft.weave.mule.utils.MuleWeaveFactory$ - MimeType was not resolved '*/*' delegating to Java.
2020-05-21 12:19:54,095 [Mule.app.deployer.monitor.1.thread.1] INFO  org.mule.module.launcher.application.DefaultMuleApplication - 
++++++++++++++++++++++++++++++++++++++++++++++++++++++++++++
+ Stopping app 'dbdemo'                                    +
++++++++++++++++++++++++++++++++++++++++++++++++++++++++++++
2020-05-21 12:19:54,100 [Mule.app.deployer.monitor.1.thread.1] INFO  org.mule.construct.FlowConstructLifecycleManager - Stopping flow: dbdemoFlow
2020-05-21 12:19:54,101 [Mule.app.deployer.monitor.1.thread.1] INFO  org.mule.processor.SedaStageLifecycleManager - Stopping service: dbdemoFlow.stage1
2020-05-21 12:19:54,249 [Mule.app.deployer.monitor.1.thread.1] INFO  org.mule.lifecycle.AbstractLifecycleManager - Stopping model: _muleSystemModel
2020-05-21 12:19:54,257 [Mule.app.deployer.monitor.1.thread.1] INFO  org.mule.module.http.internal.listener.DefaultHttpListenerConfig - Stopped listener on http://0.0.0.0:8081/db
2020-05-21 12:19:54,258 [Mule.app.deployer.monitor.1.thread.1] INFO  org.mule.util.queue.QueueXaResourceManager - Stopping ResourceManager
2020-05-21 12:19:54,258 [Mule.app.deployer.monitor.1.thread.1] INFO  org.mule.util.queue.QueueXaResourceManager - Stopped ResourceManager
2020-05-21 12:19:54,263 [Mule.app.deployer.monitor.1.thread.1] INFO  org.mule.module.launcher.application.DefaultMuleApplication - 
++++++++++++++++++++++++++++++++++++++++++++++++++++++++++++
+ Disposing app 'dbdemo'                                   +
++++++++++++++++++++++++++++++++++++++++++++++++++++++++++++
2020-05-21 12:19:54,263 [Mule.app.deployer.monitor.1.thread.1] INFO  org.mule.lifecycle.AbstractLifecycleManager - Disposing RegistryBroker
2020-05-21 12:19:54,263 [Mule.app.deployer.monitor.1.thread.1] INFO  org.mule.construct.FlowConstructLifecycleManager - Disposing flow: dbdemoFlow
2020-05-21 12:19:54,263 [Mule.app.deployer.monitor.1.thread.1] INFO  org.mule.processor.SedaStageLifecycleManager - Disposing service: dbdemoFlow.stage1
2020-05-21 12:19:54,264 [Mule.app.deployer.monitor.1.thread.1] INFO  org.mule.lifecycle.AbstractLifecycleManager - Disposing model: _muleSystemModel
2020-05-21 12:19:54,384 [Mule.app.deployer.monitor.1.thread.1] INFO  org.mule.config.spring.MuleArtifactContext - Closing org.mule.config.spring.MuleArtifactContext@c54d2b3: startup date [Thu May 21 12:18:46 IST 2020]; root of context hierarchy
2020-05-21 12:19:54,388 [Mule.app.deployer.monitor.1.thread.1] INFO  org.mule.DefaultMuleContext - 
**********************************************************************
* Application "dbdemo" shut down normally on: 21/5/20 12:19 PM       *
* Up for: 0 days, 0 hours, 1 mins, 5.488 sec                         *
**********************************************************************
2020-05-21 12:19:54,603 [Mule.app.deployer.monitor.1.thread.1] INFO  org.mule.module.launcher.application.DefaultMuleApplication - 
++++++++++++++++++++++++++++++++++++++++++++++++++++++++++++
+ Initializing app 'dbdemo'                                +
++++++++++++++++++++++++++++++++++++++++++++++++++++++++++++
2020-05-21 12:19:54,622 [Mule.app.deployer.monitor.1.thread.1] INFO  org.mule.util.JdkVersionUtils - You're executing with a JDK made by a vendor that is not on the recommended list of vendors. Vendor: AdoptOpenJDK Please consider changing to a recommended JDK vendor.
2020-05-21 12:19:54,630 [Mule.app.deployer.monitor.1.thread.1] INFO  org.mule.lifecycle.AbstractLifecycleManager - Initialising RegistryBroker
2020-05-21 12:19:54,642 [Mule.app.deployer.monitor.1.thread.1] INFO  org.mule.module.extension.internal.manager.DefaultExtensionManager - Starting discovery of extensions
2020-05-21 12:19:54,694 [Mule.app.deployer.monitor.1.thread.1] INFO  org.mule.module.extension.internal.manager.DefaultExtensionManager - Discovered 1 extensions
2020-05-21 12:19:54,695 [Mule.app.deployer.monitor.1.thread.1] INFO  org.mule.module.extension.internal.manager.DefaultExtensionManager - Registering extension validation (version 3.9)
2020-05-21 12:19:54,699 [Mule.app.deployer.monitor.1.thread.1] INFO  org.mule.config.spring.MuleArtifactContext - Refreshing org.mule.config.spring.MuleArtifactContext@5af94fec: startup date [Thu May 21 12:19:54 IST 2020]; root of context hierarchy
2020-05-21 12:19:55,248 [Mule.app.deployer.monitor.1.thread.1] INFO  org.mule.config.spring.processors.NoDevkitInjectorProcessor - JSR-330 'javax.inject.Inject' annotation found and supported for autowiring
2020-05-21 12:19:55,563 [Mule.app.deployer.monitor.1.thread.1] INFO  org.mule.util.journal.TransactionJournal - Using files for tx logs F:\gitrepo\qt-mule\.mule\.\.mule\dbdemo\queue-tx-log\tx1.log and F:\gitrepo\qt-mule\.mule\.\.mule\dbdemo\queue-tx-log\tx2.log
2020-05-21 12:19:55,567 [Mule.app.deployer.monitor.1.thread.1] INFO  org.mule.util.journal.TransactionJournal - Using files for tx logs F:\gitrepo\qt-mule\.mule\.\.mule\dbdemo\queue-xa-tx-log\tx1.log and F:\gitrepo\qt-mule\.mule\.\.mule\dbdemo\queue-xa-tx-log\tx2.log
2020-05-21 12:19:55,595 [Mule.app.deployer.monitor.1.thread.1] INFO  org.mule.lifecycle.AbstractLifecycleManager - Initialising model: _muleSystemModel
2020-05-21 12:19:55,599 [Mule.app.deployer.monitor.1.thread.1] INFO  org.mule.construct.FlowConstructLifecycleManager - Initialising flow: dbdemoFlow
2020-05-21 12:19:55,599 [Mule.app.deployer.monitor.1.thread.1] INFO  org.mule.exception.DefaultMessagingExceptionStrategy - Initialising exception listener: org.mule.exception.DefaultMessagingExceptionStrategy@5dcb25cf
2020-05-21 12:19:55,650 [Mule.app.deployer.monitor.1.thread.1] INFO  org.mule.processor.SedaStageLifecycleManager - Initialising service: dbdemoFlow.stage1
2020-05-21 12:19:55,706 [Mule.app.deployer.monitor.1.thread.1] INFO  org.mule.config.spring.SpringXmlConfigurationBuilder - Configured Mule using "org.mule.config.spring.SpringXmlConfigurationBuilder" with configuration resource(s): "[ConfigResource{resourceName='F:\gitrepo\qt-mule\.mule\apps\dbdemo\dbdemo.xml'}]"
2020-05-21 12:19:55,728 [Mule.app.deployer.monitor.1.thread.1] INFO  org.mule.config.builders.AutoConfigurationBuilder - Configured Mule using "org.mule.config.builders.AutoConfigurationBuilder" with configuration resource(s): "[ConfigResource{resourceName='F:\gitrepo\qt-mule\.mule\apps\dbdemo\dbdemo.xml'}]"
2020-05-21 12:19:55,732 [Mule.app.deployer.monitor.1.thread.1] INFO  org.mule.module.launcher.application.DefaultMuleApplication - 
++++++++++++++++++++++++++++++++++++++++++++++++++++++++++++
+ Starting app 'dbdemo'                                    +
++++++++++++++++++++++++++++++++++++++++++++++++++++++++++++
2020-05-21 12:19:55,736 [Mule.app.deployer.monitor.1.thread.1] INFO  org.mule.util.queue.QueueXaResourceManager - Starting ResourceManager
2020-05-21 12:19:55,736 [Mule.app.deployer.monitor.1.thread.1] INFO  org.mule.util.queue.QueueXaResourceManager - Started ResourceManager
2020-05-21 12:19:55,754 [Mule.app.deployer.monitor.1.thread.1] INFO  org.mule.module.http.internal.listener.DefaultHttpListenerConfig - Listening for requests on http://0.0.0.0:8081/db
2020-05-21 12:19:55,761 [Mule.app.deployer.monitor.1.thread.1] INFO  org.mule.lifecycle.AbstractLifecycleManager - Starting model: _muleSystemModel
2020-05-21 12:19:55,764 [Mule.app.deployer.monitor.1.thread.1] INFO  org.mule.construct.FlowConstructLifecycleManager - Starting flow: dbdemoFlow
2020-05-21 12:19:55,764 [Mule.app.deployer.monitor.1.thread.1] INFO  org.mule.processor.SedaStageLifecycleManager - Starting service: dbdemoFlow.stage1
2020-05-21 12:19:55,786 [Mule.app.deployer.monitor.1.thread.1] INFO  org.mule.module.management.agent.WrapperManagerAgent - This JVM hasn't been launched by the wrapper, the agent will not run.
2020-05-21 12:19:55,818 [Mule.app.deployer.monitor.1.thread.1] INFO  org.mule.DefaultMuleContext - 
**********************************************************************
* Application: dbdemo                                                *
* OS encoding: \, Mule encoding: UTF-8                               *
*                                                                    *
* Agents Running:                                                    *
*   Batch module default engine                                      *
*   JMX Agent                                                        *
*   Wrapper Manager                                                  *
**********************************************************************
2020-05-21 12:23:35,936 [Mule.app.deployer.monitor.1.thread.1] INFO  org.mule.module.launcher.application.DefaultMuleApplication - 
++++++++++++++++++++++++++++++++++++++++++++++++++++++++++++
+ Stopping app 'dbdemo'                                    +
++++++++++++++++++++++++++++++++++++++++++++++++++++++++++++
2020-05-21 12:23:35,940 [Mule.app.deployer.monitor.1.thread.1] INFO  org.mule.construct.FlowConstructLifecycleManager - Stopping flow: dbdemoFlow
2020-05-21 12:23:35,940 [Mule.app.deployer.monitor.1.thread.1] INFO  org.mule.processor.SedaStageLifecycleManager - Stopping service: dbdemoFlow.stage1
2020-05-21 12:23:35,982 [Mule.app.deployer.monitor.1.thread.1] INFO  org.mule.lifecycle.AbstractLifecycleManager - Stopping model: _muleSystemModel
2020-05-21 12:23:35,990 [Mule.app.deployer.monitor.1.thread.1] INFO  org.mule.module.http.internal.listener.DefaultHttpListenerConfig - Stopped listener on http://0.0.0.0:8081/db
2020-05-21 12:23:35,994 [Mule.app.deployer.monitor.1.thread.1] INFO  org.mule.util.queue.QueueXaResourceManager - Stopping ResourceManager
2020-05-21 12:23:35,997 [Mule.app.deployer.monitor.1.thread.1] INFO  org.mule.util.queue.QueueXaResourceManager - Stopped ResourceManager
2020-05-21 12:23:36,008 [Mule.app.deployer.monitor.1.thread.1] INFO  org.mule.module.launcher.application.DefaultMuleApplication - 
++++++++++++++++++++++++++++++++++++++++++++++++++++++++++++
+ Disposing app 'dbdemo'                                   +
++++++++++++++++++++++++++++++++++++++++++++++++++++++++++++
2020-05-21 12:23:36,008 [Mule.app.deployer.monitor.1.thread.1] INFO  org.mule.lifecycle.AbstractLifecycleManager - Disposing RegistryBroker
2020-05-21 12:23:36,011 [Mule.app.deployer.monitor.1.thread.1] INFO  org.mule.construct.FlowConstructLifecycleManager - Disposing flow: dbdemoFlow
2020-05-21 12:23:36,012 [Mule.app.deployer.monitor.1.thread.1] INFO  org.mule.processor.SedaStageLifecycleManager - Disposing service: dbdemoFlow.stage1
2020-05-21 12:23:36,017 [Mule.app.deployer.monitor.1.thread.1] INFO  org.mule.lifecycle.AbstractLifecycleManager - Disposing model: _muleSystemModel
2020-05-21 12:23:36,039 [Mule.app.deployer.monitor.1.thread.1] INFO  org.mule.config.spring.MuleArtifactContext - Closing org.mule.config.spring.MuleArtifactContext@5af94fec: startup date [Thu May 21 12:19:54 IST 2020]; root of context hierarchy
2020-05-21 12:23:36,042 [Mule.app.deployer.monitor.1.thread.1] INFO  org.mule.DefaultMuleContext - 
**********************************************************************
* Application "dbdemo" shut down normally on: 21/5/20 12:23 PM       *
* Up for: 0 days, 0 hours, 3 mins, 40.309 sec                        *
**********************************************************************
2020-05-21 12:23:36,120 [Mule.app.deployer.monitor.1.thread.1] INFO  org.mule.module.launcher.application.DefaultMuleApplication - 
++++++++++++++++++++++++++++++++++++++++++++++++++++++++++++
+ Initializing app 'dbdemo'                                +
++++++++++++++++++++++++++++++++++++++++++++++++++++++++++++
2020-05-21 12:23:36,126 [Mule.app.deployer.monitor.1.thread.1] INFO  org.mule.util.JdkVersionUtils - You're executing with a JDK made by a vendor that is not on the recommended list of vendors. Vendor: AdoptOpenJDK Please consider changing to a recommended JDK vendor.
2020-05-21 12:23:36,129 [Mule.app.deployer.monitor.1.thread.1] INFO  org.mule.lifecycle.AbstractLifecycleManager - Initialising RegistryBroker
2020-05-21 12:23:36,136 [Mule.app.deployer.monitor.1.thread.1] INFO  org.mule.module.extension.internal.manager.DefaultExtensionManager - Starting discovery of extensions
2020-05-21 12:23:36,154 [Mule.app.deployer.monitor.1.thread.1] INFO  org.mule.module.extension.internal.manager.DefaultExtensionManager - Discovered 1 extensions
2020-05-21 12:23:36,161 [Mule.app.deployer.monitor.1.thread.1] INFO  org.mule.module.extension.internal.manager.DefaultExtensionManager - Registering extension validation (version 3.9)
2020-05-21 12:23:36,165 [Mule.app.deployer.monitor.1.thread.1] INFO  org.mule.config.spring.MuleArtifactContext - Refreshing org.mule.config.spring.MuleArtifactContext@7a11b0fa: startup date [Thu May 21 12:23:36 IST 2020]; root of context hierarchy
2020-05-21 12:23:36,958 [Mule.app.deployer.monitor.1.thread.1] INFO  org.mule.config.spring.processors.NoDevkitInjectorProcessor - JSR-330 'javax.inject.Inject' annotation found and supported for autowiring
2020-05-21 12:23:37,747 [Mule.app.deployer.monitor.1.thread.1] INFO  org.mule.util.journal.TransactionJournal - Using files for tx logs F:\gitrepo\qt-mule\.mule\.\.mule\dbdemo\queue-tx-log\tx1.log and F:\gitrepo\qt-mule\.mule\.\.mule\dbdemo\queue-tx-log\tx2.log
2020-05-21 12:23:37,748 [Mule.app.deployer.monitor.1.thread.1] INFO  org.mule.util.journal.TransactionJournal - Using files for tx logs F:\gitrepo\qt-mule\.mule\.\.mule\dbdemo\queue-xa-tx-log\tx1.log and F:\gitrepo\qt-mule\.mule\.\.mule\dbdemo\queue-xa-tx-log\tx2.log
2020-05-21 12:23:37,756 [Mule.app.deployer.monitor.1.thread.1] INFO  org.mule.lifecycle.AbstractLifecycleManager - Initialising model: _muleSystemModel
2020-05-21 12:23:37,757 [Mule.app.deployer.monitor.1.thread.1] INFO  org.mule.construct.FlowConstructLifecycleManager - Initialising flow: dbdemoFlow
2020-05-21 12:23:37,758 [Mule.app.deployer.monitor.1.thread.1] INFO  org.mule.exception.DefaultMessagingExceptionStrategy - Initialising exception listener: org.mule.exception.DefaultMessagingExceptionStrategy@5e1d99d0
2020-05-21 12:23:37,764 [Mule.app.deployer.monitor.1.thread.1] INFO  org.mule.processor.SedaStageLifecycleManager - Initialising service: dbdemoFlow.stage1
2020-05-21 12:23:37,786 [Mule.app.deployer.monitor.1.thread.1] INFO  org.mule.config.spring.SpringXmlConfigurationBuilder - Configured Mule using "org.mule.config.spring.SpringXmlConfigurationBuilder" with configuration resource(s): "[ConfigResource{resourceName='F:\gitrepo\qt-mule\.mule\apps\dbdemo\dbdemo.xml'}]"
2020-05-21 12:23:37,786 [Mule.app.deployer.monitor.1.thread.1] INFO  org.mule.config.builders.AutoConfigurationBuilder - Configured Mule using "org.mule.config.builders.AutoConfigurationBuilder" with configuration resource(s): "[ConfigResource{resourceName='F:\gitrepo\qt-mule\.mule\apps\dbdemo\dbdemo.xml'}]"
2020-05-21 12:23:37,787 [Mule.app.deployer.monitor.1.thread.1] INFO  org.mule.module.launcher.application.DefaultMuleApplication - 
++++++++++++++++++++++++++++++++++++++++++++++++++++++++++++
+ Starting app 'dbdemo'                                    +
++++++++++++++++++++++++++++++++++++++++++++++++++++++++++++
2020-05-21 12:23:37,790 [Mule.app.deployer.monitor.1.thread.1] INFO  org.mule.util.queue.QueueXaResourceManager - Starting ResourceManager
2020-05-21 12:23:37,790 [Mule.app.deployer.monitor.1.thread.1] INFO  org.mule.util.queue.QueueXaResourceManager - Started ResourceManager
2020-05-21 12:23:37,800 [Mule.app.deployer.monitor.1.thread.1] INFO  org.mule.module.http.internal.listener.DefaultHttpListenerConfig - Listening for requests on http://0.0.0.0:8081/db
2020-05-21 12:23:37,806 [Mule.app.deployer.monitor.1.thread.1] INFO  org.mule.lifecycle.AbstractLifecycleManager - Starting model: _muleSystemModel
2020-05-21 12:23:37,808 [Mule.app.deployer.monitor.1.thread.1] INFO  org.mule.construct.FlowConstructLifecycleManager - Starting flow: dbdemoFlow
2020-05-21 12:23:37,808 [Mule.app.deployer.monitor.1.thread.1] INFO  org.mule.processor.SedaStageLifecycleManager - Starting service: dbdemoFlow.stage1
2020-05-21 12:23:37,822 [Mule.app.deployer.monitor.1.thread.1] INFO  org.mule.module.management.agent.WrapperManagerAgent - This JVM hasn't been launched by the wrapper, the agent will not run.
2020-05-21 12:23:37,828 [Mule.app.deployer.monitor.1.thread.1] INFO  org.mule.DefaultMuleContext - 
**********************************************************************
* Application: dbdemo                                                *
* OS encoding: \, Mule encoding: UTF-8                               *
*                                                                    *
* Agents Running:                                                    *
*   Batch module default engine                                      *
*   JMX Agent                                                        *
*   Wrapper Manager                                                  *
**********************************************************************
2020-05-22 11:01:05,439 [main] INFO  org.mule.module.launcher.application.DefaultMuleApplication - 
++++++++++++++++++++++++++++++++++++++++++++++++++++++++++++
+ Initializing app 'dbdemo'                                +
++++++++++++++++++++++++++++++++++++++++++++++++++++++++++++
2020-05-22 11:01:05,971 [main] INFO  org.mule.util.JdkVersionUtils - You're executing with a JDK made by a vendor that is not on the recommended list of vendors. Vendor: AdoptOpenJDK Please consider changing to a recommended JDK vendor.
2020-05-22 11:01:05,989 [main] INFO  org.mule.lifecycle.AbstractLifecycleManager - Initialising RegistryBroker
2020-05-22 11:01:06,314 [main] INFO  org.mule.module.extension.internal.manager.DefaultExtensionManager - Starting discovery of extensions
2020-05-22 11:01:06,910 [main] INFO  org.mule.module.extension.internal.manager.DefaultExtensionManager - Discovered 1 extensions
2020-05-22 11:01:06,910 [main] INFO  org.mule.module.extension.internal.manager.DefaultExtensionManager - Registering extension validation (version 3.9)
2020-05-22 11:01:07,070 [main] INFO  org.mule.config.spring.MuleArtifactContext - Refreshing org.mule.config.spring.MuleArtifactContext@6ea1bcdc: startup date [Fri May 22 11:01:07 IST 2020]; root of context hierarchy
2020-05-22 11:01:10,751 [main] INFO  org.mule.config.spring.processors.NoDevkitInjectorProcessor - JSR-330 'javax.inject.Inject' annotation found and supported for autowiring
2020-05-22 11:01:13,242 [main] WARN  org.mule.module.ognl.expression.OgnlExpressionEvaluator - OGNL module is deprecated and will be removed in Mule 4.0. Use MEL expressions instead.
2020-05-22 11:01:14,296 [main] INFO  org.mule.util.journal.TransactionJournal - Using files for tx logs F:\gitrepo\qt-mule\.mule\.\.mule\dbdemo\queue-tx-log\tx1.log and F:\gitrepo\qt-mule\.mule\.\.mule\dbdemo\queue-tx-log\tx2.log
2020-05-22 11:01:14,320 [main] INFO  org.mule.util.journal.TransactionJournal - Using files for tx logs F:\gitrepo\qt-mule\.mule\.\.mule\dbdemo\queue-xa-tx-log\tx1.log and F:\gitrepo\qt-mule\.mule\.\.mule\dbdemo\queue-xa-tx-log\tx2.log
2020-05-22 11:01:14,485 [main] INFO  org.mule.lifecycle.AbstractLifecycleManager - Initialising model: _muleSystemModel
2020-05-22 11:01:14,492 [main] INFO  org.mule.construct.FlowConstructLifecycleManager - Initialising flow: dbdemoFlow
2020-05-22 11:01:14,492 [main] INFO  org.mule.exception.DefaultMessagingExceptionStrategy - Initialising exception listener: org.mule.exception.DefaultMessagingExceptionStrategy@7645f03e
2020-05-22 11:01:14,579 [main] INFO  org.mule.processor.SedaStageLifecycleManager - Initialising service: dbdemoFlow.stage1
2020-05-22 11:01:14,598 [main] INFO  org.mule.construct.FlowConstructLifecycleManager - Initialising flow: empsaveFlow
2020-05-22 11:01:14,598 [main] INFO  org.mule.exception.DefaultMessagingExceptionStrategy - Initialising exception listener: org.mule.exception.DefaultMessagingExceptionStrategy@67cffead
2020-05-22 11:01:14,609 [main] INFO  org.mule.processor.SedaStageLifecycleManager - Initialising service: empsaveFlow.stage1
2020-05-22 11:01:15,176 [main] INFO  org.mule.config.spring.SpringXmlConfigurationBuilder - Configured Mule using "org.mule.config.spring.SpringXmlConfigurationBuilder" with configuration resource(s): "[ConfigResource{resourceName='F:\gitrepo\qt-mule\.mule\apps\dbdemo\dbdemo.xml'}, ConfigResource{resourceName='F:\gitrepo\qt-mule\.mule\apps\dbdemo\empsave.xml'}]"
2020-05-22 11:01:15,176 [main] INFO  org.mule.config.builders.AutoConfigurationBuilder - Configured Mule using "org.mule.config.builders.AutoConfigurationBuilder" with configuration resource(s): "[ConfigResource{resourceName='F:\gitrepo\qt-mule\.mule\apps\dbdemo\dbdemo.xml'}, ConfigResource{resourceName='F:\gitrepo\qt-mule\.mule\apps\dbdemo\empsave.xml'}]"
2020-05-22 11:01:15,189 [main] INFO  com.mulesoft.module.policies.lifecyle.GateKeeper - GateKeeper Mode: DISABLED
2020-05-22 11:01:15,190 [main] INFO  org.mule.module.launcher.application.DefaultMuleApplication - 
++++++++++++++++++++++++++++++++++++++++++++++++++++++++++++
+ Starting app 'dbdemo'                                    +
++++++++++++++++++++++++++++++++++++++++++++++++++++++++++++
2020-05-22 11:01:15,210 [main] INFO  org.mule.util.queue.QueueXaResourceManager - Starting ResourceManager
2020-05-22 11:01:15,211 [main] INFO  org.mule.util.queue.QueueXaResourceManager - Started ResourceManager
2020-05-22 11:01:15,290 [main] INFO  org.mule.module.http.internal.listener.DefaultHttpListenerConfig - Listening for requests on http://0.0.0.0:8081/db
2020-05-22 11:01:15,296 [main] INFO  org.mule.lifecycle.AbstractLifecycleManager - Starting model: _muleSystemModel
2020-05-22 11:01:15,299 [main] INFO  org.mule.construct.FlowConstructLifecycleManager - Starting flow: dbdemoFlow
2020-05-22 11:01:15,300 [main] INFO  org.mule.processor.SedaStageLifecycleManager - Starting service: dbdemoFlow.stage1
2020-05-22 11:01:15,307 [main] INFO  org.mule.construct.FlowConstructLifecycleManager - Starting flow: empsaveFlow
2020-05-22 11:01:15,308 [main] INFO  org.mule.processor.SedaStageLifecycleManager - Starting service: empsaveFlow.stage1
2020-05-22 11:01:15,377 [main] INFO  org.mule.module.management.agent.WrapperManagerAgent - This JVM hasn't been launched by the wrapper, the agent will not run.
2020-05-22 11:01:24,500 [main] INFO  org.mule.DefaultMuleContext - 
**********************************************************************
* Application: dbdemo                                                *
* OS encoding: \, Mule encoding: UTF-8                               *
*                                                                    *
* Agents Running:                                                    *
*   Batch module default engine                                      *
*   JMX Agent                                                        *
*   Wrapper Manager                                                  *
**********************************************************************
2020-05-22 11:01:53,479 [[dbdemo].HTTP_Listener_Configuration.worker.01] INFO  com.mulesoft.weave.mule.utils.MuleWeaveFactory$ - MimeType was not resolved '*/*' delegating to Java.
2020-05-22 11:03:26,497 [[dbdemo].HTTP_Listener_Configuration.worker.01] INFO  org.mule.module.http.internal.listener.HttpListenerRegistry - No listener found for request: (POST)/db/ceate
2020-05-22 11:03:26,497 [[dbdemo].HTTP_Listener_Configuration.worker.01] INFO  org.mule.module.http.internal.listener.HttpListenerRegistry - Available listeners are: [([get])/db/emplist/, ([post])/db/create/]
2020-05-22 11:04:55,742 [[dbdemo].HTTP_Listener_Configuration.worker.01] INFO  com.mulesoft.weave.mule.utils.MuleWeaveFactory$ - MimeType was not resolved '*/*' delegating to Java.
2020-05-22 11:07:10,147 [Mule.app.deployer.monitor.1.thread.1] INFO  org.mule.module.launcher.application.DefaultMuleApplication - 
++++++++++++++++++++++++++++++++++++++++++++++++++++++++++++
+ Stopping app 'dbdemo'                                    +
++++++++++++++++++++++++++++++++++++++++++++++++++++++++++++
2020-05-22 11:07:10,150 [Mule.app.deployer.monitor.1.thread.1] INFO  org.mule.construct.FlowConstructLifecycleManager - Stopping flow: dbdemoFlow
2020-05-22 11:07:10,151 [Mule.app.deployer.monitor.1.thread.1] INFO  org.mule.processor.SedaStageLifecycleManager - Stopping service: dbdemoFlow.stage1
2020-05-22 11:07:10,291 [Mule.app.deployer.monitor.1.thread.1] INFO  org.mule.construct.FlowConstructLifecycleManager - Stopping flow: empsaveFlow
2020-05-22 11:07:10,291 [Mule.app.deployer.monitor.1.thread.1] INFO  org.mule.processor.SedaStageLifecycleManager - Stopping service: empsaveFlow.stage1
2020-05-22 11:07:10,492 [Mule.app.deployer.monitor.1.thread.1] INFO  org.mule.lifecycle.AbstractLifecycleManager - Stopping model: _muleSystemModel
2020-05-22 11:07:10,500 [Mule.app.deployer.monitor.1.thread.1] INFO  org.mule.module.http.internal.listener.DefaultHttpListenerConfig - Stopped listener on http://0.0.0.0:8081/db
2020-05-22 11:07:10,502 [Mule.app.deployer.monitor.1.thread.1] INFO  org.mule.util.queue.QueueXaResourceManager - Stopping ResourceManager
2020-05-22 11:07:10,502 [Mule.app.deployer.monitor.1.thread.1] INFO  org.mule.util.queue.QueueXaResourceManager - Stopped ResourceManager
2020-05-22 11:07:10,510 [Mule.app.deployer.monitor.1.thread.1] INFO  org.mule.module.launcher.application.DefaultMuleApplication - 
++++++++++++++++++++++++++++++++++++++++++++++++++++++++++++
+ Disposing app 'dbdemo'                                   +
++++++++++++++++++++++++++++++++++++++++++++++++++++++++++++
2020-05-22 11:07:10,512 [Mule.app.deployer.monitor.1.thread.1] INFO  org.mule.lifecycle.AbstractLifecycleManager - Disposing RegistryBroker
2020-05-22 11:07:10,515 [Mule.app.deployer.monitor.1.thread.1] INFO  org.mule.construct.FlowConstructLifecycleManager - Disposing flow: dbdemoFlow
2020-05-22 11:07:10,516 [Mule.app.deployer.monitor.1.thread.1] INFO  org.mule.processor.SedaStageLifecycleManager - Disposing service: dbdemoFlow.stage1
2020-05-22 11:07:10,518 [Mule.app.deployer.monitor.1.thread.1] INFO  org.mule.construct.FlowConstructLifecycleManager - Disposing flow: empsaveFlow
2020-05-22 11:07:10,518 [Mule.app.deployer.monitor.1.thread.1] INFO  org.mule.processor.SedaStageLifecycleManager - Disposing service: empsaveFlow.stage1
2020-05-22 11:07:10,521 [Mule.app.deployer.monitor.1.thread.1] INFO  org.mule.lifecycle.AbstractLifecycleManager - Disposing model: _muleSystemModel
2020-05-22 11:07:10,731 [Mule.app.deployer.monitor.1.thread.1] INFO  org.mule.config.spring.MuleArtifactContext - Closing org.mule.config.spring.MuleArtifactContext@6ea1bcdc: startup date [Fri May 22 11:01:07 IST 2020]; root of context hierarchy
2020-05-22 11:07:10,764 [Mule.app.deployer.monitor.1.thread.1] INFO  org.mule.DefaultMuleContext - 
**********************************************************************
* Application "dbdemo" shut down normally on: 22/5/20 11:07 AM       *
* Up for: 0 days, 0 hours, 5 mins, 55.569 sec                        *
**********************************************************************
2020-05-22 11:07:11,148 [Mule.app.deployer.monitor.1.thread.1] INFO  org.mule.module.launcher.application.DefaultMuleApplication - 
++++++++++++++++++++++++++++++++++++++++++++++++++++++++++++
+ Initializing app 'dbdemo'                                +
++++++++++++++++++++++++++++++++++++++++++++++++++++++++++++
2020-05-22 11:07:11,165 [Mule.app.deployer.monitor.1.thread.1] INFO  org.mule.util.JdkVersionUtils - You're executing with a JDK made by a vendor that is not on the recommended list of vendors. Vendor: AdoptOpenJDK Please consider changing to a recommended JDK vendor.
2020-05-22 11:07:11,169 [Mule.app.deployer.monitor.1.thread.1] INFO  org.mule.lifecycle.AbstractLifecycleManager - Initialising RegistryBroker
2020-05-22 11:07:11,175 [Mule.app.deployer.monitor.1.thread.1] INFO  org.mule.module.extension.internal.manager.DefaultExtensionManager - Starting discovery of extensions
2020-05-22 11:07:11,202 [Mule.app.deployer.monitor.1.thread.1] INFO  org.mule.module.extension.internal.manager.DefaultExtensionManager - Discovered 1 extensions
2020-05-22 11:07:11,202 [Mule.app.deployer.monitor.1.thread.1] INFO  org.mule.module.extension.internal.manager.DefaultExtensionManager - Registering extension validation (version 3.9)
2020-05-22 11:07:11,218 [Mule.app.deployer.monitor.1.thread.1] INFO  org.mule.config.spring.MuleArtifactContext - Refreshing org.mule.config.spring.MuleArtifactContext@3aa51e93: startup date [Fri May 22 11:07:11 IST 2020]; root of context hierarchy
2020-05-22 11:07:12,594 [Mule.app.deployer.monitor.1.thread.1] INFO  org.mule.config.spring.processors.NoDevkitInjectorProcessor - JSR-330 'javax.inject.Inject' annotation found and supported for autowiring
2020-05-22 11:07:12,975 [Mule.app.deployer.monitor.1.thread.1] INFO  org.mule.util.journal.TransactionJournal - Using files for tx logs F:\gitrepo\qt-mule\.mule\.\.mule\dbdemo\queue-tx-log\tx1.log and F:\gitrepo\qt-mule\.mule\.\.mule\dbdemo\queue-tx-log\tx2.log
2020-05-22 11:07:12,976 [Mule.app.deployer.monitor.1.thread.1] INFO  org.mule.util.journal.TransactionJournal - Using files for tx logs F:\gitrepo\qt-mule\.mule\.\.mule\dbdemo\queue-xa-tx-log\tx1.log and F:\gitrepo\qt-mule\.mule\.\.mule\dbdemo\queue-xa-tx-log\tx2.log
2020-05-22 11:07:13,000 [Mule.app.deployer.monitor.1.thread.1] INFO  org.mule.lifecycle.AbstractLifecycleManager - Initialising model: _muleSystemModel
2020-05-22 11:07:13,004 [Mule.app.deployer.monitor.1.thread.1] INFO  org.mule.construct.FlowConstructLifecycleManager - Initialising flow: dbdemoFlow
2020-05-22 11:07:13,005 [Mule.app.deployer.monitor.1.thread.1] INFO  org.mule.exception.DefaultMessagingExceptionStrategy - Initialising exception listener: org.mule.exception.DefaultMessagingExceptionStrategy@649c08b9
2020-05-22 11:07:13,017 [Mule.app.deployer.monitor.1.thread.1] INFO  org.mule.processor.SedaStageLifecycleManager - Initialising service: dbdemoFlow.stage1
2020-05-22 11:07:13,017 [Mule.app.deployer.monitor.1.thread.1] INFO  org.mule.construct.FlowConstructLifecycleManager - Initialising flow: empsaveFlow
2020-05-22 11:07:13,017 [Mule.app.deployer.monitor.1.thread.1] INFO  org.mule.exception.DefaultMessagingExceptionStrategy - Initialising exception listener: org.mule.exception.DefaultMessagingExceptionStrategy@270e500
2020-05-22 11:07:13,024 [Mule.app.deployer.monitor.1.thread.1] INFO  org.mule.processor.SedaStageLifecycleManager - Initialising service: empsaveFlow.stage1
2020-05-22 11:07:13,061 [Mule.app.deployer.monitor.1.thread.1] INFO  org.mule.config.spring.SpringXmlConfigurationBuilder - Configured Mule using "org.mule.config.spring.SpringXmlConfigurationBuilder" with configuration resource(s): "[ConfigResource{resourceName='F:\gitrepo\qt-mule\.mule\apps\dbdemo\dbdemo.xml'}, ConfigResource{resourceName='F:\gitrepo\qt-mule\.mule\apps\dbdemo\empsave.xml'}]"
2020-05-22 11:07:13,061 [Mule.app.deployer.monitor.1.thread.1] INFO  org.mule.config.builders.AutoConfigurationBuilder - Configured Mule using "org.mule.config.builders.AutoConfigurationBuilder" with configuration resource(s): "[ConfigResource{resourceName='F:\gitrepo\qt-mule\.mule\apps\dbdemo\dbdemo.xml'}, ConfigResource{resourceName='F:\gitrepo\qt-mule\.mule\apps\dbdemo\empsave.xml'}]"
2020-05-22 11:07:13,066 [Mule.app.deployer.monitor.1.thread.1] INFO  org.mule.module.launcher.application.DefaultMuleApplication - 
++++++++++++++++++++++++++++++++++++++++++++++++++++++++++++
+ Starting app 'dbdemo'                                    +
++++++++++++++++++++++++++++++++++++++++++++++++++++++++++++
2020-05-22 11:07:13,071 [Mule.app.deployer.monitor.1.thread.1] INFO  org.mule.util.queue.QueueXaResourceManager - Starting ResourceManager
2020-05-22 11:07:13,072 [Mule.app.deployer.monitor.1.thread.1] INFO  org.mule.util.queue.QueueXaResourceManager - Started ResourceManager
2020-05-22 11:07:13,085 [Mule.app.deployer.monitor.1.thread.1] INFO  org.mule.module.http.internal.listener.DefaultHttpListenerConfig - Listening for requests on http://0.0.0.0:8081/db
2020-05-22 11:07:13,089 [Mule.app.deployer.monitor.1.thread.1] INFO  org.mule.lifecycle.AbstractLifecycleManager - Starting model: _muleSystemModel
2020-05-22 11:07:13,091 [Mule.app.deployer.monitor.1.thread.1] INFO  org.mule.construct.FlowConstructLifecycleManager - Starting flow: dbdemoFlow
2020-05-22 11:07:13,091 [Mule.app.deployer.monitor.1.thread.1] INFO  org.mule.processor.SedaStageLifecycleManager - Starting service: dbdemoFlow.stage1
2020-05-22 11:07:13,104 [Mule.app.deployer.monitor.1.thread.1] INFO  org.mule.construct.FlowConstructLifecycleManager - Starting flow: empsaveFlow
2020-05-22 11:07:13,105 [Mule.app.deployer.monitor.1.thread.1] INFO  org.mule.processor.SedaStageLifecycleManager - Starting service: empsaveFlow.stage1
2020-05-22 11:07:13,127 [Mule.app.deployer.monitor.1.thread.1] INFO  org.mule.module.management.agent.WrapperManagerAgent - This JVM hasn't been launched by the wrapper, the agent will not run.
2020-05-22 11:07:13,146 [Mule.app.deployer.monitor.1.thread.1] INFO  org.mule.DefaultMuleContext - 
**********************************************************************
* Application: dbdemo                                                *
* OS encoding: \, Mule encoding: UTF-8                               *
*                                                                    *
* Agents Running:                                                    *
*   Batch module default engine                                      *
*   JMX Agent                                                        *
*   Wrapper Manager                                                  *
**********************************************************************
2020-05-22 11:07:32,324 [[dbdemo].HTTP_Listener_Configuration.worker.02] INFO  com.mulesoft.weave.mule.utils.MuleWeaveFactory$ - MimeType was not resolved '*/*' delegating to Java.
2020-05-28 09:36:19,573 [main] INFO  org.mule.module.launcher.application.DefaultMuleApplication - 
++++++++++++++++++++++++++++++++++++++++++++++++++++++++++++
+ Initializing app 'dbdemo'                                +
++++++++++++++++++++++++++++++++++++++++++++++++++++++++++++
2020-05-28 09:36:20,308 [main] INFO  org.mule.util.JdkVersionUtils - You're executing with a JDK made by a vendor that is not on the recommended list of vendors. Vendor: AdoptOpenJDK Please consider changing to a recommended JDK vendor.
2020-05-28 09:36:20,325 [main] INFO  org.mule.lifecycle.AbstractLifecycleManager - Initialising RegistryBroker
2020-05-28 09:36:20,574 [main] INFO  org.mule.module.extension.internal.manager.DefaultExtensionManager - Starting discovery of extensions
2020-05-28 09:36:20,831 [main] INFO  org.mule.module.extension.internal.manager.DefaultExtensionManager - Discovered 1 extensions
2020-05-28 09:36:20,831 [main] INFO  org.mule.module.extension.internal.manager.DefaultExtensionManager - Registering extension validation (version 3.9)
2020-05-28 09:36:21,324 [main] INFO  org.mule.config.spring.MuleArtifactContext - Refreshing org.mule.config.spring.MuleArtifactContext@30ed9c6c: startup date [Thu May 28 09:36:21 IST 2020]; root of context hierarchy
2020-05-28 09:36:26,149 [main] INFO  org.mule.config.spring.processors.NoDevkitInjectorProcessor - JSR-330 'javax.inject.Inject' annotation found and supported for autowiring
2020-05-28 09:36:28,555 [main] WARN  org.mule.module.ognl.expression.OgnlExpressionEvaluator - OGNL module is deprecated and will be removed in Mule 4.0. Use MEL expressions instead.
2020-05-28 09:36:29,362 [main] INFO  org.mule.util.journal.TransactionJournal - Using files for tx logs F:\gitrepo\qt-mule\.mule\.\.mule\dbdemo\queue-tx-log\tx1.log and F:\gitrepo\qt-mule\.mule\.\.mule\dbdemo\queue-tx-log\tx2.log
2020-05-28 09:36:29,390 [main] INFO  org.mule.util.journal.TransactionJournal - Using files for tx logs F:\gitrepo\qt-mule\.mule\.\.mule\dbdemo\queue-xa-tx-log\tx1.log and F:\gitrepo\qt-mule\.mule\.\.mule\dbdemo\queue-xa-tx-log\tx2.log
2020-05-28 09:36:29,531 [main] INFO  org.mule.lifecycle.AbstractLifecycleManager - Initialising model: _muleSystemModel
2020-05-28 09:36:29,541 [main] INFO  org.mule.construct.FlowConstructLifecycleManager - Initialising flow: dbdemoFlow
2020-05-28 09:36:29,541 [main] INFO  org.mule.exception.DefaultMessagingExceptionStrategy - Initialising exception listener: org.mule.exception.DefaultMessagingExceptionStrategy@71370fec
2020-05-28 09:36:29,608 [main] INFO  org.mule.processor.SedaStageLifecycleManager - Initialising service: dbdemoFlow.stage1
2020-05-28 09:36:29,632 [main] INFO  org.mule.construct.FlowConstructLifecycleManager - Initialising flow: deletedemoFlow
2020-05-28 09:36:29,632 [main] INFO  org.mule.exception.DefaultMessagingExceptionStrategy - Initialising exception listener: org.mule.exception.DefaultMessagingExceptionStrategy@4c82b5df
2020-05-28 09:36:29,638 [main] INFO  org.mule.processor.SedaStageLifecycleManager - Initialising service: deletedemoFlow.stage1
2020-05-28 09:36:29,639 [main] INFO  org.mule.construct.FlowConstructLifecycleManager - Initialising flow: empsaveFlow
2020-05-28 09:36:29,639 [main] INFO  org.mule.exception.DefaultMessagingExceptionStrategy - Initialising exception listener: org.mule.exception.DefaultMessagingExceptionStrategy@7ef8eda7
2020-05-28 09:36:29,647 [main] INFO  org.mule.processor.SedaStageLifecycleManager - Initialising service: empsaveFlow.stage1
2020-05-28 09:36:30,088 [main] INFO  org.mule.config.spring.SpringXmlConfigurationBuilder - Configured Mule using "org.mule.config.spring.SpringXmlConfigurationBuilder" with configuration resource(s): "[ConfigResource{resourceName='F:\gitrepo\qt-mule\.mule\apps\dbdemo\dbdemo.xml'}, ConfigResource{resourceName='F:\gitrepo\qt-mule\.mule\apps\dbdemo\deletedemo.xml'}, ConfigResource{resourceName='F:\gitrepo\qt-mule\.mule\apps\dbdemo\empsave.xml'}]"
2020-05-28 09:36:30,088 [main] INFO  org.mule.config.builders.AutoConfigurationBuilder - Configured Mule using "org.mule.config.builders.AutoConfigurationBuilder" with configuration resource(s): "[ConfigResource{resourceName='F:\gitrepo\qt-mule\.mule\apps\dbdemo\dbdemo.xml'}, ConfigResource{resourceName='F:\gitrepo\qt-mule\.mule\apps\dbdemo\deletedemo.xml'}, ConfigResource{resourceName='F:\gitrepo\qt-mule\.mule\apps\dbdemo\empsave.xml'}]"
2020-05-28 09:36:30,098 [main] INFO  com.mulesoft.module.policies.lifecyle.GateKeeper - GateKeeper Mode: DISABLED
2020-05-28 09:36:30,099 [main] INFO  org.mule.module.launcher.application.DefaultMuleApplication - 
++++++++++++++++++++++++++++++++++++++++++++++++++++++++++++
+ Starting app 'dbdemo'                                    +
++++++++++++++++++++++++++++++++++++++++++++++++++++++++++++
2020-05-28 09:36:30,121 [main] INFO  org.mule.util.queue.QueueXaResourceManager - Starting ResourceManager
2020-05-28 09:36:30,122 [main] INFO  org.mule.util.queue.QueueXaResourceManager - Started ResourceManager
2020-05-28 09:36:30,178 [main] INFO  org.mule.module.http.internal.listener.DefaultHttpListenerConfig - Listening for requests on http://0.0.0.0:8081/db
2020-05-28 09:36:30,198 [main] INFO  org.mule.lifecycle.AbstractLifecycleManager - Starting model: _muleSystemModel
2020-05-28 09:36:30,201 [main] INFO  org.mule.construct.FlowConstructLifecycleManager - Starting flow: dbdemoFlow
2020-05-28 09:36:30,203 [main] INFO  org.mule.processor.SedaStageLifecycleManager - Starting service: dbdemoFlow.stage1
2020-05-28 09:36:30,217 [main] INFO  org.mule.construct.FlowConstructLifecycleManager - Starting flow: deletedemoFlow
2020-05-28 09:36:30,218 [main] INFO  org.mule.processor.SedaStageLifecycleManager - Starting service: deletedemoFlow.stage1
2020-05-28 09:36:30,221 [main] INFO  org.mule.construct.FlowConstructLifecycleManager - Starting flow: empsaveFlow
2020-05-28 09:36:30,221 [main] INFO  org.mule.processor.SedaStageLifecycleManager - Starting service: empsaveFlow.stage1
2020-05-28 09:36:30,279 [main] INFO  org.mule.module.management.agent.WrapperManagerAgent - This JVM hasn't been launched by the wrapper, the agent will not run.
2020-05-28 09:36:39,331 [main] INFO  org.mule.DefaultMuleContext - 
**********************************************************************
* Application: dbdemo                                                *
* OS encoding: \, Mule encoding: UTF-8                               *
*                                                                    *
* Agents Running:                                                    *
*   Batch module default engine                                      *
*   JMX Agent                                                        *
*   Wrapper Manager                                                  *
**********************************************************************
