2020-05-04 08:09:19,728 [main] INFO  org.mule.module.launcher.application.DefaultMuleApplication - 
++++++++++++++++++++++++++++++++++++++++++++++++++++++++++++
+ Initializing app 'hello'                                 +
++++++++++++++++++++++++++++++++++++++++++++++++++++++++++++
2020-05-04 08:09:20,730 [main] INFO  org.mule.util.JdkVersionUtils - You're executing with a JDK made by a vendor that is not on the recommended list of vendors. Vendor: AdoptOpenJDK Please consider changing to a recommended JDK vendor.
2020-05-04 08:09:20,763 [main] INFO  org.mule.lifecycle.AbstractLifecycleManager - Initialising RegistryBroker
2020-05-04 08:09:21,086 [main] INFO  org.mule.module.extension.internal.manager.DefaultExtensionManager - Starting discovery of extensions
2020-05-04 08:09:21,515 [main] INFO  org.mule.module.extension.internal.manager.DefaultExtensionManager - Discovered 1 extensions
2020-05-04 08:09:21,516 [main] INFO  org.mule.module.extension.internal.manager.DefaultExtensionManager - Registering extension validation (version 3.9)
2020-05-04 08:09:22,103 [main] INFO  org.mule.config.spring.MuleArtifactContext - Refreshing org.mule.config.spring.MuleArtifactContext@2c715e84: startup date [Mon May 04 08:09:22 IST 2020]; root of context hierarchy
2020-05-04 08:09:26,140 [main] INFO  org.mule.config.spring.processors.NoDevkitInjectorProcessor - JSR-330 'javax.inject.Inject' annotation found and supported for autowiring
2020-05-04 08:09:29,276 [main] WARN  org.mule.module.ognl.expression.OgnlExpressionEvaluator - OGNL module is deprecated and will be removed in Mule 4.0. Use MEL expressions instead.
2020-05-04 08:09:31,044 [main] INFO  org.mule.util.journal.TransactionJournal - Using files for tx logs F:\gitrepo\qt-mule\.mule\.\.mule\hello\queue-tx-log\tx1.log and F:\gitrepo\qt-mule\.mule\.\.mule\hello\queue-tx-log\tx2.log
2020-05-04 08:09:31,085 [main] INFO  org.mule.util.journal.TransactionJournal - Using files for tx logs F:\gitrepo\qt-mule\.mule\.\.mule\hello\queue-xa-tx-log\tx1.log and F:\gitrepo\qt-mule\.mule\.\.mule\hello\queue-xa-tx-log\tx2.log
2020-05-04 08:09:31,413 [main] INFO  org.mule.lifecycle.AbstractLifecycleManager - Initialising model: _muleSystemModel
2020-05-04 08:09:31,420 [main] INFO  org.mule.construct.FlowConstructLifecycleManager - Initialising flow: helloFlow
2020-05-04 08:09:31,420 [main] INFO  org.mule.exception.DefaultMessagingExceptionStrategy - Initialising exception listener: org.mule.exception.DefaultMessagingExceptionStrategy@7c1447b5
2020-05-04 08:09:31,511 [main] INFO  org.mule.processor.SedaStageLifecycleManager - Initialising service: helloFlow.stage1
2020-05-04 08:09:33,077 [main] INFO  org.mule.config.spring.SpringXmlConfigurationBuilder - Configured Mule using "org.mule.config.spring.SpringXmlConfigurationBuilder" with configuration resource(s): "[ConfigResource{resourceName='F:\gitrepo\qt-mule\.mule\apps\hello\hello.xml'}]"
2020-05-04 08:09:33,078 [main] INFO  org.mule.config.builders.AutoConfigurationBuilder - Configured Mule using "org.mule.config.builders.AutoConfigurationBuilder" with configuration resource(s): "[ConfigResource{resourceName='F:\gitrepo\qt-mule\.mule\apps\hello\hello.xml'}]"
2020-05-04 08:09:33,093 [main] INFO  com.mulesoft.module.policies.lifecyle.GateKeeper - GateKeeper Mode: DISABLED
2020-05-04 08:09:33,094 [main] INFO  org.mule.module.launcher.application.DefaultMuleApplication - 
++++++++++++++++++++++++++++++++++++++++++++++++++++++++++++
+ Starting app 'hello'                                     +
++++++++++++++++++++++++++++++++++++++++++++++++++++++++++++
2020-05-04 08:09:33,130 [main] INFO  org.mule.util.queue.QueueXaResourceManager - Starting ResourceManager
2020-05-04 08:09:33,130 [main] INFO  org.mule.util.queue.QueueXaResourceManager - Started ResourceManager
2020-05-04 08:09:33,318 [main] INFO  org.mule.module.http.internal.listener.DefaultHttpListenerConfig - Listening for requests on http://0.0.0.0:8081/mule
2020-05-04 08:09:33,330 [main] INFO  org.mule.lifecycle.AbstractLifecycleManager - Starting model: _muleSystemModel
2020-05-04 08:09:33,338 [main] INFO  org.mule.construct.FlowConstructLifecycleManager - Starting flow: helloFlow
2020-05-04 08:09:33,340 [main] INFO  org.mule.processor.SedaStageLifecycleManager - Starting service: helloFlow.stage1
2020-05-04 08:09:33,485 [main] INFO  org.mule.module.management.agent.WrapperManagerAgent - This JVM hasn't been launched by the wrapper, the agent will not run.
2020-05-04 08:09:42,753 [main] INFO  org.mule.DefaultMuleContext - 
**********************************************************************
* Application: hello                                                 *
* OS encoding: \, Mule encoding: UTF-8                               *
*                                                                    *
* Agents Running:                                                    *
*   Batch module default engine                                      *
*   JMX Agent                                                        *
*   Wrapper Manager                                                  *
**********************************************************************
