2020-05-29 10:12:50,358 [main] INFO  org.mule.module.launcher.application.DefaultMuleApplication - 
++++++++++++++++++++++++++++++++++++++++++++++++++++++++++++
+ Initializing app 'homeloans'                             +
++++++++++++++++++++++++++++++++++++++++++++++++++++++++++++
2020-05-29 10:12:50,390 [main] INFO  org.mule.util.JdkVersionUtils - You're executing with a JDK made by a vendor that is not on the recommended list of vendors. Vendor: AdoptOpenJDK Please consider changing to a recommended JDK vendor.
2020-05-29 10:12:50,400 [main] INFO  org.mule.lifecycle.AbstractLifecycleManager - Initialising RegistryBroker
2020-05-29 10:12:50,445 [main] INFO  org.mule.module.extension.internal.manager.DefaultExtensionManager - Starting discovery of extensions
2020-05-29 10:12:50,615 [main] INFO  org.mule.module.extension.internal.manager.DefaultExtensionManager - Discovered 1 extensions
2020-05-29 10:12:50,615 [main] INFO  org.mule.module.extension.internal.manager.DefaultExtensionManager - Registering extension validation (version 3.9)
2020-05-29 10:12:50,639 [main] INFO  org.mule.config.spring.MuleArtifactContext - Refreshing org.mule.config.spring.MuleArtifactContext@2b0b7e5a: startup date [Fri May 29 10:12:50 IST 2020]; parent: org.mule.config.spring.MuleDomainContext@2fea7088
2020-05-29 10:12:51,623 [main] INFO  org.mule.config.spring.processors.NoDevkitInjectorProcessor - JSR-330 'javax.inject.Inject' annotation found and supported for autowiring
2020-05-29 10:12:53,303 [main] WARN  org.mule.module.ognl.expression.OgnlExpressionEvaluator - OGNL module is deprecated and will be removed in Mule 4.0. Use MEL expressions instead.
2020-05-29 10:12:53,564 [main] INFO  org.mule.util.journal.TransactionJournal - Using files for tx logs F:\gitrepo\qt-mule\.mule\.\.mule\homeloans\queue-tx-log\tx1.log and F:\gitrepo\qt-mule\.mule\.\.mule\homeloans\queue-tx-log\tx2.log
2020-05-29 10:12:53,565 [main] INFO  org.mule.util.journal.TransactionJournal - Using files for tx logs F:\gitrepo\qt-mule\.mule\.\.mule\homeloans\queue-xa-tx-log\tx1.log and F:\gitrepo\qt-mule\.mule\.\.mule\homeloans\queue-xa-tx-log\tx2.log
2020-05-29 10:12:53,771 [main] INFO  org.mule.lifecycle.AbstractLifecycleManager - Initialising model: _muleSystemModel
2020-05-29 10:12:53,782 [main] INFO  org.mule.construct.FlowConstructLifecycleManager - Initialising flow: homeloansFlow
2020-05-29 10:12:53,782 [main] INFO  org.mule.exception.DefaultMessagingExceptionStrategy - Initialising exception listener: org.mule.exception.DefaultMessagingExceptionStrategy@68ea253b
2020-05-29 10:12:53,854 [main] INFO  org.mule.processor.SedaStageLifecycleManager - Initialising service: homeloansFlow.stage1
2020-05-29 10:12:54,091 [main] INFO  org.mule.config.spring.SpringXmlConfigurationBuilder - Configured Mule using "org.mule.config.spring.SpringXmlConfigurationBuilder" with configuration resource(s): "[ConfigResource{resourceName='F:\gitrepo\qt-mule\.mule\apps\homeloans\homeloans.xml'}]"
2020-05-29 10:12:54,097 [main] INFO  org.mule.config.builders.AutoConfigurationBuilder - Configured Mule using "org.mule.config.builders.AutoConfigurationBuilder" with configuration resource(s): "[ConfigResource{resourceName='F:\gitrepo\qt-mule\.mule\apps\homeloans\homeloans.xml'}]"
2020-05-29 10:12:54,120 [main] INFO  com.mulesoft.module.policies.lifecyle.GateKeeper - GateKeeper Mode: DISABLED
2020-05-29 10:12:54,123 [main] INFO  org.mule.module.launcher.application.DefaultMuleApplication - 
++++++++++++++++++++++++++++++++++++++++++++++++++++++++++++
+ Starting app 'homeloans'                                 +
++++++++++++++++++++++++++++++++++++++++++++++++++++++++++++
2020-05-29 10:12:54,137 [main] INFO  org.mule.util.queue.QueueXaResourceManager - Starting ResourceManager
2020-05-29 10:12:54,139 [main] INFO  org.mule.util.queue.QueueXaResourceManager - Started ResourceManager
2020-05-29 10:12:54,158 [main] INFO  org.mule.lifecycle.AbstractLifecycleManager - Starting model: _muleSystemModel
2020-05-29 10:12:54,161 [main] INFO  org.mule.construct.FlowConstructLifecycleManager - Starting flow: homeloansFlow
2020-05-29 10:12:54,167 [main] INFO  org.mule.processor.SedaStageLifecycleManager - Starting service: homeloansFlow.stage1
2020-05-29 10:12:54,328 [main] INFO  org.mule.DefaultMuleContext - 
**********************************************************************
* Application: homeloans                                             *
* OS encoding: \, Mule encoding: UTF-8                               *
*                                                                    *
* Agents Running:                                                    *
*   Batch module default engine                                      *
*   JMX Agent                                                        *
*   JMX Agent                                                        *
*   Wrapper Manager                                                  *
**********************************************************************
2020-05-29 10:21:49,806 [Mule.app.deployer.monitor.1.thread.1] INFO  org.mule.module.launcher.application.DefaultMuleApplication - 
++++++++++++++++++++++++++++++++++++++++++++++++++++++++++++
+ Stopping app 'homeloans'                                 +
++++++++++++++++++++++++++++++++++++++++++++++++++++++++++++
2020-05-29 10:21:49,812 [Mule.app.deployer.monitor.1.thread.1] INFO  org.mule.construct.FlowConstructLifecycleManager - Stopping flow: homeloansFlow
2020-05-29 10:21:49,813 [Mule.app.deployer.monitor.1.thread.1] INFO  org.mule.processor.SedaStageLifecycleManager - Stopping service: homeloansFlow.stage1
2020-05-29 10:21:49,923 [Mule.app.deployer.monitor.1.thread.1] INFO  org.mule.lifecycle.AbstractLifecycleManager - Stopping model: _muleSystemModel
2020-05-29 10:21:49,936 [Mule.app.deployer.monitor.1.thread.1] INFO  org.mule.util.queue.QueueXaResourceManager - Stopping ResourceManager
2020-05-29 10:21:49,940 [Mule.app.deployer.monitor.1.thread.1] INFO  org.mule.util.queue.QueueXaResourceManager - Stopped ResourceManager
2020-05-29 10:21:49,971 [Mule.app.deployer.monitor.1.thread.1] INFO  org.mule.module.launcher.application.DefaultMuleApplication - 
++++++++++++++++++++++++++++++++++++++++++++++++++++++++++++
+ Disposing app 'homeloans'                                +
++++++++++++++++++++++++++++++++++++++++++++++++++++++++++++
2020-05-29 10:21:49,973 [Mule.app.deployer.monitor.1.thread.1] INFO  org.mule.lifecycle.AbstractLifecycleManager - Disposing RegistryBroker
2020-05-29 10:21:50,034 [Mule.app.deployer.monitor.1.thread.1] INFO  org.mule.construct.FlowConstructLifecycleManager - Disposing flow: homeloansFlow
2020-05-29 10:21:50,035 [Mule.app.deployer.monitor.1.thread.1] INFO  org.mule.processor.SedaStageLifecycleManager - Disposing service: homeloansFlow.stage1
2020-05-29 10:21:50,043 [Mule.app.deployer.monitor.1.thread.1] INFO  org.mule.lifecycle.AbstractLifecycleManager - Disposing model: _muleSystemModel
2020-05-29 10:21:50,348 [Mule.app.deployer.monitor.1.thread.1] INFO  org.mule.config.spring.MuleArtifactContext - Closing org.mule.config.spring.MuleArtifactContext@2b0b7e5a: startup date [Fri May 29 10:12:50 IST 2020]; parent: org.mule.config.spring.MuleDomainContext@2fea7088
2020-05-29 10:21:50,387 [Mule.app.deployer.monitor.1.thread.1] INFO  org.mule.DefaultMuleContext - 
**********************************************************************
* Application "homeloans" shut down normally on: 29/5/20 10:21 AM    *
* Up for: 0 days, 0 hours, 8 mins, 56.255 sec                        *
**********************************************************************
2020-05-29 10:21:50,788 [Mule.app.deployer.monitor.1.thread.1] INFO  org.mule.module.launcher.application.DefaultMuleApplication - 
++++++++++++++++++++++++++++++++++++++++++++++++++++++++++++
+ Initializing app 'homeloans'                             +
++++++++++++++++++++++++++++++++++++++++++++++++++++++++++++
2020-05-29 10:21:50,821 [Mule.app.deployer.monitor.1.thread.1] INFO  org.mule.util.JdkVersionUtils - You're executing with a JDK made by a vendor that is not on the recommended list of vendors. Vendor: AdoptOpenJDK Please consider changing to a recommended JDK vendor.
2020-05-29 10:21:50,859 [Mule.app.deployer.monitor.1.thread.1] INFO  org.mule.lifecycle.AbstractLifecycleManager - Initialising RegistryBroker
2020-05-29 10:21:50,896 [Mule.app.deployer.monitor.1.thread.1] INFO  org.mule.module.extension.internal.manager.DefaultExtensionManager - Starting discovery of extensions
2020-05-29 10:21:51,030 [Mule.app.deployer.monitor.1.thread.1] INFO  org.mule.module.extension.internal.manager.DefaultExtensionManager - Discovered 1 extensions
2020-05-29 10:21:51,039 [Mule.app.deployer.monitor.1.thread.1] INFO  org.mule.module.extension.internal.manager.DefaultExtensionManager - Registering extension validation (version 3.9)
2020-05-29 10:21:51,061 [Mule.app.deployer.monitor.1.thread.1] INFO  org.mule.config.spring.MuleArtifactContext - Refreshing org.mule.config.spring.MuleArtifactContext@5ebc9e88: startup date [Fri May 29 10:21:51 IST 2020]; parent: org.mule.config.spring.MuleDomainContext@2fea7088
2020-05-29 10:21:52,494 [Mule.app.deployer.monitor.1.thread.1] INFO  org.mule.config.spring.processors.NoDevkitInjectorProcessor - JSR-330 'javax.inject.Inject' annotation found and supported for autowiring
2020-05-29 10:21:53,029 [Mule.app.deployer.monitor.1.thread.1] INFO  org.mule.util.journal.TransactionJournal - Using files for tx logs F:\gitrepo\qt-mule\.mule\.\.mule\homeloans\queue-tx-log\tx1.log and F:\gitrepo\qt-mule\.mule\.\.mule\homeloans\queue-tx-log\tx2.log
2020-05-29 10:21:53,030 [Mule.app.deployer.monitor.1.thread.1] INFO  org.mule.util.journal.TransactionJournal - Using files for tx logs F:\gitrepo\qt-mule\.mule\.\.mule\homeloans\queue-xa-tx-log\tx1.log and F:\gitrepo\qt-mule\.mule\.\.mule\homeloans\queue-xa-tx-log\tx2.log
2020-05-29 10:21:53,048 [Mule.app.deployer.monitor.1.thread.1] INFO  org.mule.lifecycle.AbstractLifecycleManager - Initialising model: _muleSystemModel
2020-05-29 10:21:53,052 [Mule.app.deployer.monitor.1.thread.1] INFO  org.mule.construct.FlowConstructLifecycleManager - Initialising flow: homeloansFlow
2020-05-29 10:21:53,054 [Mule.app.deployer.monitor.1.thread.1] INFO  org.mule.exception.DefaultMessagingExceptionStrategy - Initialising exception listener: org.mule.exception.DefaultMessagingExceptionStrategy@7fc2bc31
2020-05-29 10:21:53,071 [Mule.app.deployer.monitor.1.thread.1] INFO  org.mule.processor.SedaStageLifecycleManager - Initialising service: homeloansFlow.stage1
2020-05-29 10:21:53,114 [Mule.app.deployer.monitor.1.thread.1] INFO  org.mule.config.spring.SpringXmlConfigurationBuilder - Configured Mule using "org.mule.config.spring.SpringXmlConfigurationBuilder" with configuration resource(s): "[ConfigResource{resourceName='F:\gitrepo\qt-mule\.mule\apps\homeloans\homeloans.xml'}]"
2020-05-29 10:21:53,126 [Mule.app.deployer.monitor.1.thread.1] INFO  org.mule.config.builders.AutoConfigurationBuilder - Configured Mule using "org.mule.config.builders.AutoConfigurationBuilder" with configuration resource(s): "[ConfigResource{resourceName='F:\gitrepo\qt-mule\.mule\apps\homeloans\homeloans.xml'}]"
2020-05-29 10:21:53,128 [Mule.app.deployer.monitor.1.thread.1] INFO  org.mule.module.launcher.application.DefaultMuleApplication - 
++++++++++++++++++++++++++++++++++++++++++++++++++++++++++++
+ Starting app 'homeloans'                                 +
++++++++++++++++++++++++++++++++++++++++++++++++++++++++++++
2020-05-29 10:21:53,132 [Mule.app.deployer.monitor.1.thread.1] INFO  org.mule.util.queue.QueueXaResourceManager - Starting ResourceManager
2020-05-29 10:21:53,133 [Mule.app.deployer.monitor.1.thread.1] INFO  org.mule.util.queue.QueueXaResourceManager - Started ResourceManager
2020-05-29 10:21:53,154 [Mule.app.deployer.monitor.1.thread.1] INFO  org.mule.lifecycle.AbstractLifecycleManager - Starting model: _muleSystemModel
2020-05-29 10:21:53,158 [Mule.app.deployer.monitor.1.thread.1] INFO  org.mule.construct.FlowConstructLifecycleManager - Starting flow: homeloansFlow
2020-05-29 10:21:53,158 [Mule.app.deployer.monitor.1.thread.1] INFO  org.mule.processor.SedaStageLifecycleManager - Starting service: homeloansFlow.stage1
2020-05-29 10:21:53,194 [Mule.app.deployer.monitor.1.thread.1] INFO  org.mule.DefaultMuleContext - 
**********************************************************************
* Application: homeloans                                             *
* OS encoding: \, Mule encoding: UTF-8                               *
*                                                                    *
* Agents Running:                                                    *
*   Batch module default engine                                      *
*   JMX Agent                                                        *
*   JMX Agent                                                        *
*   Wrapper Manager                                                  *
**********************************************************************
2020-05-29 10:21:59,437 [[loansdomain].HTTP_Listener_Configuration.worker.01] ERROR org.mule.exception.DefaultMessagingExceptionStrategy - 
********************************************************************************
Message               : Record cannot be mapped as it contains multiple columns with the same label. Define column aliases to solve this problem (java.lang.IllegalArgumentException).
Payload               : {NullPayload}
Payload Type          : org.mule.transport.NullPayload
Element               : /homeloansFlow/processors/0 @ homeloans:homeloans.xml:13
Element XML           : <db:select config-ref="MySQL_Configuration" doc:name="Database">
                        <db:parameterized-query>SELECT * FROM pll left join  homeloans on pll.phone=homeloans.phone</db:parameterized-query>
                        </db:select>
--------------------------------------------------------------------------------
Root Exception stack trace:
java.lang.IllegalArgumentException: Record cannot be mapped as it contains multiple columns with the same label. Define column aliases to solve this problem
	at org.mule.module.db.internal.result.row.InsensitiveMapRowHandler.process(InsensitiveMapRowHandler.java:50)
	at org.mule.module.db.internal.result.resultset.ListResultSetHandler.processResultSet(ListResultSetHandler.java:42)
	at org.mule.module.db.internal.result.resultset.ListResultSetHandler.processResultSet(ListResultSetHandler.java:24)
	at org.mule.module.db.internal.domain.executor.SelectExecutor.doExecuteQuery(SelectExecutor.java:51)
	at org.mule.module.db.internal.domain.executor.AbstractSingleQueryExecutor$1.run(AbstractSingleQueryExecutor.java:41)
	at org.mule.module.db.internal.domain.executor.AbstractSingleQueryExecutor.safely(AbstractSingleQueryExecutor.java:81)
	at org.mule.module.db.internal.domain.executor.AbstractSingleQueryExecutor.execute(AbstractSingleQueryExecutor.java:35)
	at org.mule.module.db.internal.processor.SelectMessageProcessor.doExecuteQuery(SelectMessageProcessor.java:67)
	at org.mule.module.db.internal.processor.AbstractSingleQueryDbMessageProcessor.executeQuery(AbstractSingleQueryDbMessageProcessor.java:52)
	at org.mule.module.db.internal.processor.AbstractDbMessageProcessor.process(AbstractDbMessageProcessor.java:81)
	at org.mule.execution.ExceptionToMessagingExceptionExecutionInterceptor.execute(ExceptionToMessagingExceptionExecutionInterceptor.java:27)
	at org.mule.execution.MessageProcessorNotificationExecutionInterceptor.execute(MessageProcessorNotificationExecutionInterceptor.java:111)
	at org.mule.execution.MessageProcessorExecutionTemplate.execute(MessageProcessorExecutionTemplate.java:44)
	at org.mule.processor.BlockingProcessorExecutor.executeNext(BlockingProcessorExecutor.java:98)
	at org.mule.processor.BlockingProcessorExecutor.execute(BlockingProcessorExecutor.java:59)
	at org.mule.processor.AsyncInterceptingMessageProcessor.process(AsyncInterceptingMessageProcessor.java:110)
	at org.mule.execution.ExceptionToMessagingExceptionExecutionInterceptor.execute(ExceptionToMessagingExceptionExecutionInterceptor.java:27)
	at org.mule.execution.MessageProcessorNotificationExecutionInterceptor.execute(MessageProcessorNotificationExecutionInterceptor.java:111)
	at org.mule.execution.MessageProcessorExecutionTemplate.execute(MessageProcessorExecutionTemplate.java:44)
	at org.mule.processor.BlockingProcessorExecutor.executeNext(BlockingProcessorExecutor.java:98)
	at org.mule.processor.BlockingProcessorExecutor.execute(BlockingProcessorExecutor.java:59)
	at org.mule.construct.DynamicPipelineMessageProcessor.process(DynamicPipelineMessageProcessor.java:55)
	at org.mule.execution.ExceptionToMessagingExceptionExecutionInterceptor.execute(ExceptionToMessagingExceptionExecutionInterceptor.java:27)
	at org.mule.execution.MessageProcessorNotificationExecutionInterceptor.execute(MessageProcessorNotificationExecutionInterceptor.java:111)
	at org.mule.execution.MessageProcessorExecutionTemplate.execute(MessageProcessorExecutionTemplate.java:44)
	at org.mule.processor.BlockingProcessorExecutor.executeNext(BlockingProcessorExecutor.java:88)
	at org.mule.processor.BlockingProcessorExecutor.execute(BlockingProcessorExecutor.java:59)
	at org.mule.execution.ExceptionToMessagingExceptionExecutionInterceptor.execute(ExceptionToMessagingExceptionExecutionInterceptor.java:27)
	at org.mule.execution.MessageProcessorExecutionTemplate.execute(MessageProcessorExecutionTemplate.java:44)
	at org.mule.processor.BlockingProcessorExecutor.executeNext(BlockingProcessorExecutor.java:98)
	at org.mule.processor.BlockingProcessorExecutor.execute(BlockingProcessorExecutor.java:59)
	at org.mule.interceptor.AbstractEnvelopeInterceptor.processBlocking(AbstractEnvelopeInterceptor.java:59)
	at org.mule.processor.AbstractRequestResponseMessageProcessor.process(AbstractRequestResponseMessageProcessor.java:48)
	at org.mule.execution.ExceptionToMessagingExceptionExecutionInterceptor.execute(ExceptionToMessagingExceptionExecutionInterceptor.java:27)
	at org.mule.execution.MessageProcessorNotificationExecutionInterceptor.execute(MessageProcessorNotificationExecutionInterceptor.java:111)
	at org.mule.execution.MessageProcessorExecutionTemplate.execute(MessageProcessorExecutionTemplate.java:44)
	at org.mule.processor.BlockingProcessorExecutor.executeNext(BlockingProcessorExecutor.java:98)
	at org.mule.processor.BlockingProcessorExecutor.execute(BlockingProcessorExecutor.java:59)
	at org.mule.processor.AbstractFilteringMessageProcessor.process(AbstractFilteringMessageProcessor.java:62)
	at org.mule.execution.ExceptionToMessagingExceptionExecutionInterceptor.execute(ExceptionToMessagingExceptionExecutionInterceptor.java:27)
	at org.mule.execution.MessageProcessorNotificationExecutionInterceptor.execute(MessageProcessorNotificationExecutionInterceptor.java:111)
	at org.mule.execution.MessageProcessorExecutionTemplate.execute(MessageProcessorExecutionTemplate.java:44)
	at org.mule.processor.BlockingProcessorExecutor.executeNext(BlockingProcessorExecutor.java:98)
	at org.mule.processor.BlockingProcessorExecutor.execute(BlockingProcessorExecutor.java:59)
	at org.mule.processor.AbstractRequestResponseMessageProcessor.processBlocking(AbstractRequestResponseMessageProcessor.java:57)
	at org.mule.processor.AbstractRequestResponseMessageProcessor.process(AbstractRequestResponseMessageProcessor.java:48)
	at org.mule.execution.ExceptionToMessagingExceptionExecutionInterceptor.execute(ExceptionToMessagingExceptionExecutionInterceptor.java:27)
	at org.mule.execution.MessageProcessorNotificationExecutionInterceptor.execute(MessageProcessorNotificationExecutionInterceptor.java:111)
	at org.mule.execution.MessageProcessorExecutionTemplate.execute(MessageProcessorExecutionTemplate.java:44)
	at org.mule.processor.BlockingProcessorExecutor.executeNext(BlockingProcessorExecutor.java:88)
	at org.mule.processor.BlockingProcessorExecutor.execute(BlockingProcessorExecutor.java:59)
	at org.mule.execution.ExceptionToMessagingExceptionExecutionInterceptor.execute(ExceptionToMessagingExceptionExecutionInterceptor.java:27)
	at org.mule.execution.MessageProcessorNotificationExecutionInterceptor.execute(MessageProcessorNotificationExecutionInterceptor.java:111)
	at org.mule.execution.MessageProcessorExecutionTemplate.execute(MessageProcessorExecutionTemplate.java:44)
	at org.mule.construct.AbstractPipeline$3.process(AbstractPipeline.java:232)
	at org.mule.module.http.internal.listener.HttpMessageProcessorTemplate.routeEvent(HttpMessageProcessorTemplate.java:74)
	at org.mule.execution.AsyncResponseFlowProcessingPhase$1.process(AsyncResponseFlowProcessingPhase.java:73)
	at org.mule.execution.AsyncResponseFlowProcessingPhase$1.process(AsyncResponseFlowProcessingPhase.java:60)
	at org.mule.execution.ExecuteCallbackInterceptor.execute(ExecuteCallbackInterceptor.java:16)
	at org.mule.execution.CommitTransactionInterceptor.execute(CommitTransactionInterceptor.java:35)
	at org.mule.execution.CommitTransactionInterceptor.execute(CommitTransactionInterceptor.java:22)
	at org.mule.execution.HandleExceptionInterceptor.execute(HandleExceptionInterceptor.java:30)
	at org.mule.execution.HandleExceptionInterceptor.execute(HandleExceptionInterceptor.java:14)
	at org.mule.execution.BeginAndResolveTransactionInterceptor.execute(BeginAndResolveTransactionInterceptor.java:67)
	at org.mule.execution.ResolvePreviousTransactionInterceptor.execute(ResolvePreviousTransactionInterceptor.java:44)
	at org.mule.execution.SuspendXaTransactionInterceptor.execute(SuspendXaTransactionInterceptor.java:50)
	at org.mule.execution.ValidateTransactionalStateInterceptor.execute(ValidateTransactionalStateInterceptor.java:40)
	at org.mule.execution.IsolateCurrentTransactionInterceptor.execute(IsolateCurrentTransactionInterceptor.java:41)
	at org.mule.execution.ExternalTransactionInterceptor.execute(ExternalTransactionInterceptor.java:48)
	at org.mule.execution.RethrowExceptionInterceptor.execute(RethrowExceptionInterceptor.java:28)
	at org.mule.execution.RethrowExceptionInterceptor.execute(RethrowExceptionInterceptor.java:13)
	at org.mule.execution.TransactionalErrorHandlingExecutionTemplate.execute(TransactionalErrorHandlingExecutionTemplate.java:110)
	at org.mule.execution.AsyncResponseFlowProcessingPhase.runPhase(AsyncResponseFlowProcessingPhase.java:59)
	at org.mule.execution.AsyncResponseFlowProcessingPhase.runPhase(AsyncResponseFlowProcessingPhase.java:36)
	at org.mule.execution.PhaseExecutionEngine$InternalPhaseExecutionEngine.phaseSuccessfully(PhaseExecutionEngine.java:65)
	at org.mule.execution.PhaseExecutionEngine$InternalPhaseExecutionEngine.phaseSuccessfully(PhaseExecutionEngine.java:69)
	at com.mulesoft.mule.throttling.ThrottlingPhase.runPhase(ThrottlingPhase.java:187)
	at com.mulesoft.mule.throttling.ThrottlingPhase.runPhase(ThrottlingPhase.java:58)
	at org.mule.execution.PhaseExecutionEngine$InternalPhaseExecutionEngine.phaseSuccessfully(PhaseExecutionEngine.java:65)
	at com.mulesoft.gateway.http.phases.GatewayValidationPhase.runPhase(GatewayValidationPhase.java:93)
	at com.mulesoft.gateway.http.phases.GatewayValidationPhase.runPhase(GatewayValidationPhase.java:49)
	at org.mule.execution.PhaseExecutionEngine$InternalPhaseExecutionEngine.phaseSuccessfully(PhaseExecutionEngine.java:65)
	at org.mule.modules.cors.CorsPhase.runPhase(CorsPhase.java:112)
	at org.mule.modules.cors.CorsPhase.runPhase(CorsPhase.java:39)
	at org.mule.execution.PhaseExecutionEngine$InternalPhaseExecutionEngine.process(PhaseExecutionEngine.java:114)
	at org.mule.execution.PhaseExecutionEngine.process(PhaseExecutionEngine.java:41)
	at org.mule.execution.MuleMessageProcessingManager.processMessage(MuleMessageProcessingManager.java:32)
	at org.mule.module.http.internal.listener.DefaultHttpListener$1.handleRequest(DefaultHttpListener.java:137)
	at org.mule.module.http.internal.listener.grizzly.GrizzlyRequestDispatcherFilter.handleRead(GrizzlyRequestDispatcherFilter.java:110)
	at org.glassfish.grizzly.filterchain.ExecutorResolver$9.execute(ExecutorResolver.java:119)
	at org.glassfish.grizzly.filterchain.DefaultFilterChain.executeFilter(DefaultFilterChain.java:284)
	at org.glassfish.grizzly.filterchain.DefaultFilterChain.executeChainPart(DefaultFilterChain.java:201)
	at org.glassfish.grizzly.filterchain.DefaultFilterChain.execute(DefaultFilterChain.java:133)
	at org.glassfish.grizzly.filterchain.DefaultFilterChain.process(DefaultFilterChain.java:112)
	at org.glassfish.grizzly.ProcessorExecutor.execute(ProcessorExecutor.java:77)
	at org.glassfish.grizzly.nio.transport.TCPNIOTransport.fireIOEvent(TCPNIOTransport.java:540)
	at org.glassfish.grizzly.strategies.AbstractIOStrategy.fireIOEvent(AbstractIOStrategy.java:112)
	at org.mule.module.http.internal.listener.grizzly.ExecutorPerServerAddressIOStrategy.run0(ExecutorPerServerAddressIOStrategy.java:126)
	at org.mule.module.http.internal.listener.grizzly.ExecutorPerServerAddressIOStrategy.access$100(ExecutorPerServerAddressIOStrategy.java:32)
	at org.mule.module.http.internal.listener.grizzly.ExecutorPerServerAddressIOStrategy$WorkerThreadRunnable.run(ExecutorPerServerAddressIOStrategy.java:149)
	at java.util.concurrent.ThreadPoolExecutor.runWorker(ThreadPoolExecutor.java:1149)
	at java.util.concurrent.ThreadPoolExecutor$Worker.run(ThreadPoolExecutor.java:624)
	at java.lang.Thread.run(Thread.java:748)

********************************************************************************

2020-05-29 10:25:03,303 [Mule.app.deployer.monitor.1.thread.1] INFO  org.mule.module.launcher.application.DefaultMuleApplication - 
++++++++++++++++++++++++++++++++++++++++++++++++++++++++++++
+ Stopping app 'homeloans'                                 +
++++++++++++++++++++++++++++++++++++++++++++++++++++++++++++
2020-05-29 10:25:03,305 [Mule.app.deployer.monitor.1.thread.1] INFO  org.mule.construct.FlowConstructLifecycleManager - Stopping flow: homeloansFlow
2020-05-29 10:25:03,305 [Mule.app.deployer.monitor.1.thread.1] INFO  org.mule.processor.SedaStageLifecycleManager - Stopping service: homeloansFlow.stage1
2020-05-29 10:25:03,459 [Mule.app.deployer.monitor.1.thread.1] INFO  org.mule.lifecycle.AbstractLifecycleManager - Stopping model: _muleSystemModel
2020-05-29 10:25:03,470 [Mule.app.deployer.monitor.1.thread.1] INFO  org.mule.util.queue.QueueXaResourceManager - Stopping ResourceManager
2020-05-29 10:25:03,471 [Mule.app.deployer.monitor.1.thread.1] INFO  org.mule.util.queue.QueueXaResourceManager - Stopped ResourceManager
2020-05-29 10:25:03,475 [Mule.app.deployer.monitor.1.thread.1] INFO  org.mule.module.launcher.application.DefaultMuleApplication - 
++++++++++++++++++++++++++++++++++++++++++++++++++++++++++++
+ Disposing app 'homeloans'                                +
++++++++++++++++++++++++++++++++++++++++++++++++++++++++++++
2020-05-29 10:25:03,477 [Mule.app.deployer.monitor.1.thread.1] INFO  org.mule.lifecycle.AbstractLifecycleManager - Disposing RegistryBroker
2020-05-29 10:25:03,488 [Mule.app.deployer.monitor.1.thread.1] INFO  org.mule.construct.FlowConstructLifecycleManager - Disposing flow: homeloansFlow
2020-05-29 10:25:03,493 [Mule.app.deployer.monitor.1.thread.1] INFO  org.mule.processor.SedaStageLifecycleManager - Disposing service: homeloansFlow.stage1
2020-05-29 10:25:03,503 [Mule.app.deployer.monitor.1.thread.1] INFO  org.mule.lifecycle.AbstractLifecycleManager - Disposing model: _muleSystemModel
2020-05-29 10:25:03,526 [Mule.app.deployer.monitor.1.thread.1] INFO  org.mule.config.spring.MuleArtifactContext - Closing org.mule.config.spring.MuleArtifactContext@5ebc9e88: startup date [Fri May 29 10:21:51 IST 2020]; parent: org.mule.config.spring.MuleDomainContext@2fea7088
2020-05-29 10:25:03,555 [Mule.app.deployer.monitor.1.thread.1] INFO  org.mule.DefaultMuleContext - 
**********************************************************************
* Application "homeloans" shut down normally on: 29/5/20 10:25 AM    *
* Up for: 0 days, 0 hours, 3 mins, 10.423 sec                        *
**********************************************************************
2020-05-29 10:25:04,119 [Mule.app.deployer.monitor.1.thread.1] INFO  org.mule.module.launcher.application.DefaultMuleApplication - 
++++++++++++++++++++++++++++++++++++++++++++++++++++++++++++
+ Initializing app 'homeloans'                             +
++++++++++++++++++++++++++++++++++++++++++++++++++++++++++++
2020-05-29 10:25:04,130 [Mule.app.deployer.monitor.1.thread.1] INFO  org.mule.util.JdkVersionUtils - You're executing with a JDK made by a vendor that is not on the recommended list of vendors. Vendor: AdoptOpenJDK Please consider changing to a recommended JDK vendor.
2020-05-29 10:25:04,138 [Mule.app.deployer.monitor.1.thread.1] INFO  org.mule.lifecycle.AbstractLifecycleManager - Initialising RegistryBroker
2020-05-29 10:25:04,156 [Mule.app.deployer.monitor.1.thread.1] INFO  org.mule.module.extension.internal.manager.DefaultExtensionManager - Starting discovery of extensions
2020-05-29 10:25:04,219 [Mule.app.deployer.monitor.1.thread.1] INFO  org.mule.module.extension.internal.manager.DefaultExtensionManager - Discovered 1 extensions
2020-05-29 10:25:04,220 [Mule.app.deployer.monitor.1.thread.1] INFO  org.mule.module.extension.internal.manager.DefaultExtensionManager - Registering extension validation (version 3.9)
2020-05-29 10:25:04,230 [Mule.app.deployer.monitor.1.thread.1] INFO  org.mule.config.spring.MuleArtifactContext - Refreshing org.mule.config.spring.MuleArtifactContext@b1d83fc: startup date [Fri May 29 10:25:04 IST 2020]; parent: org.mule.config.spring.MuleDomainContext@2fea7088
2020-05-29 10:25:05,255 [Mule.app.deployer.monitor.1.thread.1] INFO  org.mule.config.spring.processors.NoDevkitInjectorProcessor - JSR-330 'javax.inject.Inject' annotation found and supported for autowiring
2020-05-29 10:25:05,851 [Mule.app.deployer.monitor.1.thread.1] INFO  org.mule.util.journal.TransactionJournal - Using files for tx logs F:\gitrepo\qt-mule\.mule\.\.mule\homeloans\queue-tx-log\tx1.log and F:\gitrepo\qt-mule\.mule\.\.mule\homeloans\queue-tx-log\tx2.log
2020-05-29 10:25:05,852 [Mule.app.deployer.monitor.1.thread.1] INFO  org.mule.util.journal.TransactionJournal - Using files for tx logs F:\gitrepo\qt-mule\.mule\.\.mule\homeloans\queue-xa-tx-log\tx1.log and F:\gitrepo\qt-mule\.mule\.\.mule\homeloans\queue-xa-tx-log\tx2.log
2020-05-29 10:25:05,873 [Mule.app.deployer.monitor.1.thread.1] INFO  org.mule.lifecycle.AbstractLifecycleManager - Initialising model: _muleSystemModel
2020-05-29 10:25:05,876 [Mule.app.deployer.monitor.1.thread.1] INFO  org.mule.construct.FlowConstructLifecycleManager - Initialising flow: homeloansFlow
2020-05-29 10:25:05,877 [Mule.app.deployer.monitor.1.thread.1] INFO  org.mule.exception.DefaultMessagingExceptionStrategy - Initialising exception listener: org.mule.exception.DefaultMessagingExceptionStrategy@7ae87f65
2020-05-29 10:25:05,894 [Mule.app.deployer.monitor.1.thread.1] INFO  org.mule.processor.SedaStageLifecycleManager - Initialising service: homeloansFlow.stage1
2020-05-29 10:25:05,964 [Mule.app.deployer.monitor.1.thread.1] INFO  org.mule.config.spring.SpringXmlConfigurationBuilder - Configured Mule using "org.mule.config.spring.SpringXmlConfigurationBuilder" with configuration resource(s): "[ConfigResource{resourceName='F:\gitrepo\qt-mule\.mule\apps\homeloans\homeloans.xml'}]"
2020-05-29 10:25:05,973 [Mule.app.deployer.monitor.1.thread.1] INFO  org.mule.config.builders.AutoConfigurationBuilder - Configured Mule using "org.mule.config.builders.AutoConfigurationBuilder" with configuration resource(s): "[ConfigResource{resourceName='F:\gitrepo\qt-mule\.mule\apps\homeloans\homeloans.xml'}]"
2020-05-29 10:25:05,976 [Mule.app.deployer.monitor.1.thread.1] INFO  org.mule.module.launcher.application.DefaultMuleApplication - 
++++++++++++++++++++++++++++++++++++++++++++++++++++++++++++
+ Starting app 'homeloans'                                 +
++++++++++++++++++++++++++++++++++++++++++++++++++++++++++++
2020-05-29 10:25:06,156 [Mule.app.deployer.monitor.1.thread.1] INFO  org.mule.util.queue.QueueXaResourceManager - Starting ResourceManager
2020-05-29 10:25:06,210 [Mule.app.deployer.monitor.1.thread.1] INFO  org.mule.util.queue.QueueXaResourceManager - Started ResourceManager
2020-05-29 10:25:06,390 [Mule.app.deployer.monitor.1.thread.1] INFO  org.mule.lifecycle.AbstractLifecycleManager - Starting model: _muleSystemModel
2020-05-29 10:25:06,514 [Mule.app.deployer.monitor.1.thread.1] INFO  org.mule.construct.FlowConstructLifecycleManager - Starting flow: homeloansFlow
2020-05-29 10:25:06,522 [Mule.app.deployer.monitor.1.thread.1] INFO  org.mule.processor.SedaStageLifecycleManager - Starting service: homeloansFlow.stage1
2020-05-29 10:25:06,601 [Mule.app.deployer.monitor.1.thread.1] INFO  org.mule.DefaultMuleContext - 
**********************************************************************
* Application: homeloans                                             *
* OS encoding: \, Mule encoding: UTF-8                               *
*                                                                    *
* Agents Running:                                                    *
*   Batch module default engine                                      *
*   JMX Agent                                                        *
*   JMX Agent                                                        *
*   Wrapper Manager                                                  *
**********************************************************************
