2020-05-29 10:09:40,164 [main] INFO  org.mule.module.launcher.application.DefaultMuleApplication - 
++++++++++++++++++++++++++++++++++++++++++++++++++++++++++++
+ Initializing app 'personalloans'                         +
++++++++++++++++++++++++++++++++++++++++++++++++++++++++++++
2020-05-29 10:09:40,205 [main] INFO  org.mule.util.JdkVersionUtils - You're executing with a JDK made by a vendor that is not on the recommended list of vendors. Vendor: AdoptOpenJDK Please consider changing to a recommended JDK vendor.
2020-05-29 10:09:40,209 [main] INFO  org.mule.lifecycle.AbstractLifecycleManager - Initialising RegistryBroker
2020-05-29 10:09:40,245 [main] INFO  org.mule.module.extension.internal.manager.DefaultExtensionManager - Starting discovery of extensions
2020-05-29 10:09:40,395 [main] INFO  org.mule.module.extension.internal.manager.DefaultExtensionManager - Discovered 1 extensions
2020-05-29 10:09:40,395 [main] INFO  org.mule.module.extension.internal.manager.DefaultExtensionManager - Registering extension validation (version 3.9)
2020-05-29 10:09:40,412 [main] INFO  org.mule.config.spring.MuleArtifactContext - Refreshing org.mule.config.spring.MuleArtifactContext@149b0577: startup date [Fri May 29 10:09:40 IST 2020]; parent: org.mule.config.spring.MuleDomainContext@2fea7088
2020-05-29 10:09:41,332 [main] INFO  org.mule.config.spring.processors.NoDevkitInjectorProcessor - JSR-330 'javax.inject.Inject' annotation found and supported for autowiring
2020-05-29 10:09:43,201 [main] WARN  org.mule.module.ognl.expression.OgnlExpressionEvaluator - OGNL module is deprecated and will be removed in Mule 4.0. Use MEL expressions instead.
2020-05-29 10:09:43,464 [main] INFO  org.mule.util.journal.TransactionJournal - Using files for tx logs F:\gitrepo\qt-mule\.mule\.\.mule\personalloans\queue-tx-log\tx1.log and F:\gitrepo\qt-mule\.mule\.\.mule\personalloans\queue-tx-log\tx2.log
2020-05-29 10:09:43,466 [main] INFO  org.mule.util.journal.TransactionJournal - Using files for tx logs F:\gitrepo\qt-mule\.mule\.\.mule\personalloans\queue-xa-tx-log\tx1.log and F:\gitrepo\qt-mule\.mule\.\.mule\personalloans\queue-xa-tx-log\tx2.log
2020-05-29 10:09:43,650 [main] INFO  org.mule.lifecycle.AbstractLifecycleManager - Initialising model: _muleSystemModel
2020-05-29 10:09:43,665 [main] INFO  org.mule.construct.FlowConstructLifecycleManager - Initialising flow: personalloansFlow
2020-05-29 10:09:43,665 [main] INFO  org.mule.exception.DefaultMessagingExceptionStrategy - Initialising exception listener: org.mule.exception.DefaultMessagingExceptionStrategy@6de004f1
2020-05-29 10:09:43,764 [main] INFO  org.mule.processor.SedaStageLifecycleManager - Initialising service: personalloansFlow.stage1
2020-05-29 10:09:44,013 [main] INFO  org.mule.config.spring.SpringXmlConfigurationBuilder - Configured Mule using "org.mule.config.spring.SpringXmlConfigurationBuilder" with configuration resource(s): "[ConfigResource{resourceName='F:\gitrepo\qt-mule\.mule\apps\personalloans\personalloans.xml'}]"
2020-05-29 10:09:44,014 [main] INFO  org.mule.config.builders.AutoConfigurationBuilder - Configured Mule using "org.mule.config.builders.AutoConfigurationBuilder" with configuration resource(s): "[ConfigResource{resourceName='F:\gitrepo\qt-mule\.mule\apps\personalloans\personalloans.xml'}]"
2020-05-29 10:09:44,026 [main] INFO  com.mulesoft.module.policies.lifecyle.GateKeeper - GateKeeper Mode: DISABLED
2020-05-29 10:09:44,027 [main] INFO  org.mule.module.launcher.application.DefaultMuleApplication - 
++++++++++++++++++++++++++++++++++++++++++++++++++++++++++++
+ Starting app 'personalloans'                             +
++++++++++++++++++++++++++++++++++++++++++++++++++++++++++++
2020-05-29 10:09:44,039 [main] INFO  org.mule.util.queue.QueueXaResourceManager - Starting ResourceManager
2020-05-29 10:09:44,039 [main] INFO  org.mule.util.queue.QueueXaResourceManager - Started ResourceManager
2020-05-29 10:09:44,057 [main] INFO  org.mule.lifecycle.AbstractLifecycleManager - Starting model: _muleSystemModel
2020-05-29 10:09:44,062 [main] INFO  org.mule.construct.FlowConstructLifecycleManager - Starting flow: personalloansFlow
2020-05-29 10:09:44,068 [main] INFO  org.mule.processor.SedaStageLifecycleManager - Starting service: personalloansFlow.stage1
2020-05-29 10:09:44,231 [main] INFO  org.mule.DefaultMuleContext - 
**********************************************************************
* Application: personalloans                                         *
* OS encoding: \, Mule encoding: UTF-8                               *
*                                                                    *
* Agents Running:                                                    *
*   Batch module default engine                                      *
*   JMX Agent                                                        *
*   JMX Agent                                                        *
*   Wrapper Manager                                                  *
**********************************************************************
