2020-05-29 09:35:14,236 [main] INFO  org.mule.module.launcher.application.DefaultMuleApplication - 
++++++++++++++++++++++++++++++++++++++++++++++++++++++++++++
+ Initializing app 'soapwithchoicedemo'                    +
++++++++++++++++++++++++++++++++++++++++++++++++++++++++++++
2020-05-29 09:35:14,778 [main] INFO  org.mule.util.JdkVersionUtils - You're executing with a JDK made by a vendor that is not on the recommended list of vendors. Vendor: AdoptOpenJDK Please consider changing to a recommended JDK vendor.
2020-05-29 09:35:14,807 [main] INFO  org.mule.lifecycle.AbstractLifecycleManager - Initialising RegistryBroker
2020-05-29 09:35:15,228 [main] INFO  org.mule.module.extension.internal.manager.DefaultExtensionManager - Starting discovery of extensions
2020-05-29 09:35:15,812 [main] INFO  org.mule.module.extension.internal.manager.DefaultExtensionManager - Discovered 1 extensions
2020-05-29 09:35:15,812 [main] INFO  org.mule.module.extension.internal.manager.DefaultExtensionManager - Registering extension validation (version 3.9)
2020-05-29 09:35:15,940 [main] INFO  org.mule.config.spring.MuleArtifactContext - Refreshing org.mule.config.spring.MuleArtifactContext@3b9d6699: startup date [Fri May 29 09:35:15 IST 2020]; root of context hierarchy
2020-05-29 09:35:20,370 [main] INFO  org.mule.config.spring.processors.NoDevkitInjectorProcessor - JSR-330 'javax.inject.Inject' annotation found and supported for autowiring
2020-05-29 09:35:22,458 [main] WARN  org.mule.module.ognl.expression.OgnlExpressionEvaluator - OGNL module is deprecated and will be removed in Mule 4.0. Use MEL expressions instead.
2020-05-29 09:35:23,177 [main] INFO  org.mule.util.journal.TransactionJournal - Using files for tx logs F:\gitrepo\qt-mule\.mule\.\.mule\soapwithchoicedemo\queue-tx-log\tx1.log and F:\gitrepo\qt-mule\.mule\.\.mule\soapwithchoicedemo\queue-tx-log\tx2.log
2020-05-29 09:35:23,209 [main] INFO  org.mule.util.journal.TransactionJournal - Using files for tx logs F:\gitrepo\qt-mule\.mule\.\.mule\soapwithchoicedemo\queue-xa-tx-log\tx1.log and F:\gitrepo\qt-mule\.mule\.\.mule\soapwithchoicedemo\queue-xa-tx-log\tx2.log
2020-05-29 09:35:23,453 [main] INFO  org.mule.lifecycle.AbstractLifecycleManager - Initialising model: _muleSystemModel
2020-05-29 09:35:23,461 [main] INFO  org.mule.construct.FlowConstructLifecycleManager - Initialising flow: soapwithchoicedemoFlow
2020-05-29 09:35:23,463 [main] INFO  org.mule.exception.DefaultMessagingExceptionStrategy - Initialising exception listener: org.mule.exception.DefaultMessagingExceptionStrategy@53ce2392
2020-05-29 09:35:23,512 [main] INFO  org.mule.processor.SedaStageLifecycleManager - Initialising service: soapwithchoicedemoFlow.stage1
2020-05-29 09:35:26,668 [main] WARN  org.mule.module.cxf.CxfConfiguration - initializeStaticBusInstance=false is currently deprecated because of security implications. Use it at your own risk.
2020-05-29 09:35:29,060 [main] WARN  org.mule.module.cxf.CxfConfiguration - initializeStaticBusInstance=false is currently deprecated because of security implications. Use it at your own risk.
2020-05-29 09:35:29,074 [main] INFO  org.mule.config.spring.SpringXmlConfigurationBuilder - Configured Mule using "org.mule.config.spring.SpringXmlConfigurationBuilder" with configuration resource(s): "[ConfigResource{resourceName='F:\gitrepo\qt-mule\.mule\apps\soapwithchoicedemo\soapwithchoicedemo.xml'}]"
2020-05-29 09:35:29,075 [main] INFO  org.mule.config.builders.AutoConfigurationBuilder - Configured Mule using "org.mule.config.builders.AutoConfigurationBuilder" with configuration resource(s): "[ConfigResource{resourceName='F:\gitrepo\qt-mule\.mule\apps\soapwithchoicedemo\soapwithchoicedemo.xml'}]"
2020-05-29 09:35:29,111 [main] INFO  com.mulesoft.module.policies.lifecyle.GateKeeper - GateKeeper Mode: DISABLED
2020-05-29 09:35:29,113 [main] INFO  org.mule.module.launcher.application.DefaultMuleApplication - 
++++++++++++++++++++++++++++++++++++++++++++++++++++++++++++
+ Starting app 'soapwithchoicedemo'                        +
++++++++++++++++++++++++++++++++++++++++++++++++++++++++++++
2020-05-29 09:35:29,141 [main] INFO  org.mule.util.queue.QueueXaResourceManager - Starting ResourceManager
2020-05-29 09:35:29,141 [main] INFO  org.mule.util.queue.QueueXaResourceManager - Started ResourceManager
2020-05-29 09:35:29,245 [main] INFO  org.mule.module.http.internal.listener.DefaultHttpListenerConfig - Listening for requests on http://0.0.0.0:8081/soap
2020-05-29 09:35:29,263 [main] INFO  org.mule.lifecycle.AbstractLifecycleManager - Starting model: _muleSystemModel
2020-05-29 09:35:29,266 [main] INFO  org.mule.construct.FlowConstructLifecycleManager - Starting flow: soapwithchoicedemoFlow
2020-05-29 09:35:29,267 [main] INFO  org.mule.processor.SedaStageLifecycleManager - Starting service: soapwithchoicedemoFlow.stage1
2020-05-29 09:35:29,377 [main] INFO  org.mule.module.management.agent.WrapperManagerAgent - This JVM hasn't been launched by the wrapper, the agent will not run.
2020-05-29 09:35:38,486 [main] INFO  org.mule.DefaultMuleContext - 
**********************************************************************
* Application: soapwithchoicedemo                                    *
* OS encoding: \, Mule encoding: UTF-8                               *
*                                                                    *
* Agents Running:                                                    *
*   Batch module default engine                                      *
*   JMX Agent                                                        *
*   Wrapper Manager                                                  *
**********************************************************************
2020-05-29 09:36:41,136 [[soapwithchoicedemo].HTTP_Listener_Configuration.worker.01] INFO  org.mule.module.http.internal.listener.HttpListenerRegistry - No listener found for request: (POST)/soap/execute
2020-05-29 09:36:41,137 [[soapwithchoicedemo].HTTP_Listener_Configuration.worker.01] INFO  org.mule.module.http.internal.listener.HttpListenerRegistry - Available listeners are: [([get])/soap/execute/]
2020-05-29 09:37:00,309 [[soapwithchoicedemo].HTTP_Listener_Configuration.worker.02] ERROR org.mule.exception.DefaultMessagingExceptionStrategy - 
********************************************************************************
Message               : [Error: unterminated string literal]
[Near : {... flowVars.operation]=='add ....}]
                                      ^
[Line: 1, Column: 26] (org.mule.api.expression.InvalidExpressionException).
Payload               : {NullPayload}
Payload Type          : org.mule.transport.NullPayload
Element               : /soapwithchoicedemoFlow/processors/3 @ soapwithchoicedemo:soapwithchoicedemo.xml:19 (Choice)
Element XML           : <choice doc:name="Choice">
                        <when expression="#[flowVars.operation]=='add'">
                        <dw:transform-message doc:name="Transform Message">
                        <dw:set-payload>%dw 1.0
%output application/xml
%namespace ns0 http://tempuri.org/
---
{
	ns0#Add: {
		ns0#intA: flowVars.number1 as :number,
		ns0#intB: flowVars.number2 as :number
	}
}</dw:set-payload>
                        </dw:transform-message>
                        <ws:consumer config-ref="Web_Service_Consumer" operation="Add" doc:name="add"></ws:consumer>
                        </when>
                        <when expression="#[flowVars.operation]=='sub'">
                        <dw:transform-message doc:name="Transform Message">
                        <dw:set-payload>%dw 1.0
%output application/xml
%namespace ns0 http://tempuri.org/
---
{
	ns0#Subtract: {
		ns0#intA: flowVars.number1 as :number,
		ns0#intB: flowVars.number2 as :number
	}
}</dw:set-payload>
                        </dw:transform-message>
                        <ws:consumer config-ref="Web_Service_Consumer" operation="Subtract" doc:name="subtract"></ws:consumer>
                        </when>
                        <when expression="#[flowVars.operation]=='multiply'">
                        <dw:transform-message doc:name="Transform Message">
                        <dw:set-payload>%dw 1.0
%output application/xml
%namespace ns0 http://tempuri.org/
---
{
	ns0#Multiply: {
		ns0#intA: flowVars.number1 as :number,
		ns0#intB: flowVars.number2 as :number
	}
}</dw:set-payload>
                        </dw:transform-message>
                        <ws:consumer config-ref="Web_Service_Consumer" operation="Multiply" doc:name="multiply"></ws:consumer>
                        </when>
                        <otherwise>
                        <dw:transform-message doc:name="Transform Message">
                        <dw:set-payload>%dw 1.0
%output application/xml
%namespace ns0 http://tempuri.org/
---
{
	ns0#Divide: {
		ns0#intA: flowVars.number1 as :number,
		ns0#intB: flowVars.number2 as :number
	}
}</dw:set-payload>
                        </dw:transform-message>
                        <ws:consumer config-ref="Web_Service_Consumer" operation="Divide" doc:name="devide"></ws:consumer>
                        </otherwise>
                        </choice>
--------------------------------------------------------------------------------
Root Exception stack trace:
org.mule.api.expression.InvalidExpressionException: [Error: unterminated string literal]
[Near : {... flowVars.operation]=='add ....}]
                                      ^
[Line: 1, Column: 26]
	at org.mule.el.mvel.MVELExpressionLanguage.validate(MVELExpressionLanguage.java:268)
	at org.mule.el.mvel.MVELExpressionLanguage.evaluateInternal(MVELExpressionLanguage.java:222)
	at org.mule.el.mvel.MVELExpressionLanguage.evaluate(MVELExpressionLanguage.java:192)
	at org.mule.el.mvel.MVELExpressionLanguage.evaluate(MVELExpressionLanguage.java:170)
	at org.mule.expression.DefaultExpressionManager.evaluate(DefaultExpressionManager.java:230)
	at org.mule.expression.DefaultExpressionManager.evaluateBoolean(DefaultExpressionManager.java:402)
	at org.mule.routing.filters.ExpressionFilter.accept(ExpressionFilter.java:123)
	at org.mule.routing.ChoiceRouter.selectProcessors(ChoiceRouter.java:33)
	at org.mule.routing.AbstractSelectiveRouter.process(AbstractSelectiveRouter.java:189)
	at org.mule.execution.ExceptionToMessagingExceptionExecutionInterceptor.execute(ExceptionToMessagingExceptionExecutionInterceptor.java:27)
	at org.mule.execution.MessageProcessorNotificationExecutionInterceptor.execute(MessageProcessorNotificationExecutionInterceptor.java:111)
	at org.mule.execution.MessageProcessorExecutionTemplate.execute(MessageProcessorExecutionTemplate.java:44)
	at org.mule.processor.BlockingProcessorExecutor.executeNext(BlockingProcessorExecutor.java:88)
	at org.mule.processor.BlockingProcessorExecutor.execute(BlockingProcessorExecutor.java:59)
	at org.mule.execution.ExceptionToMessagingExceptionExecutionInterceptor.execute(ExceptionToMessagingExceptionExecutionInterceptor.java:27)
	at org.mule.execution.MessageProcessorExecutionTemplate.execute(MessageProcessorExecutionTemplate.java:44)
	at org.mule.processor.BlockingProcessorExecutor.executeNext(BlockingProcessorExecutor.java:98)
	at org.mule.processor.BlockingProcessorExecutor.execute(BlockingProcessorExecutor.java:59)
	at org.mule.processor.AsyncInterceptingMessageProcessor.process(AsyncInterceptingMessageProcessor.java:110)
	at org.mule.execution.ExceptionToMessagingExceptionExecutionInterceptor.execute(ExceptionToMessagingExceptionExecutionInterceptor.java:27)
	at org.mule.execution.MessageProcessorNotificationExecutionInterceptor.execute(MessageProcessorNotificationExecutionInterceptor.java:111)
	at org.mule.execution.MessageProcessorExecutionTemplate.execute(MessageProcessorExecutionTemplate.java:44)
	at org.mule.processor.BlockingProcessorExecutor.executeNext(BlockingProcessorExecutor.java:98)
	at org.mule.processor.BlockingProcessorExecutor.execute(BlockingProcessorExecutor.java:59)
	at org.mule.construct.DynamicPipelineMessageProcessor.process(DynamicPipelineMessageProcessor.java:55)
	at org.mule.execution.ExceptionToMessagingExceptionExecutionInterceptor.execute(ExceptionToMessagingExceptionExecutionInterceptor.java:27)
	at org.mule.execution.MessageProcessorNotificationExecutionInterceptor.execute(MessageProcessorNotificationExecutionInterceptor.java:111)
	at org.mule.execution.MessageProcessorExecutionTemplate.execute(MessageProcessorExecutionTemplate.java:44)
	at org.mule.processor.BlockingProcessorExecutor.executeNext(BlockingProcessorExecutor.java:88)
	at org.mule.processor.BlockingProcessorExecutor.execute(BlockingProcessorExecutor.java:59)
	at org.mule.execution.ExceptionToMessagingExceptionExecutionInterceptor.execute(ExceptionToMessagingExceptionExecutionInterceptor.java:27)
	at org.mule.execution.MessageProcessorExecutionTemplate.execute(MessageProcessorExecutionTemplate.java:44)
	at org.mule.processor.BlockingProcessorExecutor.executeNext(BlockingProcessorExecutor.java:98)
	at org.mule.processor.BlockingProcessorExecutor.execute(BlockingProcessorExecutor.java:59)
	at org.mule.interceptor.AbstractEnvelopeInterceptor.processBlocking(AbstractEnvelopeInterceptor.java:59)
	at org.mule.processor.AbstractRequestResponseMessageProcessor.process(AbstractRequestResponseMessageProcessor.java:48)
	at org.mule.execution.ExceptionToMessagingExceptionExecutionInterceptor.execute(ExceptionToMessagingExceptionExecutionInterceptor.java:27)
	at org.mule.execution.MessageProcessorNotificationExecutionInterceptor.execute(MessageProcessorNotificationExecutionInterceptor.java:111)
	at org.mule.execution.MessageProcessorExecutionTemplate.execute(MessageProcessorExecutionTemplate.java:44)
	at org.mule.processor.BlockingProcessorExecutor.executeNext(BlockingProcessorExecutor.java:98)
	at org.mule.processor.BlockingProcessorExecutor.execute(BlockingProcessorExecutor.java:59)
	at org.mule.processor.AbstractFilteringMessageProcessor.process(AbstractFilteringMessageProcessor.java:62)
	at org.mule.execution.ExceptionToMessagingExceptionExecutionInterceptor.execute(ExceptionToMessagingExceptionExecutionInterceptor.java:27)
	at org.mule.execution.MessageProcessorNotificationExecutionInterceptor.execute(MessageProcessorNotificationExecutionInterceptor.java:111)
	at org.mule.execution.MessageProcessorExecutionTemplate.execute(MessageProcessorExecutionTemplate.java:44)
	at org.mule.processor.BlockingProcessorExecutor.executeNext(BlockingProcessorExecutor.java:98)
	at org.mule.processor.BlockingProcessorExecutor.execute(BlockingProcessorExecutor.java:59)
	at org.mule.processor.AbstractRequestResponseMessageProcessor.processBlocking(AbstractRequestResponseMessageProcessor.java:57)
	at org.mule.processor.AbstractRequestResponseMessageProcessor.process(AbstractRequestResponseMessageProcessor.java:48)
	at org.mule.execution.ExceptionToMessagingExceptionExecutionInterceptor.execute(ExceptionToMessagingExceptionExecutionInterceptor.java:27)
	at org.mule.execution.MessageProcessorNotificationExecutionInterceptor.execute(MessageProcessorNotificationExecutionInterceptor.java:111)
	at org.mule.execution.MessageProcessorExecutionTemplate.execute(MessageProcessorExecutionTemplate.java:44)
	at org.mule.processor.BlockingProcessorExecutor.executeNext(BlockingProcessorExecutor.java:88)
	at org.mule.processor.BlockingProcessorExecutor.execute(BlockingProcessorExecutor.java:59)
	at org.mule.execution.ExceptionToMessagingExceptionExecutionInterceptor.execute(ExceptionToMessagingExceptionExecutionInterceptor.java:27)
	at org.mule.execution.MessageProcessorNotificationExecutionInterceptor.execute(MessageProcessorNotificationExecutionInterceptor.java:111)
	at org.mule.execution.MessageProcessorExecutionTemplate.execute(MessageProcessorExecutionTemplate.java:44)
	at org.mule.construct.AbstractPipeline$3.process(AbstractPipeline.java:232)
	at org.mule.module.http.internal.listener.HttpMessageProcessorTemplate.routeEvent(HttpMessageProcessorTemplate.java:74)
	at org.mule.execution.AsyncResponseFlowProcessingPhase$1.process(AsyncResponseFlowProcessingPhase.java:73)
	at org.mule.execution.AsyncResponseFlowProcessingPhase$1.process(AsyncResponseFlowProcessingPhase.java:60)
	at org.mule.execution.ExecuteCallbackInterceptor.execute(ExecuteCallbackInterceptor.java:16)
	at org.mule.execution.CommitTransactionInterceptor.execute(CommitTransactionInterceptor.java:35)
	at org.mule.execution.CommitTransactionInterceptor.execute(CommitTransactionInterceptor.java:22)
	at org.mule.execution.HandleExceptionInterceptor.execute(HandleExceptionInterceptor.java:30)
	at org.mule.execution.HandleExceptionInterceptor.execute(HandleExceptionInterceptor.java:14)
	at org.mule.execution.BeginAndResolveTransactionInterceptor.execute(BeginAndResolveTransactionInterceptor.java:67)
	at org.mule.execution.ResolvePreviousTransactionInterceptor.execute(ResolvePreviousTransactionInterceptor.java:44)
	at org.mule.execution.SuspendXaTransactionInterceptor.execute(SuspendXaTransactionInterceptor.java:50)
	at org.mule.execution.ValidateTransactionalStateInterceptor.execute(ValidateTransactionalStateInterceptor.java:40)
	at org.mule.execution.IsolateCurrentTransactionInterceptor.execute(IsolateCurrentTransactionInterceptor.java:41)
	at org.mule.execution.ExternalTransactionInterceptor.execute(ExternalTransactionInterceptor.java:48)
	at org.mule.execution.RethrowExceptionInterceptor.execute(RethrowExceptionInterceptor.java:28)
	at org.mule.execution.RethrowExceptionInterceptor.execute(RethrowExceptionInterceptor.java:13)
	at org.mule.execution.TransactionalErrorHandlingExecutionTemplate.execute(TransactionalErrorHandlingExecutionTemplate.java:110)
	at org.mule.execution.AsyncResponseFlowProcessingPhase.runPhase(AsyncResponseFlowProcessingPhase.java:59)
	at org.mule.execution.AsyncResponseFlowProcessingPhase.runPhase(AsyncResponseFlowProcessingPhase.java:36)
	at org.mule.execution.PhaseExecutionEngine$InternalPhaseExecutionEngine.phaseSuccessfully(PhaseExecutionEngine.java:65)
	at org.mule.execution.PhaseExecutionEngine$InternalPhaseExecutionEngine.phaseSuccessfully(PhaseExecutionEngine.java:69)
	at com.mulesoft.mule.throttling.ThrottlingPhase.runPhase(ThrottlingPhase.java:187)
	at com.mulesoft.mule.throttling.ThrottlingPhase.runPhase(ThrottlingPhase.java:58)
	at org.mule.execution.PhaseExecutionEngine$InternalPhaseExecutionEngine.phaseSuccessfully(PhaseExecutionEngine.java:65)
	at com.mulesoft.gateway.http.phases.GatewayValidationPhase.runPhase(GatewayValidationPhase.java:93)
	at com.mulesoft.gateway.http.phases.GatewayValidationPhase.runPhase(GatewayValidationPhase.java:49)
	at org.mule.execution.PhaseExecutionEngine$InternalPhaseExecutionEngine.phaseSuccessfully(PhaseExecutionEngine.java:65)
	at org.mule.modules.cors.CorsPhase.runPhase(CorsPhase.java:112)
	at org.mule.modules.cors.CorsPhase.runPhase(CorsPhase.java:39)
	at org.mule.execution.PhaseExecutionEngine$InternalPhaseExecutionEngine.process(PhaseExecutionEngine.java:114)
	at org.mule.execution.PhaseExecutionEngine.process(PhaseExecutionEngine.java:41)
	at org.mule.execution.MuleMessageProcessingManager.processMessage(MuleMessageProcessingManager.java:32)
	at org.mule.module.http.internal.listener.DefaultHttpListener$1.handleRequest(DefaultHttpListener.java:137)
	at org.mule.module.http.internal.listener.grizzly.GrizzlyRequestDispatcherFilter.handleRead(GrizzlyRequestDispatcherFilter.java:110)
	at org.glassfish.grizzly.filterchain.ExecutorResolver$9.execute(ExecutorResolver.java:119)
	at org.glassfish.grizzly.filterchain.DefaultFilterChain.executeFilter(DefaultFilterChain.java:284)
	at org.glassfish.grizzly.filterchain.DefaultFilterChain.executeChainPart(DefaultFilterChain.java:201)
	at org.glassfish.grizzly.filterchain.DefaultFilterChain.execute(DefaultFilterChain.java:133)
	at org.glassfish.grizzly.filterchain.DefaultFilterChain.process(DefaultFilterChain.java:112)
	at org.glassfish.grizzly.ProcessorExecutor.execute(ProcessorExecutor.java:77)
	at org.glassfish.grizzly.nio.transport.TCPNIOTransport.fireIOEvent(TCPNIOTransport.java:540)
	at org.glassfish.grizzly.strategies.AbstractIOStrategy.fireIOEvent(AbstractIOStrategy.java:112)
	at org.mule.module.http.internal.listener.grizzly.ExecutorPerServerAddressIOStrategy.run0(ExecutorPerServerAddressIOStrategy.java:126)
	at org.mule.module.http.internal.listener.grizzly.ExecutorPerServerAddressIOStrategy.access$100(ExecutorPerServerAddressIOStrategy.java:32)
	at org.mule.module.http.internal.listener.grizzly.ExecutorPerServerAddressIOStrategy$WorkerThreadRunnable.run(ExecutorPerServerAddressIOStrategy.java:149)
	at java.util.concurrent.ThreadPoolExecutor.runWorker(ThreadPoolExecutor.java:1149)
	at java.util.concurrent.ThreadPoolExecutor$Worker.run(ThreadPoolExecutor.java:624)
	at java.lang.Thread.run(Thread.java:748)

********************************************************************************

2020-05-29 09:38:13,602 [Mule.app.deployer.monitor.1.thread.1] INFO  org.mule.module.launcher.application.DefaultMuleApplication - 
++++++++++++++++++++++++++++++++++++++++++++++++++++++++++++
+ Stopping app 'soapwithchoicedemo'                        +
++++++++++++++++++++++++++++++++++++++++++++++++++++++++++++
2020-05-29 09:38:13,603 [Mule.app.deployer.monitor.1.thread.1] INFO  org.mule.construct.FlowConstructLifecycleManager - Stopping flow: soapwithchoicedemoFlow
2020-05-29 09:38:13,604 [Mule.app.deployer.monitor.1.thread.1] INFO  org.mule.processor.SedaStageLifecycleManager - Stopping service: soapwithchoicedemoFlow.stage1
2020-05-29 09:38:13,636 [Mule.app.deployer.monitor.1.thread.1] INFO  org.mule.lifecycle.AbstractLifecycleManager - Stopping model: _muleSystemModel
2020-05-29 09:38:13,644 [Mule.app.deployer.monitor.1.thread.1] INFO  org.mule.module.http.internal.listener.DefaultHttpListenerConfig - Stopped listener on http://0.0.0.0:8081/soap
2020-05-29 09:38:13,646 [Mule.app.deployer.monitor.1.thread.1] INFO  org.mule.util.queue.QueueXaResourceManager - Stopping ResourceManager
2020-05-29 09:38:13,646 [Mule.app.deployer.monitor.1.thread.1] INFO  org.mule.util.queue.QueueXaResourceManager - Stopped ResourceManager
2020-05-29 09:38:13,652 [Mule.app.deployer.monitor.1.thread.1] INFO  org.mule.module.launcher.application.DefaultMuleApplication - 
++++++++++++++++++++++++++++++++++++++++++++++++++++++++++++
+ Disposing app 'soapwithchoicedemo'                       +
++++++++++++++++++++++++++++++++++++++++++++++++++++++++++++
2020-05-29 09:38:13,653 [Mule.app.deployer.monitor.1.thread.1] INFO  org.mule.lifecycle.AbstractLifecycleManager - Disposing RegistryBroker
2020-05-29 09:38:13,656 [Mule.app.deployer.monitor.1.thread.1] INFO  org.mule.construct.FlowConstructLifecycleManager - Disposing flow: soapwithchoicedemoFlow
2020-05-29 09:38:13,657 [Mule.app.deployer.monitor.1.thread.1] INFO  org.mule.processor.SedaStageLifecycleManager - Disposing service: soapwithchoicedemoFlow.stage1
2020-05-29 09:38:13,659 [Mule.app.deployer.monitor.1.thread.1] INFO  org.mule.lifecycle.AbstractLifecycleManager - Disposing model: _muleSystemModel
2020-05-29 09:38:14,150 [Mule.app.deployer.monitor.1.thread.1] INFO  org.mule.config.spring.MuleArtifactContext - Closing org.mule.config.spring.MuleArtifactContext@3b9d6699: startup date [Fri May 29 09:35:15 IST 2020]; root of context hierarchy
2020-05-29 09:38:14,165 [Mule.app.deployer.monitor.1.thread.1] INFO  org.mule.DefaultMuleContext - 
**********************************************************************
* Application "soapwithchoicedemo" shut down normally on: 29/5/20    *
* 9:38 AM                                                            *
* Up for: 0 days, 0 hours, 2 mins, 45.47 sec                         *
**********************************************************************
2020-05-29 09:38:14,315 [Mule.app.deployer.monitor.1.thread.1] INFO  org.mule.module.launcher.application.DefaultMuleApplication - 
++++++++++++++++++++++++++++++++++++++++++++++++++++++++++++
+ Initializing app 'soapwithchoicedemo'                    +
++++++++++++++++++++++++++++++++++++++++++++++++++++++++++++
2020-05-29 09:38:14,326 [Mule.app.deployer.monitor.1.thread.1] INFO  org.mule.util.JdkVersionUtils - You're executing with a JDK made by a vendor that is not on the recommended list of vendors. Vendor: AdoptOpenJDK Please consider changing to a recommended JDK vendor.
2020-05-29 09:38:14,330 [Mule.app.deployer.monitor.1.thread.1] INFO  org.mule.lifecycle.AbstractLifecycleManager - Initialising RegistryBroker
2020-05-29 09:38:14,336 [Mule.app.deployer.monitor.1.thread.1] INFO  org.mule.module.extension.internal.manager.DefaultExtensionManager - Starting discovery of extensions
2020-05-29 09:38:14,368 [Mule.app.deployer.monitor.1.thread.1] INFO  org.mule.module.extension.internal.manager.DefaultExtensionManager - Discovered 1 extensions
2020-05-29 09:38:14,369 [Mule.app.deployer.monitor.1.thread.1] INFO  org.mule.module.extension.internal.manager.DefaultExtensionManager - Registering extension validation (version 3.9)
2020-05-29 09:38:14,377 [Mule.app.deployer.monitor.1.thread.1] INFO  org.mule.config.spring.MuleArtifactContext - Refreshing org.mule.config.spring.MuleArtifactContext@5f2ec1e9: startup date [Fri May 29 09:38:14 IST 2020]; root of context hierarchy
2020-05-29 09:38:15,669 [Mule.app.deployer.monitor.1.thread.1] INFO  org.mule.config.spring.processors.NoDevkitInjectorProcessor - JSR-330 'javax.inject.Inject' annotation found and supported for autowiring
2020-05-29 09:38:16,097 [Mule.app.deployer.monitor.1.thread.1] INFO  org.mule.util.journal.TransactionJournal - Using files for tx logs F:\gitrepo\qt-mule\.mule\.\.mule\soapwithchoicedemo\queue-tx-log\tx1.log and F:\gitrepo\qt-mule\.mule\.\.mule\soapwithchoicedemo\queue-tx-log\tx2.log
2020-05-29 09:38:16,099 [Mule.app.deployer.monitor.1.thread.1] INFO  org.mule.util.journal.TransactionJournal - Using files for tx logs F:\gitrepo\qt-mule\.mule\.\.mule\soapwithchoicedemo\queue-xa-tx-log\tx1.log and F:\gitrepo\qt-mule\.mule\.\.mule\soapwithchoicedemo\queue-xa-tx-log\tx2.log
2020-05-29 09:38:16,132 [Mule.app.deployer.monitor.1.thread.1] INFO  org.mule.lifecycle.AbstractLifecycleManager - Initialising model: _muleSystemModel
2020-05-29 09:38:16,138 [Mule.app.deployer.monitor.1.thread.1] INFO  org.mule.construct.FlowConstructLifecycleManager - Initialising flow: soapwithchoicedemoFlow
2020-05-29 09:38:16,139 [Mule.app.deployer.monitor.1.thread.1] INFO  org.mule.exception.DefaultMessagingExceptionStrategy - Initialising exception listener: org.mule.exception.DefaultMessagingExceptionStrategy@2aa7c7cf
2020-05-29 09:38:16,150 [Mule.app.deployer.monitor.1.thread.1] INFO  org.mule.processor.SedaStageLifecycleManager - Initialising service: soapwithchoicedemoFlow.stage1
2020-05-29 09:38:17,178 [Mule.app.deployer.monitor.1.thread.1] WARN  org.mule.module.cxf.CxfConfiguration - initializeStaticBusInstance=false is currently deprecated because of security implications. Use it at your own risk.
2020-05-29 09:38:18,968 [Mule.app.deployer.monitor.1.thread.1] WARN  org.mule.module.cxf.CxfConfiguration - initializeStaticBusInstance=false is currently deprecated because of security implications. Use it at your own risk.
2020-05-29 09:38:18,987 [Mule.app.deployer.monitor.1.thread.1] INFO  org.mule.config.spring.SpringXmlConfigurationBuilder - Configured Mule using "org.mule.config.spring.SpringXmlConfigurationBuilder" with configuration resource(s): "[ConfigResource{resourceName='F:\gitrepo\qt-mule\.mule\apps\soapwithchoicedemo\soapwithchoicedemo.xml'}]"
2020-05-29 09:38:18,987 [Mule.app.deployer.monitor.1.thread.1] INFO  org.mule.config.builders.AutoConfigurationBuilder - Configured Mule using "org.mule.config.builders.AutoConfigurationBuilder" with configuration resource(s): "[ConfigResource{resourceName='F:\gitrepo\qt-mule\.mule\apps\soapwithchoicedemo\soapwithchoicedemo.xml'}]"
2020-05-29 09:38:18,990 [Mule.app.deployer.monitor.1.thread.1] INFO  org.mule.module.launcher.application.DefaultMuleApplication - 
++++++++++++++++++++++++++++++++++++++++++++++++++++++++++++
+ Starting app 'soapwithchoicedemo'                        +
++++++++++++++++++++++++++++++++++++++++++++++++++++++++++++
2020-05-29 09:38:18,994 [Mule.app.deployer.monitor.1.thread.1] INFO  org.mule.util.queue.QueueXaResourceManager - Starting ResourceManager
2020-05-29 09:38:18,994 [Mule.app.deployer.monitor.1.thread.1] INFO  org.mule.util.queue.QueueXaResourceManager - Started ResourceManager
2020-05-29 09:38:19,011 [Mule.app.deployer.monitor.1.thread.1] INFO  org.mule.module.http.internal.listener.DefaultHttpListenerConfig - Listening for requests on http://0.0.0.0:8081/soap
2020-05-29 09:38:19,019 [Mule.app.deployer.monitor.1.thread.1] INFO  org.mule.lifecycle.AbstractLifecycleManager - Starting model: _muleSystemModel
2020-05-29 09:38:19,021 [Mule.app.deployer.monitor.1.thread.1] INFO  org.mule.construct.FlowConstructLifecycleManager - Starting flow: soapwithchoicedemoFlow
2020-05-29 09:38:19,021 [Mule.app.deployer.monitor.1.thread.1] INFO  org.mule.processor.SedaStageLifecycleManager - Starting service: soapwithchoicedemoFlow.stage1
2020-05-29 09:38:19,045 [Mule.app.deployer.monitor.1.thread.1] INFO  org.mule.module.management.agent.WrapperManagerAgent - This JVM hasn't been launched by the wrapper, the agent will not run.
2020-05-29 09:38:19,066 [Mule.app.deployer.monitor.1.thread.1] INFO  org.mule.DefaultMuleContext - 
**********************************************************************
* Application: soapwithchoicedemo                                    *
* OS encoding: \, Mule encoding: UTF-8                               *
*                                                                    *
* Agents Running:                                                    *
*   Batch module default engine                                      *
*   JMX Agent                                                        *
*   Wrapper Manager                                                  *
**********************************************************************
2020-05-29 09:38:27,531 [[soapwithchoicedemo].HTTP_Listener_Configuration.worker.01] INFO  com.mulesoft.weave.mule.utils.MuleWeaveFactory$ - MimeType was not resolved '*/*' delegating to Java.
2020-05-29 09:38:31,098 [[soapwithchoicedemo].HTTP_Listener_Configuration.worker.01] INFO  org.mule.api.security.tls.TlsProperties - Loading configuration file: tls-default.conf
2020-05-29 09:39:07,259 [[soapwithchoicedemo].HTTP_Listener_Configuration.worker.01] INFO  com.mulesoft.weave.mule.utils.MuleWeaveFactory$ - MimeType was not resolved '*/*' delegating to Java.
2020-05-29 09:39:19,343 [[soapwithchoicedemo].HTTP_Listener_Configuration.worker.02] INFO  com.mulesoft.weave.mule.utils.MuleWeaveFactory$ - MimeType was not resolved '*/*' delegating to Java.
2020-05-29 09:41:34,864 [[soapwithchoicedemo].HTTP_Listener_Configuration.worker.02] INFO  com.mulesoft.weave.mule.utils.MuleWeaveFactory$ - MimeType was not resolved '*/*' delegating to Java.
