2020-05-20 10:49:23,383 [main] INFO  org.mule.module.launcher.application.DefaultMuleApplication - 
++++++++++++++++++++++++++++++++++++++++++++++++++++++++++++
+ Initializing app 'soapconsumer'                          +
++++++++++++++++++++++++++++++++++++++++++++++++++++++++++++
2020-05-20 10:49:23,995 [main] INFO  org.mule.util.JdkVersionUtils - You're executing with a JDK made by a vendor that is not on the recommended list of vendors. Vendor: AdoptOpenJDK Please consider changing to a recommended JDK vendor.
2020-05-20 10:49:24,021 [main] INFO  org.mule.lifecycle.AbstractLifecycleManager - Initialising RegistryBroker
2020-05-20 10:49:24,284 [main] INFO  org.mule.module.extension.internal.manager.DefaultExtensionManager - Starting discovery of extensions
2020-05-20 10:49:24,532 [main] INFO  org.mule.module.extension.internal.manager.DefaultExtensionManager - Discovered 1 extensions
2020-05-20 10:49:24,532 [main] INFO  org.mule.module.extension.internal.manager.DefaultExtensionManager - Registering extension validation (version 3.9)
2020-05-20 10:49:24,979 [main] INFO  org.mule.config.spring.MuleArtifactContext - Refreshing org.mule.config.spring.MuleArtifactContext@3b9d6699: startup date [Wed May 20 10:49:24 IST 2020]; root of context hierarchy
2020-05-20 10:49:28,236 [main] INFO  org.mule.config.spring.processors.NoDevkitInjectorProcessor - JSR-330 'javax.inject.Inject' annotation found and supported for autowiring
2020-05-20 10:49:30,466 [main] WARN  org.mule.module.ognl.expression.OgnlExpressionEvaluator - OGNL module is deprecated and will be removed in Mule 4.0. Use MEL expressions instead.
2020-05-20 10:49:31,206 [main] INFO  org.mule.util.journal.TransactionJournal - Using files for tx logs F:\gitrepo\qt-mule\.mule\.\.mule\soapconsumer\queue-tx-log\tx1.log and F:\gitrepo\qt-mule\.mule\.\.mule\soapconsumer\queue-tx-log\tx2.log
2020-05-20 10:49:31,464 [main] INFO  org.mule.util.journal.TransactionJournal - Using files for tx logs F:\gitrepo\qt-mule\.mule\.\.mule\soapconsumer\queue-xa-tx-log\tx1.log and F:\gitrepo\qt-mule\.mule\.\.mule\soapconsumer\queue-xa-tx-log\tx2.log
2020-05-20 10:49:31,752 [main] INFO  org.mule.lifecycle.AbstractLifecycleManager - Initialising model: _muleSystemModel
2020-05-20 10:49:31,761 [main] INFO  org.mule.construct.FlowConstructLifecycleManager - Initialising flow: soapconsumerFlow
2020-05-20 10:49:31,763 [main] INFO  org.mule.exception.DefaultMessagingExceptionStrategy - Initialising exception listener: org.mule.exception.DefaultMessagingExceptionStrategy@64942607
2020-05-20 10:49:31,838 [main] INFO  org.mule.processor.SedaStageLifecycleManager - Initialising service: soapconsumerFlow.stage1
2020-05-20 10:49:34,890 [main] WARN  org.mule.module.cxf.CxfConfiguration - initializeStaticBusInstance=false is currently deprecated because of security implications. Use it at your own risk.
2020-05-20 10:49:36,046 [main] WARN  org.mule.module.cxf.CxfConfiguration - initializeStaticBusInstance=false is currently deprecated because of security implications. Use it at your own risk.
2020-05-20 10:49:36,072 [main] INFO  org.mule.config.spring.SpringXmlConfigurationBuilder - Configured Mule using "org.mule.config.spring.SpringXmlConfigurationBuilder" with configuration resource(s): "[ConfigResource{resourceName='F:\gitrepo\qt-mule\.mule\apps\soapconsumer\soapconsumer.xml'}]"
2020-05-20 10:49:36,072 [main] INFO  org.mule.config.builders.AutoConfigurationBuilder - Configured Mule using "org.mule.config.builders.AutoConfigurationBuilder" with configuration resource(s): "[ConfigResource{resourceName='F:\gitrepo\qt-mule\.mule\apps\soapconsumer\soapconsumer.xml'}]"
2020-05-20 10:49:36,081 [main] INFO  com.mulesoft.module.policies.lifecyle.GateKeeper - GateKeeper Mode: DISABLED
2020-05-20 10:49:36,084 [main] INFO  org.mule.module.launcher.application.DefaultMuleApplication - 
++++++++++++++++++++++++++++++++++++++++++++++++++++++++++++
+ Starting app 'soapconsumer'                              +
++++++++++++++++++++++++++++++++++++++++++++++++++++++++++++
2020-05-20 10:49:36,117 [main] INFO  org.mule.util.queue.QueueXaResourceManager - Starting ResourceManager
2020-05-20 10:49:36,124 [main] INFO  org.mule.util.queue.QueueXaResourceManager - Started ResourceManager
2020-05-20 10:49:36,236 [main] INFO  org.mule.module.http.internal.listener.DefaultHttpListenerConfig - Listening for requests on http://0.0.0.0:8081/soap
2020-05-20 10:49:36,256 [main] INFO  org.mule.lifecycle.AbstractLifecycleManager - Starting model: _muleSystemModel
2020-05-20 10:49:36,260 [main] INFO  org.mule.construct.FlowConstructLifecycleManager - Starting flow: soapconsumerFlow
2020-05-20 10:49:36,261 [main] INFO  org.mule.processor.SedaStageLifecycleManager - Starting service: soapconsumerFlow.stage1
2020-05-20 10:49:36,366 [main] INFO  org.mule.module.management.agent.WrapperManagerAgent - This JVM hasn't been launched by the wrapper, the agent will not run.
2020-05-20 10:49:45,419 [main] INFO  org.mule.DefaultMuleContext - 
**********************************************************************
* Application: soapconsumer                                          *
* OS encoding: \, Mule encoding: UTF-8                               *
*                                                                    *
* Agents Running:                                                    *
*   Batch module default engine                                      *
*   JMX Agent                                                        *
*   Wrapper Manager                                                  *
**********************************************************************
2020-05-20 10:50:30,356 [[soapconsumer].HTTP_Listener_Configuration.worker.01] INFO  com.mulesoft.weave.mule.utils.MuleWeaveFactory$ - MimeType was not resolved '*/*' delegating to Java.
2020-05-20 10:50:33,283 [[soapconsumer].HTTP_Listener_Configuration.worker.01] INFO  org.mule.api.security.tls.TlsProperties - Loading configuration file: tls-default.conf
2020-05-20 10:50:46,639 [[soapconsumer].HTTP_Listener_Configuration.worker.02] INFO  com.mulesoft.weave.mule.utils.MuleWeaveFactory$ - MimeType was not resolved '*/*' delegating to Java.
2020-05-20 10:54:40,665 [Mule.app.deployer.monitor.1.thread.1] INFO  org.mule.module.launcher.application.DefaultMuleApplication - 
++++++++++++++++++++++++++++++++++++++++++++++++++++++++++++
+ Stopping app 'soapconsumer'                              +
++++++++++++++++++++++++++++++++++++++++++++++++++++++++++++
2020-05-20 10:54:40,674 [Mule.app.deployer.monitor.1.thread.1] INFO  org.mule.construct.FlowConstructLifecycleManager - Stopping flow: soapconsumerFlow
2020-05-20 10:54:40,678 [Mule.app.deployer.monitor.1.thread.1] INFO  org.mule.processor.SedaStageLifecycleManager - Stopping service: soapconsumerFlow.stage1
2020-05-20 10:54:40,699 [Mule.app.deployer.monitor.1.thread.1] INFO  org.mule.lifecycle.AbstractLifecycleManager - Stopping model: _muleSystemModel
2020-05-20 10:54:40,708 [Mule.app.deployer.monitor.1.thread.1] INFO  org.mule.module.http.internal.listener.DefaultHttpListenerConfig - Stopped listener on http://0.0.0.0:8081/soap
2020-05-20 10:54:40,711 [Mule.app.deployer.monitor.1.thread.1] INFO  org.mule.util.queue.QueueXaResourceManager - Stopping ResourceManager
2020-05-20 10:54:40,712 [Mule.app.deployer.monitor.1.thread.1] INFO  org.mule.util.queue.QueueXaResourceManager - Stopped ResourceManager
2020-05-20 10:54:40,725 [Mule.app.deployer.monitor.1.thread.1] INFO  org.mule.module.launcher.application.DefaultMuleApplication - 
++++++++++++++++++++++++++++++++++++++++++++++++++++++++++++
+ Disposing app 'soapconsumer'                             +
++++++++++++++++++++++++++++++++++++++++++++++++++++++++++++
2020-05-20 10:54:40,726 [Mule.app.deployer.monitor.1.thread.1] INFO  org.mule.lifecycle.AbstractLifecycleManager - Disposing RegistryBroker
2020-05-20 10:54:40,728 [Mule.app.deployer.monitor.1.thread.1] INFO  org.mule.construct.FlowConstructLifecycleManager - Disposing flow: soapconsumerFlow
2020-05-20 10:54:40,729 [Mule.app.deployer.monitor.1.thread.1] INFO  org.mule.processor.SedaStageLifecycleManager - Disposing service: soapconsumerFlow.stage1
2020-05-20 10:54:40,733 [Mule.app.deployer.monitor.1.thread.1] INFO  org.mule.lifecycle.AbstractLifecycleManager - Disposing model: _muleSystemModel
2020-05-20 10:54:41,365 [Mule.app.deployer.monitor.1.thread.1] INFO  org.mule.config.spring.MuleArtifactContext - Closing org.mule.config.spring.MuleArtifactContext@3b9d6699: startup date [Wed May 20 10:49:24 IST 2020]; root of context hierarchy
2020-05-20 10:54:41,382 [Mule.app.deployer.monitor.1.thread.1] INFO  org.mule.DefaultMuleContext - 
**********************************************************************
* Application "soapconsumer" shut down normally on: 20/5/20 10:54 AM *
* Up for: 0 days, 0 hours, 5 mins, 5.290 sec                         *
**********************************************************************
2020-05-20 10:54:41,625 [Mule.app.deployer.monitor.1.thread.1] INFO  org.mule.module.launcher.application.DefaultMuleApplication - 
++++++++++++++++++++++++++++++++++++++++++++++++++++++++++++
+ Initializing app 'soapconsumer'                          +
++++++++++++++++++++++++++++++++++++++++++++++++++++++++++++
2020-05-20 10:54:41,635 [Mule.app.deployer.monitor.1.thread.1] INFO  org.mule.util.JdkVersionUtils - You're executing with a JDK made by a vendor that is not on the recommended list of vendors. Vendor: AdoptOpenJDK Please consider changing to a recommended JDK vendor.
2020-05-20 10:54:41,641 [Mule.app.deployer.monitor.1.thread.1] INFO  org.mule.lifecycle.AbstractLifecycleManager - Initialising RegistryBroker
2020-05-20 10:54:41,677 [Mule.app.deployer.monitor.1.thread.1] INFO  org.mule.module.extension.internal.manager.DefaultExtensionManager - Starting discovery of extensions
2020-05-20 10:54:41,759 [Mule.app.deployer.monitor.1.thread.1] INFO  org.mule.module.extension.internal.manager.DefaultExtensionManager - Discovered 1 extensions
2020-05-20 10:54:41,761 [Mule.app.deployer.monitor.1.thread.1] INFO  org.mule.module.extension.internal.manager.DefaultExtensionManager - Registering extension validation (version 3.9)
2020-05-20 10:54:41,774 [Mule.app.deployer.monitor.1.thread.1] INFO  org.mule.config.spring.MuleArtifactContext - Refreshing org.mule.config.spring.MuleArtifactContext@2a54a21d: startup date [Wed May 20 10:54:41 IST 2020]; root of context hierarchy
2020-05-20 10:54:43,247 [Mule.app.deployer.monitor.1.thread.1] INFO  org.mule.config.spring.processors.NoDevkitInjectorProcessor - JSR-330 'javax.inject.Inject' annotation found and supported for autowiring
2020-05-20 10:54:43,915 [Mule.app.deployer.monitor.1.thread.1] INFO  org.mule.util.journal.TransactionJournal - Using files for tx logs F:\gitrepo\qt-mule\.mule\.\.mule\soapconsumer\queue-tx-log\tx1.log and F:\gitrepo\qt-mule\.mule\.\.mule\soapconsumer\queue-tx-log\tx2.log
2020-05-20 10:54:43,922 [Mule.app.deployer.monitor.1.thread.1] INFO  org.mule.util.journal.TransactionJournal - Using files for tx logs F:\gitrepo\qt-mule\.mule\.\.mule\soapconsumer\queue-xa-tx-log\tx1.log and F:\gitrepo\qt-mule\.mule\.\.mule\soapconsumer\queue-xa-tx-log\tx2.log
2020-05-20 10:54:43,963 [Mule.app.deployer.monitor.1.thread.1] INFO  org.mule.lifecycle.AbstractLifecycleManager - Initialising model: _muleSystemModel
2020-05-20 10:54:43,986 [Mule.app.deployer.monitor.1.thread.1] INFO  org.mule.construct.FlowConstructLifecycleManager - Initialising flow: soapconsumerFlow
2020-05-20 10:54:43,989 [Mule.app.deployer.monitor.1.thread.1] INFO  org.mule.exception.DefaultMessagingExceptionStrategy - Initialising exception listener: org.mule.exception.DefaultMessagingExceptionStrategy@2675ab46
2020-05-20 10:54:44,026 [Mule.app.deployer.monitor.1.thread.1] INFO  org.mule.processor.SedaStageLifecycleManager - Initialising service: soapconsumerFlow.stage1
2020-05-20 10:54:45,162 [Mule.app.deployer.monitor.1.thread.1] WARN  org.mule.module.cxf.CxfConfiguration - initializeStaticBusInstance=false is currently deprecated because of security implications. Use it at your own risk.
2020-05-20 10:54:45,328 [Mule.app.deployer.monitor.1.thread.1] WARN  org.mule.module.cxf.CxfConfiguration - initializeStaticBusInstance=false is currently deprecated because of security implications. Use it at your own risk.
2020-05-20 10:54:45,342 [Mule.app.deployer.monitor.1.thread.1] INFO  org.mule.config.spring.SpringXmlConfigurationBuilder - Configured Mule using "org.mule.config.spring.SpringXmlConfigurationBuilder" with configuration resource(s): "[ConfigResource{resourceName='F:\gitrepo\qt-mule\.mule\apps\soapconsumer\soapconsumer.xml'}]"
2020-05-20 10:54:45,342 [Mule.app.deployer.monitor.1.thread.1] INFO  org.mule.config.builders.AutoConfigurationBuilder - Configured Mule using "org.mule.config.builders.AutoConfigurationBuilder" with configuration resource(s): "[ConfigResource{resourceName='F:\gitrepo\qt-mule\.mule\apps\soapconsumer\soapconsumer.xml'}]"
2020-05-20 10:54:45,345 [Mule.app.deployer.monitor.1.thread.1] INFO  org.mule.module.launcher.application.DefaultMuleApplication - 
++++++++++++++++++++++++++++++++++++++++++++++++++++++++++++
+ Starting app 'soapconsumer'                              +
++++++++++++++++++++++++++++++++++++++++++++++++++++++++++++
2020-05-20 10:54:45,355 [Mule.app.deployer.monitor.1.thread.1] INFO  org.mule.util.queue.QueueXaResourceManager - Starting ResourceManager
2020-05-20 10:54:45,355 [Mule.app.deployer.monitor.1.thread.1] INFO  org.mule.util.queue.QueueXaResourceManager - Started ResourceManager
2020-05-20 10:54:45,378 [Mule.app.deployer.monitor.1.thread.1] INFO  org.mule.module.http.internal.listener.DefaultHttpListenerConfig - Listening for requests on http://0.0.0.0:8081/soap
2020-05-20 10:54:45,387 [Mule.app.deployer.monitor.1.thread.1] INFO  org.mule.lifecycle.AbstractLifecycleManager - Starting model: _muleSystemModel
2020-05-20 10:54:45,389 [Mule.app.deployer.monitor.1.thread.1] INFO  org.mule.construct.FlowConstructLifecycleManager - Starting flow: soapconsumerFlow
2020-05-20 10:54:45,389 [Mule.app.deployer.monitor.1.thread.1] INFO  org.mule.processor.SedaStageLifecycleManager - Starting service: soapconsumerFlow.stage1
2020-05-20 10:54:45,418 [Mule.app.deployer.monitor.1.thread.1] INFO  org.mule.module.management.agent.WrapperManagerAgent - This JVM hasn't been launched by the wrapper, the agent will not run.
2020-05-20 10:54:45,428 [Mule.app.deployer.monitor.1.thread.1] INFO  org.mule.DefaultMuleContext - 
**********************************************************************
* Application: soapconsumer                                          *
* OS encoding: \, Mule encoding: UTF-8                               *
*                                                                    *
* Agents Running:                                                    *
*   Batch module default engine                                      *
*   JMX Agent                                                        *
*   Wrapper Manager                                                  *
**********************************************************************
2020-05-20 10:54:50,372 [[soapconsumer].HTTP_Listener_Configuration.worker.01] INFO  com.mulesoft.weave.mule.utils.MuleWeaveFactory$ - MimeType was not resolved '*/*' delegating to Java.
2020-05-20 10:54:50,386 [[soapconsumer].HTTP_Listener_Configuration.worker.01] INFO  org.mule.api.security.tls.TlsProperties - Loading configuration file: tls-default.conf
2020-05-20 10:55:06,006 [[soapconsumer].HTTP_Listener_Configuration.worker.02] INFO  com.mulesoft.weave.mule.utils.MuleWeaveFactory$ - MimeType was not resolved '*/*' delegating to Java.
2020-05-20 10:59:00,546 [Mule.app.deployer.monitor.1.thread.1] INFO  org.mule.module.launcher.application.DefaultMuleApplication - 
++++++++++++++++++++++++++++++++++++++++++++++++++++++++++++
+ Stopping app 'soapconsumer'                              +
++++++++++++++++++++++++++++++++++++++++++++++++++++++++++++
2020-05-20 10:59:00,549 [Mule.app.deployer.monitor.1.thread.1] INFO  org.mule.construct.FlowConstructLifecycleManager - Stopping flow: soapconsumerFlow
2020-05-20 10:59:00,549 [Mule.app.deployer.monitor.1.thread.1] INFO  org.mule.processor.SedaStageLifecycleManager - Stopping service: soapconsumerFlow.stage1
2020-05-20 10:59:00,575 [Mule.app.deployer.monitor.1.thread.1] INFO  org.mule.lifecycle.AbstractLifecycleManager - Stopping model: _muleSystemModel
2020-05-20 10:59:00,580 [Mule.app.deployer.monitor.1.thread.1] INFO  org.mule.module.http.internal.listener.DefaultHttpListenerConfig - Stopped listener on http://0.0.0.0:8081/soap
2020-05-20 10:59:00,583 [Mule.app.deployer.monitor.1.thread.1] INFO  org.mule.util.queue.QueueXaResourceManager - Stopping ResourceManager
2020-05-20 10:59:00,583 [Mule.app.deployer.monitor.1.thread.1] INFO  org.mule.util.queue.QueueXaResourceManager - Stopped ResourceManager
2020-05-20 10:59:00,590 [Mule.app.deployer.monitor.1.thread.1] INFO  org.mule.module.launcher.application.DefaultMuleApplication - 
++++++++++++++++++++++++++++++++++++++++++++++++++++++++++++
+ Disposing app 'soapconsumer'                             +
++++++++++++++++++++++++++++++++++++++++++++++++++++++++++++
2020-05-20 10:59:00,590 [Mule.app.deployer.monitor.1.thread.1] INFO  org.mule.lifecycle.AbstractLifecycleManager - Disposing RegistryBroker
2020-05-20 10:59:00,593 [Mule.app.deployer.monitor.1.thread.1] INFO  org.mule.construct.FlowConstructLifecycleManager - Disposing flow: soapconsumerFlow
2020-05-20 10:59:00,593 [Mule.app.deployer.monitor.1.thread.1] INFO  org.mule.processor.SedaStageLifecycleManager - Disposing service: soapconsumerFlow.stage1
2020-05-20 10:59:00,601 [Mule.app.deployer.monitor.1.thread.1] INFO  org.mule.lifecycle.AbstractLifecycleManager - Disposing model: _muleSystemModel
2020-05-20 10:59:00,666 [Mule.app.deployer.monitor.1.thread.1] INFO  org.mule.config.spring.MuleArtifactContext - Closing org.mule.config.spring.MuleArtifactContext@2a54a21d: startup date [Wed May 20 10:54:41 IST 2020]; root of context hierarchy
2020-05-20 10:59:00,696 [Mule.app.deployer.monitor.1.thread.1] INFO  org.mule.DefaultMuleContext - 
**********************************************************************
* Application "soapconsumer" shut down normally on: 20/5/20 10:59 AM *
* Up for: 0 days, 0 hours, 4 mins, 15.350 sec                        *
**********************************************************************
2020-05-20 10:59:00,942 [Mule.app.deployer.monitor.1.thread.1] INFO  org.mule.module.launcher.application.DefaultMuleApplication - 
++++++++++++++++++++++++++++++++++++++++++++++++++++++++++++
+ Initializing app 'soapconsumer'                          +
++++++++++++++++++++++++++++++++++++++++++++++++++++++++++++
2020-05-20 10:59:00,958 [Mule.app.deployer.monitor.1.thread.1] INFO  org.mule.util.JdkVersionUtils - You're executing with a JDK made by a vendor that is not on the recommended list of vendors. Vendor: AdoptOpenJDK Please consider changing to a recommended JDK vendor.
2020-05-20 10:59:00,962 [Mule.app.deployer.monitor.1.thread.1] INFO  org.mule.lifecycle.AbstractLifecycleManager - Initialising RegistryBroker
2020-05-20 10:59:00,982 [Mule.app.deployer.monitor.1.thread.1] INFO  org.mule.module.extension.internal.manager.DefaultExtensionManager - Starting discovery of extensions
2020-05-20 10:59:01,072 [Mule.app.deployer.monitor.1.thread.1] INFO  org.mule.module.extension.internal.manager.DefaultExtensionManager - Discovered 1 extensions
2020-05-20 10:59:01,074 [Mule.app.deployer.monitor.1.thread.1] INFO  org.mule.module.extension.internal.manager.DefaultExtensionManager - Registering extension validation (version 3.9)
2020-05-20 10:59:01,081 [Mule.app.deployer.monitor.1.thread.1] INFO  org.mule.config.spring.MuleArtifactContext - Refreshing org.mule.config.spring.MuleArtifactContext@470e298e: startup date [Wed May 20 10:59:01 IST 2020]; root of context hierarchy
2020-05-20 10:59:01,818 [Mule.app.deployer.monitor.1.thread.1] INFO  org.mule.config.spring.processors.NoDevkitInjectorProcessor - JSR-330 'javax.inject.Inject' annotation found and supported for autowiring
2020-05-20 10:59:02,217 [Mule.app.deployer.monitor.1.thread.1] INFO  org.mule.util.journal.TransactionJournal - Using files for tx logs F:\gitrepo\qt-mule\.mule\.\.mule\soapconsumer\queue-tx-log\tx1.log and F:\gitrepo\qt-mule\.mule\.\.mule\soapconsumer\queue-tx-log\tx2.log
2020-05-20 10:59:02,219 [Mule.app.deployer.monitor.1.thread.1] INFO  org.mule.util.journal.TransactionJournal - Using files for tx logs F:\gitrepo\qt-mule\.mule\.\.mule\soapconsumer\queue-xa-tx-log\tx1.log and F:\gitrepo\qt-mule\.mule\.\.mule\soapconsumer\queue-xa-tx-log\tx2.log
2020-05-20 10:59:02,242 [Mule.app.deployer.monitor.1.thread.1] INFO  org.mule.lifecycle.AbstractLifecycleManager - Initialising model: _muleSystemModel
2020-05-20 10:59:02,268 [Mule.app.deployer.monitor.1.thread.1] INFO  org.mule.construct.FlowConstructLifecycleManager - Initialising flow: soapconsumerFlow
2020-05-20 10:59:02,268 [Mule.app.deployer.monitor.1.thread.1] INFO  org.mule.exception.DefaultMessagingExceptionStrategy - Initialising exception listener: org.mule.exception.DefaultMessagingExceptionStrategy@526cb28d
2020-05-20 10:59:02,300 [Mule.app.deployer.monitor.1.thread.1] INFO  org.mule.processor.SedaStageLifecycleManager - Initialising service: soapconsumerFlow.stage1
2020-05-20 10:59:03,299 [Mule.app.deployer.monitor.1.thread.1] WARN  org.mule.module.cxf.CxfConfiguration - initializeStaticBusInstance=false is currently deprecated because of security implications. Use it at your own risk.
2020-05-20 10:59:03,370 [Mule.app.deployer.monitor.1.thread.1] WARN  org.mule.module.cxf.CxfConfiguration - initializeStaticBusInstance=false is currently deprecated because of security implications. Use it at your own risk.
2020-05-20 10:59:03,385 [Mule.app.deployer.monitor.1.thread.1] INFO  org.mule.config.spring.SpringXmlConfigurationBuilder - Configured Mule using "org.mule.config.spring.SpringXmlConfigurationBuilder" with configuration resource(s): "[ConfigResource{resourceName='F:\gitrepo\qt-mule\.mule\apps\soapconsumer\soapconsumer.xml'}]"
2020-05-20 10:59:03,385 [Mule.app.deployer.monitor.1.thread.1] INFO  org.mule.config.builders.AutoConfigurationBuilder - Configured Mule using "org.mule.config.builders.AutoConfigurationBuilder" with configuration resource(s): "[ConfigResource{resourceName='F:\gitrepo\qt-mule\.mule\apps\soapconsumer\soapconsumer.xml'}]"
2020-05-20 10:59:03,388 [Mule.app.deployer.monitor.1.thread.1] INFO  org.mule.module.launcher.application.DefaultMuleApplication - 
++++++++++++++++++++++++++++++++++++++++++++++++++++++++++++
+ Starting app 'soapconsumer'                              +
++++++++++++++++++++++++++++++++++++++++++++++++++++++++++++
2020-05-20 10:59:03,392 [Mule.app.deployer.monitor.1.thread.1] INFO  org.mule.util.queue.QueueXaResourceManager - Starting ResourceManager
2020-05-20 10:59:03,392 [Mule.app.deployer.monitor.1.thread.1] INFO  org.mule.util.queue.QueueXaResourceManager - Started ResourceManager
2020-05-20 10:59:03,419 [Mule.app.deployer.monitor.1.thread.1] INFO  org.mule.module.http.internal.listener.DefaultHttpListenerConfig - Listening for requests on http://0.0.0.0:8081/soap
2020-05-20 10:59:03,426 [Mule.app.deployer.monitor.1.thread.1] INFO  org.mule.lifecycle.AbstractLifecycleManager - Starting model: _muleSystemModel
2020-05-20 10:59:03,431 [Mule.app.deployer.monitor.1.thread.1] INFO  org.mule.construct.FlowConstructLifecycleManager - Starting flow: soapconsumerFlow
2020-05-20 10:59:03,431 [Mule.app.deployer.monitor.1.thread.1] INFO  org.mule.processor.SedaStageLifecycleManager - Starting service: soapconsumerFlow.stage1
2020-05-20 10:59:03,504 [Mule.app.deployer.monitor.1.thread.1] INFO  org.mule.module.management.agent.WrapperManagerAgent - This JVM hasn't been launched by the wrapper, the agent will not run.
2020-05-20 10:59:03,530 [Mule.app.deployer.monitor.1.thread.1] INFO  org.mule.DefaultMuleContext - 
**********************************************************************
* Application: soapconsumer                                          *
* OS encoding: \, Mule encoding: UTF-8                               *
*                                                                    *
* Agents Running:                                                    *
*   Batch module default engine                                      *
*   JMX Agent                                                        *
*   Wrapper Manager                                                  *
**********************************************************************
2020-05-20 10:59:58,582 [Mule.app.deployer.monitor.1.thread.1] INFO  org.mule.module.launcher.application.DefaultMuleApplication - 
++++++++++++++++++++++++++++++++++++++++++++++++++++++++++++
+ Stopping app 'soapconsumer'                              +
++++++++++++++++++++++++++++++++++++++++++++++++++++++++++++
2020-05-20 10:59:58,591 [Mule.app.deployer.monitor.1.thread.1] INFO  org.mule.construct.FlowConstructLifecycleManager - Stopping flow: soapconsumerFlow
2020-05-20 10:59:58,593 [Mule.app.deployer.monitor.1.thread.1] INFO  org.mule.processor.SedaStageLifecycleManager - Stopping service: soapconsumerFlow.stage1
2020-05-20 10:59:58,667 [Mule.app.deployer.monitor.1.thread.1] INFO  org.mule.lifecycle.AbstractLifecycleManager - Stopping model: _muleSystemModel
2020-05-20 10:59:58,677 [Mule.app.deployer.monitor.1.thread.1] INFO  org.mule.module.http.internal.listener.DefaultHttpListenerConfig - Stopped listener on http://0.0.0.0:8081/soap
2020-05-20 10:59:58,680 [Mule.app.deployer.monitor.1.thread.1] INFO  org.mule.util.queue.QueueXaResourceManager - Stopping ResourceManager
2020-05-20 10:59:58,680 [Mule.app.deployer.monitor.1.thread.1] INFO  org.mule.util.queue.QueueXaResourceManager - Stopped ResourceManager
2020-05-20 10:59:58,683 [Mule.app.deployer.monitor.1.thread.1] INFO  org.mule.module.launcher.application.DefaultMuleApplication - 
++++++++++++++++++++++++++++++++++++++++++++++++++++++++++++
+ Disposing app 'soapconsumer'                             +
++++++++++++++++++++++++++++++++++++++++++++++++++++++++++++
2020-05-20 10:59:58,684 [Mule.app.deployer.monitor.1.thread.1] INFO  org.mule.lifecycle.AbstractLifecycleManager - Disposing RegistryBroker
2020-05-20 10:59:58,687 [Mule.app.deployer.monitor.1.thread.1] INFO  org.mule.construct.FlowConstructLifecycleManager - Disposing flow: soapconsumerFlow
2020-05-20 10:59:58,696 [Mule.app.deployer.monitor.1.thread.1] INFO  org.mule.processor.SedaStageLifecycleManager - Disposing service: soapconsumerFlow.stage1
2020-05-20 10:59:58,698 [Mule.app.deployer.monitor.1.thread.1] INFO  org.mule.lifecycle.AbstractLifecycleManager - Disposing model: _muleSystemModel
2020-05-20 10:59:58,742 [Mule.app.deployer.monitor.1.thread.1] INFO  org.mule.config.spring.MuleArtifactContext - Closing org.mule.config.spring.MuleArtifactContext@470e298e: startup date [Wed May 20 10:59:01 IST 2020]; root of context hierarchy
2020-05-20 10:59:58,763 [Mule.app.deployer.monitor.1.thread.1] INFO  org.mule.DefaultMuleContext - 
**********************************************************************
* Application "soapconsumer" shut down normally on: 20/5/20 10:59 AM *
* Up for: 0 days, 0 hours, 0 mins, 55.374 sec                        *
**********************************************************************
2020-05-20 10:59:59,068 [Mule.app.deployer.monitor.1.thread.1] INFO  org.mule.module.launcher.application.DefaultMuleApplication - 
++++++++++++++++++++++++++++++++++++++++++++++++++++++++++++
+ Initializing app 'soapconsumer'                          +
++++++++++++++++++++++++++++++++++++++++++++++++++++++++++++
2020-05-20 10:59:59,074 [Mule.app.deployer.monitor.1.thread.1] INFO  org.mule.util.JdkVersionUtils - You're executing with a JDK made by a vendor that is not on the recommended list of vendors. Vendor: AdoptOpenJDK Please consider changing to a recommended JDK vendor.
2020-05-20 10:59:59,079 [Mule.app.deployer.monitor.1.thread.1] INFO  org.mule.lifecycle.AbstractLifecycleManager - Initialising RegistryBroker
2020-05-20 10:59:59,092 [Mule.app.deployer.monitor.1.thread.1] INFO  org.mule.module.extension.internal.manager.DefaultExtensionManager - Starting discovery of extensions
2020-05-20 10:59:59,130 [Mule.app.deployer.monitor.1.thread.1] INFO  org.mule.module.extension.internal.manager.DefaultExtensionManager - Discovered 1 extensions
2020-05-20 10:59:59,136 [Mule.app.deployer.monitor.1.thread.1] INFO  org.mule.module.extension.internal.manager.DefaultExtensionManager - Registering extension validation (version 3.9)
2020-05-20 10:59:59,142 [Mule.app.deployer.monitor.1.thread.1] INFO  org.mule.config.spring.MuleArtifactContext - Refreshing org.mule.config.spring.MuleArtifactContext@4d51f744: startup date [Wed May 20 10:59:59 IST 2020]; root of context hierarchy
2020-05-20 11:00:00,107 [Mule.app.deployer.monitor.1.thread.1] INFO  org.mule.config.spring.processors.NoDevkitInjectorProcessor - JSR-330 'javax.inject.Inject' annotation found and supported for autowiring
2020-05-20 11:00:00,373 [Mule.app.deployer.monitor.1.thread.1] INFO  org.mule.util.journal.TransactionJournal - Using files for tx logs F:\gitrepo\qt-mule\.mule\.\.mule\soapconsumer\queue-tx-log\tx1.log and F:\gitrepo\qt-mule\.mule\.\.mule\soapconsumer\queue-tx-log\tx2.log
2020-05-20 11:00:00,377 [Mule.app.deployer.monitor.1.thread.1] INFO  org.mule.util.journal.TransactionJournal - Using files for tx logs F:\gitrepo\qt-mule\.mule\.\.mule\soapconsumer\queue-xa-tx-log\tx1.log and F:\gitrepo\qt-mule\.mule\.\.mule\soapconsumer\queue-xa-tx-log\tx2.log
2020-05-20 11:00:00,398 [Mule.app.deployer.monitor.1.thread.1] INFO  org.mule.lifecycle.AbstractLifecycleManager - Initialising model: _muleSystemModel
2020-05-20 11:00:00,401 [Mule.app.deployer.monitor.1.thread.1] INFO  org.mule.construct.FlowConstructLifecycleManager - Initialising flow: soapconsumerFlow
2020-05-20 11:00:00,401 [Mule.app.deployer.monitor.1.thread.1] INFO  org.mule.exception.DefaultMessagingExceptionStrategy - Initialising exception listener: org.mule.exception.DefaultMessagingExceptionStrategy@4b1509e5
2020-05-20 11:00:00,430 [Mule.app.deployer.monitor.1.thread.1] INFO  org.mule.processor.SedaStageLifecycleManager - Initialising service: soapconsumerFlow.stage1
2020-05-20 11:00:01,832 [Mule.app.deployer.monitor.1.thread.1] WARN  org.mule.module.cxf.CxfConfiguration - initializeStaticBusInstance=false is currently deprecated because of security implications. Use it at your own risk.
2020-05-20 11:00:01,916 [Mule.app.deployer.monitor.1.thread.1] WARN  org.mule.module.cxf.CxfConfiguration - initializeStaticBusInstance=false is currently deprecated because of security implications. Use it at your own risk.
2020-05-20 11:00:01,936 [Mule.app.deployer.monitor.1.thread.1] INFO  org.mule.config.spring.SpringXmlConfigurationBuilder - Configured Mule using "org.mule.config.spring.SpringXmlConfigurationBuilder" with configuration resource(s): "[ConfigResource{resourceName='F:\gitrepo\qt-mule\.mule\apps\soapconsumer\soapconsumer.xml'}]"
2020-05-20 11:00:01,941 [Mule.app.deployer.monitor.1.thread.1] INFO  org.mule.config.builders.AutoConfigurationBuilder - Configured Mule using "org.mule.config.builders.AutoConfigurationBuilder" with configuration resource(s): "[ConfigResource{resourceName='F:\gitrepo\qt-mule\.mule\apps\soapconsumer\soapconsumer.xml'}]"
2020-05-20 11:00:01,945 [Mule.app.deployer.monitor.1.thread.1] INFO  org.mule.module.launcher.application.DefaultMuleApplication - 
++++++++++++++++++++++++++++++++++++++++++++++++++++++++++++
+ Starting app 'soapconsumer'                              +
++++++++++++++++++++++++++++++++++++++++++++++++++++++++++++
2020-05-20 11:00:01,952 [Mule.app.deployer.monitor.1.thread.1] INFO  org.mule.util.queue.QueueXaResourceManager - Starting ResourceManager
2020-05-20 11:00:01,952 [Mule.app.deployer.monitor.1.thread.1] INFO  org.mule.util.queue.QueueXaResourceManager - Started ResourceManager
2020-05-20 11:00:01,966 [Mule.app.deployer.monitor.1.thread.1] INFO  org.mule.module.http.internal.listener.DefaultHttpListenerConfig - Listening for requests on http://0.0.0.0:8081/soap
2020-05-20 11:00:01,974 [Mule.app.deployer.monitor.1.thread.1] INFO  org.mule.lifecycle.AbstractLifecycleManager - Starting model: _muleSystemModel
2020-05-20 11:00:01,982 [Mule.app.deployer.monitor.1.thread.1] INFO  org.mule.construct.FlowConstructLifecycleManager - Starting flow: soapconsumerFlow
2020-05-20 11:00:01,984 [Mule.app.deployer.monitor.1.thread.1] INFO  org.mule.processor.SedaStageLifecycleManager - Starting service: soapconsumerFlow.stage1
2020-05-20 11:00:02,017 [Mule.app.deployer.monitor.1.thread.1] INFO  org.mule.module.management.agent.WrapperManagerAgent - This JVM hasn't been launched by the wrapper, the agent will not run.
2020-05-20 11:00:02,034 [Mule.app.deployer.monitor.1.thread.1] INFO  org.mule.DefaultMuleContext - 
**********************************************************************
* Application: soapconsumer                                          *
* OS encoding: \, Mule encoding: UTF-8                               *
*                                                                    *
* Agents Running:                                                    *
*   Batch module default engine                                      *
*   JMX Agent                                                        *
*   Wrapper Manager                                                  *
**********************************************************************
2020-05-20 11:00:18,382 [[soapconsumer].HTTP_Listener_Configuration.worker.01] INFO  com.mulesoft.weave.mule.utils.MuleWeaveFactory$ - MimeType was not resolved '*/*' delegating to Java.
2020-05-20 11:00:18,485 [[soapconsumer].HTTP_Listener_Configuration.worker.01] INFO  org.mule.api.security.tls.TlsProperties - Loading configuration file: tls-default.conf
2020-05-20 11:00:24,057 [[soapconsumer].HTTP_Listener_Configuration.worker.01] INFO  com.mulesoft.weave.mule.utils.MuleWeaveFactory$ - MimeType was not resolved '*/*' delegating to Java.
2020-05-20 11:00:57,063 [Mule.app.deployer.monitor.1.thread.1] INFO  org.mule.module.launcher.application.DefaultMuleApplication - 
++++++++++++++++++++++++++++++++++++++++++++++++++++++++++++
+ Stopping app 'soapconsumer'                              +
++++++++++++++++++++++++++++++++++++++++++++++++++++++++++++
2020-05-20 11:00:57,064 [Mule.app.deployer.monitor.1.thread.1] INFO  org.mule.construct.FlowConstructLifecycleManager - Stopping flow: soapconsumerFlow
2020-05-20 11:00:57,064 [Mule.app.deployer.monitor.1.thread.1] INFO  org.mule.processor.SedaStageLifecycleManager - Stopping service: soapconsumerFlow.stage1
2020-05-20 11:00:57,117 [Mule.app.deployer.monitor.1.thread.1] INFO  org.mule.lifecycle.AbstractLifecycleManager - Stopping model: _muleSystemModel
2020-05-20 11:00:57,120 [Mule.app.deployer.monitor.1.thread.1] INFO  org.mule.module.http.internal.listener.DefaultHttpListenerConfig - Stopped listener on http://0.0.0.0:8081/soap
2020-05-20 11:00:57,123 [Mule.app.deployer.monitor.1.thread.1] INFO  org.mule.util.queue.QueueXaResourceManager - Stopping ResourceManager
2020-05-20 11:00:57,123 [Mule.app.deployer.monitor.1.thread.1] INFO  org.mule.util.queue.QueueXaResourceManager - Stopped ResourceManager
2020-05-20 11:00:57,138 [Mule.app.deployer.monitor.1.thread.1] INFO  org.mule.module.launcher.application.DefaultMuleApplication - 
++++++++++++++++++++++++++++++++++++++++++++++++++++++++++++
+ Disposing app 'soapconsumer'                             +
++++++++++++++++++++++++++++++++++++++++++++++++++++++++++++
2020-05-20 11:00:57,138 [Mule.app.deployer.monitor.1.thread.1] INFO  org.mule.lifecycle.AbstractLifecycleManager - Disposing RegistryBroker
2020-05-20 11:00:57,141 [Mule.app.deployer.monitor.1.thread.1] INFO  org.mule.construct.FlowConstructLifecycleManager - Disposing flow: soapconsumerFlow
2020-05-20 11:00:57,141 [Mule.app.deployer.monitor.1.thread.1] INFO  org.mule.processor.SedaStageLifecycleManager - Disposing service: soapconsumerFlow.stage1
2020-05-20 11:00:57,144 [Mule.app.deployer.monitor.1.thread.1] INFO  org.mule.lifecycle.AbstractLifecycleManager - Disposing model: _muleSystemModel
2020-05-20 11:00:57,174 [Mule.app.deployer.monitor.1.thread.1] INFO  org.mule.config.spring.MuleArtifactContext - Closing org.mule.config.spring.MuleArtifactContext@4d51f744: startup date [Wed May 20 10:59:59 IST 2020]; root of context hierarchy
2020-05-20 11:00:57,183 [Mule.app.deployer.monitor.1.thread.1] INFO  org.mule.DefaultMuleContext - 
**********************************************************************
* Application "soapconsumer" shut down normally on: 20/5/20 11:00 AM *
* Up for: 0 days, 0 hours, 0 mins, 55.235 sec                        *
**********************************************************************
2020-05-20 11:00:57,282 [Mule.app.deployer.monitor.1.thread.1] INFO  org.mule.module.launcher.application.DefaultMuleApplication - 
++++++++++++++++++++++++++++++++++++++++++++++++++++++++++++
+ Initializing app 'soapconsumer'                          +
++++++++++++++++++++++++++++++++++++++++++++++++++++++++++++
2020-05-20 11:00:57,291 [Mule.app.deployer.monitor.1.thread.1] INFO  org.mule.util.JdkVersionUtils - You're executing with a JDK made by a vendor that is not on the recommended list of vendors. Vendor: AdoptOpenJDK Please consider changing to a recommended JDK vendor.
2020-05-20 11:00:57,295 [Mule.app.deployer.monitor.1.thread.1] INFO  org.mule.lifecycle.AbstractLifecycleManager - Initialising RegistryBroker
2020-05-20 11:00:57,301 [Mule.app.deployer.monitor.1.thread.1] INFO  org.mule.module.extension.internal.manager.DefaultExtensionManager - Starting discovery of extensions
2020-05-20 11:00:57,327 [Mule.app.deployer.monitor.1.thread.1] INFO  org.mule.module.extension.internal.manager.DefaultExtensionManager - Discovered 1 extensions
2020-05-20 11:00:57,329 [Mule.app.deployer.monitor.1.thread.1] INFO  org.mule.module.extension.internal.manager.DefaultExtensionManager - Registering extension validation (version 3.9)
2020-05-20 11:00:57,335 [Mule.app.deployer.monitor.1.thread.1] INFO  org.mule.config.spring.MuleArtifactContext - Refreshing org.mule.config.spring.MuleArtifactContext@327d51b1: startup date [Wed May 20 11:00:57 IST 2020]; root of context hierarchy
2020-05-20 11:00:57,752 [Mule.app.deployer.monitor.1.thread.1] INFO  org.mule.config.spring.processors.NoDevkitInjectorProcessor - JSR-330 'javax.inject.Inject' annotation found and supported for autowiring
2020-05-20 11:00:57,981 [Mule.app.deployer.monitor.1.thread.1] INFO  org.mule.util.journal.TransactionJournal - Using files for tx logs F:\gitrepo\qt-mule\.mule\.\.mule\soapconsumer\queue-tx-log\tx1.log and F:\gitrepo\qt-mule\.mule\.\.mule\soapconsumer\queue-tx-log\tx2.log
2020-05-20 11:00:57,985 [Mule.app.deployer.monitor.1.thread.1] INFO  org.mule.util.journal.TransactionJournal - Using files for tx logs F:\gitrepo\qt-mule\.mule\.\.mule\soapconsumer\queue-xa-tx-log\tx1.log and F:\gitrepo\qt-mule\.mule\.\.mule\soapconsumer\queue-xa-tx-log\tx2.log
2020-05-20 11:00:58,007 [Mule.app.deployer.monitor.1.thread.1] INFO  org.mule.lifecycle.AbstractLifecycleManager - Initialising model: _muleSystemModel
2020-05-20 11:00:58,010 [Mule.app.deployer.monitor.1.thread.1] INFO  org.mule.construct.FlowConstructLifecycleManager - Initialising flow: soapconsumerFlow
2020-05-20 11:00:58,012 [Mule.app.deployer.monitor.1.thread.1] INFO  org.mule.exception.DefaultMessagingExceptionStrategy - Initialising exception listener: org.mule.exception.DefaultMessagingExceptionStrategy@205864a8
2020-05-20 11:00:58,026 [Mule.app.deployer.monitor.1.thread.1] INFO  org.mule.processor.SedaStageLifecycleManager - Initialising service: soapconsumerFlow.stage1
2020-05-20 11:00:59,056 [Mule.app.deployer.monitor.1.thread.1] WARN  org.mule.module.cxf.CxfConfiguration - initializeStaticBusInstance=false is currently deprecated because of security implications. Use it at your own risk.
2020-05-20 11:00:59,127 [Mule.app.deployer.monitor.1.thread.1] WARN  org.mule.module.cxf.CxfConfiguration - initializeStaticBusInstance=false is currently deprecated because of security implications. Use it at your own risk.
2020-05-20 11:00:59,136 [Mule.app.deployer.monitor.1.thread.1] INFO  org.mule.config.spring.SpringXmlConfigurationBuilder - Configured Mule using "org.mule.config.spring.SpringXmlConfigurationBuilder" with configuration resource(s): "[ConfigResource{resourceName='F:\gitrepo\qt-mule\.mule\apps\soapconsumer\soapconsumer.xml'}]"
2020-05-20 11:00:59,136 [Mule.app.deployer.monitor.1.thread.1] INFO  org.mule.config.builders.AutoConfigurationBuilder - Configured Mule using "org.mule.config.builders.AutoConfigurationBuilder" with configuration resource(s): "[ConfigResource{resourceName='F:\gitrepo\qt-mule\.mule\apps\soapconsumer\soapconsumer.xml'}]"
2020-05-20 11:00:59,138 [Mule.app.deployer.monitor.1.thread.1] INFO  org.mule.module.launcher.application.DefaultMuleApplication - 
++++++++++++++++++++++++++++++++++++++++++++++++++++++++++++
+ Starting app 'soapconsumer'                              +
++++++++++++++++++++++++++++++++++++++++++++++++++++++++++++
2020-05-20 11:00:59,141 [Mule.app.deployer.monitor.1.thread.1] INFO  org.mule.util.queue.QueueXaResourceManager - Starting ResourceManager
2020-05-20 11:00:59,141 [Mule.app.deployer.monitor.1.thread.1] INFO  org.mule.util.queue.QueueXaResourceManager - Started ResourceManager
2020-05-20 11:00:59,157 [Mule.app.deployer.monitor.1.thread.1] INFO  org.mule.module.http.internal.listener.DefaultHttpListenerConfig - Listening for requests on http://0.0.0.0:8081/soap
2020-05-20 11:00:59,164 [Mule.app.deployer.monitor.1.thread.1] INFO  org.mule.lifecycle.AbstractLifecycleManager - Starting model: _muleSystemModel
2020-05-20 11:00:59,166 [Mule.app.deployer.monitor.1.thread.1] INFO  org.mule.construct.FlowConstructLifecycleManager - Starting flow: soapconsumerFlow
2020-05-20 11:00:59,166 [Mule.app.deployer.monitor.1.thread.1] INFO  org.mule.processor.SedaStageLifecycleManager - Starting service: soapconsumerFlow.stage1
2020-05-20 11:00:59,186 [Mule.app.deployer.monitor.1.thread.1] INFO  org.mule.module.management.agent.WrapperManagerAgent - This JVM hasn't been launched by the wrapper, the agent will not run.
2020-05-20 11:00:59,196 [Mule.app.deployer.monitor.1.thread.1] INFO  org.mule.DefaultMuleContext - 
**********************************************************************
* Application: soapconsumer                                          *
* OS encoding: \, Mule encoding: UTF-8                               *
*                                                                    *
* Agents Running:                                                    *
*   Batch module default engine                                      *
*   JMX Agent                                                        *
*   Wrapper Manager                                                  *
**********************************************************************
2020-05-20 11:02:54,241 [Mule.app.deployer.monitor.1.thread.1] INFO  org.mule.module.launcher.application.DefaultMuleApplication - 
++++++++++++++++++++++++++++++++++++++++++++++++++++++++++++
+ Stopping app 'soapconsumer'                              +
++++++++++++++++++++++++++++++++++++++++++++++++++++++++++++
2020-05-20 11:02:54,243 [Mule.app.deployer.monitor.1.thread.1] INFO  org.mule.construct.FlowConstructLifecycleManager - Stopping flow: soapconsumerFlow
2020-05-20 11:02:54,243 [Mule.app.deployer.monitor.1.thread.1] INFO  org.mule.processor.SedaStageLifecycleManager - Stopping service: soapconsumerFlow.stage1
2020-05-20 11:02:54,378 [Mule.app.deployer.monitor.1.thread.1] INFO  org.mule.lifecycle.AbstractLifecycleManager - Stopping model: _muleSystemModel
2020-05-20 11:02:54,386 [Mule.app.deployer.monitor.1.thread.1] INFO  org.mule.module.http.internal.listener.DefaultHttpListenerConfig - Stopped listener on http://0.0.0.0:8081/soap
2020-05-20 11:02:54,387 [Mule.app.deployer.monitor.1.thread.1] INFO  org.mule.util.queue.QueueXaResourceManager - Stopping ResourceManager
2020-05-20 11:02:54,388 [Mule.app.deployer.monitor.1.thread.1] INFO  org.mule.util.queue.QueueXaResourceManager - Stopped ResourceManager
2020-05-20 11:02:54,391 [Mule.app.deployer.monitor.1.thread.1] INFO  org.mule.module.launcher.application.DefaultMuleApplication - 
++++++++++++++++++++++++++++++++++++++++++++++++++++++++++++
+ Disposing app 'soapconsumer'                             +
++++++++++++++++++++++++++++++++++++++++++++++++++++++++++++
2020-05-20 11:02:54,392 [Mule.app.deployer.monitor.1.thread.1] INFO  org.mule.lifecycle.AbstractLifecycleManager - Disposing RegistryBroker
2020-05-20 11:02:54,397 [Mule.app.deployer.monitor.1.thread.1] INFO  org.mule.construct.FlowConstructLifecycleManager - Disposing flow: soapconsumerFlow
2020-05-20 11:02:54,400 [Mule.app.deployer.monitor.1.thread.1] INFO  org.mule.processor.SedaStageLifecycleManager - Disposing service: soapconsumerFlow.stage1
2020-05-20 11:02:54,426 [Mule.app.deployer.monitor.1.thread.1] INFO  org.mule.lifecycle.AbstractLifecycleManager - Disposing model: _muleSystemModel
2020-05-20 11:02:54,482 [Mule.app.deployer.monitor.1.thread.1] INFO  org.mule.config.spring.MuleArtifactContext - Closing org.mule.config.spring.MuleArtifactContext@327d51b1: startup date [Wed May 20 11:00:57 IST 2020]; root of context hierarchy
2020-05-20 11:02:54,506 [Mule.app.deployer.monitor.1.thread.1] INFO  org.mule.DefaultMuleContext - 
**********************************************************************
* Application "soapconsumer" shut down normally on: 20/5/20 11:02 AM *
* Up for: 0 days, 0 hours, 1 mins, 55.364 sec                        *
**********************************************************************
2020-05-20 11:02:54,634 [Mule.app.deployer.monitor.1.thread.1] INFO  org.mule.module.launcher.application.DefaultMuleApplication - 
++++++++++++++++++++++++++++++++++++++++++++++++++++++++++++
+ Initializing app 'soapconsumer'                          +
++++++++++++++++++++++++++++++++++++++++++++++++++++++++++++
2020-05-20 11:02:54,641 [Mule.app.deployer.monitor.1.thread.1] INFO  org.mule.util.JdkVersionUtils - You're executing with a JDK made by a vendor that is not on the recommended list of vendors. Vendor: AdoptOpenJDK Please consider changing to a recommended JDK vendor.
2020-05-20 11:02:54,644 [Mule.app.deployer.monitor.1.thread.1] INFO  org.mule.lifecycle.AbstractLifecycleManager - Initialising RegistryBroker
2020-05-20 11:02:54,653 [Mule.app.deployer.monitor.1.thread.1] INFO  org.mule.module.extension.internal.manager.DefaultExtensionManager - Starting discovery of extensions
2020-05-20 11:02:54,676 [Mule.app.deployer.monitor.1.thread.1] INFO  org.mule.module.extension.internal.manager.DefaultExtensionManager - Discovered 1 extensions
2020-05-20 11:02:54,679 [Mule.app.deployer.monitor.1.thread.1] INFO  org.mule.module.extension.internal.manager.DefaultExtensionManager - Registering extension validation (version 3.9)
2020-05-20 11:02:54,694 [Mule.app.deployer.monitor.1.thread.1] INFO  org.mule.config.spring.MuleArtifactContext - Refreshing org.mule.config.spring.MuleArtifactContext@560b2ce8: startup date [Wed May 20 11:02:54 IST 2020]; root of context hierarchy
2020-05-20 11:02:55,180 [Mule.app.deployer.monitor.1.thread.1] INFO  org.mule.config.spring.processors.NoDevkitInjectorProcessor - JSR-330 'javax.inject.Inject' annotation found and supported for autowiring
2020-05-20 11:02:55,405 [Mule.app.deployer.monitor.1.thread.1] INFO  org.mule.util.journal.TransactionJournal - Using files for tx logs F:\gitrepo\qt-mule\.mule\.\.mule\soapconsumer\queue-tx-log\tx1.log and F:\gitrepo\qt-mule\.mule\.\.mule\soapconsumer\queue-tx-log\tx2.log
2020-05-20 11:02:55,406 [Mule.app.deployer.monitor.1.thread.1] INFO  org.mule.util.journal.TransactionJournal - Using files for tx logs F:\gitrepo\qt-mule\.mule\.\.mule\soapconsumer\queue-xa-tx-log\tx1.log and F:\gitrepo\qt-mule\.mule\.\.mule\soapconsumer\queue-xa-tx-log\tx2.log
2020-05-20 11:02:55,418 [Mule.app.deployer.monitor.1.thread.1] INFO  org.mule.lifecycle.AbstractLifecycleManager - Initialising model: _muleSystemModel
2020-05-20 11:02:55,424 [Mule.app.deployer.monitor.1.thread.1] INFO  org.mule.construct.FlowConstructLifecycleManager - Initialising flow: soapconsumerFlow
2020-05-20 11:02:55,424 [Mule.app.deployer.monitor.1.thread.1] INFO  org.mule.exception.DefaultMessagingExceptionStrategy - Initialising exception listener: org.mule.exception.DefaultMessagingExceptionStrategy@f064c43
2020-05-20 11:02:55,432 [Mule.app.deployer.monitor.1.thread.1] INFO  org.mule.processor.SedaStageLifecycleManager - Initialising service: soapconsumerFlow.stage1
2020-05-20 11:02:56,427 [Mule.app.deployer.monitor.1.thread.1] WARN  org.mule.module.cxf.CxfConfiguration - initializeStaticBusInstance=false is currently deprecated because of security implications. Use it at your own risk.
2020-05-20 11:02:56,499 [Mule.app.deployer.monitor.1.thread.1] WARN  org.mule.module.cxf.CxfConfiguration - initializeStaticBusInstance=false is currently deprecated because of security implications. Use it at your own risk.
2020-05-20 11:02:56,508 [Mule.app.deployer.monitor.1.thread.1] INFO  org.mule.config.spring.SpringXmlConfigurationBuilder - Configured Mule using "org.mule.config.spring.SpringXmlConfigurationBuilder" with configuration resource(s): "[ConfigResource{resourceName='F:\gitrepo\qt-mule\.mule\apps\soapconsumer\soapconsumer.xml'}]"
2020-05-20 11:02:56,508 [Mule.app.deployer.monitor.1.thread.1] INFO  org.mule.config.builders.AutoConfigurationBuilder - Configured Mule using "org.mule.config.builders.AutoConfigurationBuilder" with configuration resource(s): "[ConfigResource{resourceName='F:\gitrepo\qt-mule\.mule\apps\soapconsumer\soapconsumer.xml'}]"
2020-05-20 11:02:56,513 [Mule.app.deployer.monitor.1.thread.1] INFO  org.mule.module.launcher.application.DefaultMuleApplication - 
++++++++++++++++++++++++++++++++++++++++++++++++++++++++++++
+ Starting app 'soapconsumer'                              +
++++++++++++++++++++++++++++++++++++++++++++++++++++++++++++
2020-05-20 11:02:56,520 [Mule.app.deployer.monitor.1.thread.1] INFO  org.mule.util.queue.QueueXaResourceManager - Starting ResourceManager
2020-05-20 11:02:56,520 [Mule.app.deployer.monitor.1.thread.1] INFO  org.mule.util.queue.QueueXaResourceManager - Started ResourceManager
2020-05-20 11:02:56,536 [Mule.app.deployer.monitor.1.thread.1] INFO  org.mule.module.http.internal.listener.DefaultHttpListenerConfig - Listening for requests on http://0.0.0.0:8081/soap
2020-05-20 11:02:56,541 [Mule.app.deployer.monitor.1.thread.1] INFO  org.mule.lifecycle.AbstractLifecycleManager - Starting model: _muleSystemModel
2020-05-20 11:02:56,545 [Mule.app.deployer.monitor.1.thread.1] INFO  org.mule.construct.FlowConstructLifecycleManager - Starting flow: soapconsumerFlow
2020-05-20 11:02:56,546 [Mule.app.deployer.monitor.1.thread.1] INFO  org.mule.processor.SedaStageLifecycleManager - Starting service: soapconsumerFlow.stage1
2020-05-20 11:02:56,565 [Mule.app.deployer.monitor.1.thread.1] INFO  org.mule.module.management.agent.WrapperManagerAgent - This JVM hasn't been launched by the wrapper, the agent will not run.
2020-05-20 11:02:56,571 [Mule.app.deployer.monitor.1.thread.1] INFO  org.mule.DefaultMuleContext - 
**********************************************************************
* Application: soapconsumer                                          *
* OS encoding: \, Mule encoding: UTF-8                               *
*                                                                    *
* Agents Running:                                                    *
*   Batch module default engine                                      *
*   JMX Agent                                                        *
*   Wrapper Manager                                                  *
**********************************************************************
2020-05-20 11:06:41,703 [Mule.app.deployer.monitor.1.thread.1] INFO  org.mule.module.launcher.application.DefaultMuleApplication - 
++++++++++++++++++++++++++++++++++++++++++++++++++++++++++++
+ Stopping app 'soapconsumer'                              +
++++++++++++++++++++++++++++++++++++++++++++++++++++++++++++
2020-05-20 11:06:41,706 [Mule.app.deployer.monitor.1.thread.1] INFO  org.mule.construct.FlowConstructLifecycleManager - Stopping flow: soapconsumerFlow
2020-05-20 11:06:41,706 [Mule.app.deployer.monitor.1.thread.1] INFO  org.mule.processor.SedaStageLifecycleManager - Stopping service: soapconsumerFlow.stage1
2020-05-20 11:06:41,747 [Mule.app.deployer.monitor.1.thread.1] INFO  org.mule.lifecycle.AbstractLifecycleManager - Stopping model: _muleSystemModel
2020-05-20 11:06:41,760 [Mule.app.deployer.monitor.1.thread.1] INFO  org.mule.module.http.internal.listener.DefaultHttpListenerConfig - Stopped listener on http://0.0.0.0:8081/soap
2020-05-20 11:06:41,762 [Mule.app.deployer.monitor.1.thread.1] INFO  org.mule.util.queue.QueueXaResourceManager - Stopping ResourceManager
2020-05-20 11:06:41,767 [Mule.app.deployer.monitor.1.thread.1] INFO  org.mule.util.queue.QueueXaResourceManager - Stopped ResourceManager
2020-05-20 11:06:41,771 [Mule.app.deployer.monitor.1.thread.1] INFO  org.mule.module.launcher.application.DefaultMuleApplication - 
++++++++++++++++++++++++++++++++++++++++++++++++++++++++++++
+ Disposing app 'soapconsumer'                             +
++++++++++++++++++++++++++++++++++++++++++++++++++++++++++++
2020-05-20 11:06:41,771 [Mule.app.deployer.monitor.1.thread.1] INFO  org.mule.lifecycle.AbstractLifecycleManager - Disposing RegistryBroker
2020-05-20 11:06:41,772 [Mule.app.deployer.monitor.1.thread.1] INFO  org.mule.construct.FlowConstructLifecycleManager - Disposing flow: soapconsumerFlow
2020-05-20 11:06:41,772 [Mule.app.deployer.monitor.1.thread.1] INFO  org.mule.processor.SedaStageLifecycleManager - Disposing service: soapconsumerFlow.stage1
2020-05-20 11:06:41,783 [Mule.app.deployer.monitor.1.thread.1] INFO  org.mule.lifecycle.AbstractLifecycleManager - Disposing model: _muleSystemModel
2020-05-20 11:06:41,807 [Mule.app.deployer.monitor.1.thread.1] INFO  org.mule.config.spring.MuleArtifactContext - Closing org.mule.config.spring.MuleArtifactContext@560b2ce8: startup date [Wed May 20 11:02:54 IST 2020]; root of context hierarchy
2020-05-20 11:06:41,811 [Mule.app.deployer.monitor.1.thread.1] INFO  org.mule.DefaultMuleContext - 
**********************************************************************
* Application "soapconsumer" shut down normally on: 20/5/20 11:06 AM *
* Up for: 0 days, 0 hours, 3 mins, 45.298 sec                        *
**********************************************************************
2020-05-20 11:06:42,238 [Mule.app.deployer.monitor.1.thread.1] INFO  org.mule.module.launcher.application.DefaultMuleApplication - 
++++++++++++++++++++++++++++++++++++++++++++++++++++++++++++
+ Initializing app 'soapconsumer'                          +
++++++++++++++++++++++++++++++++++++++++++++++++++++++++++++
2020-05-20 11:06:42,248 [Mule.app.deployer.monitor.1.thread.1] INFO  org.mule.util.JdkVersionUtils - You're executing with a JDK made by a vendor that is not on the recommended list of vendors. Vendor: AdoptOpenJDK Please consider changing to a recommended JDK vendor.
2020-05-20 11:06:42,256 [Mule.app.deployer.monitor.1.thread.1] INFO  org.mule.lifecycle.AbstractLifecycleManager - Initialising RegistryBroker
2020-05-20 11:06:42,261 [Mule.app.deployer.monitor.1.thread.1] INFO  org.mule.module.extension.internal.manager.DefaultExtensionManager - Starting discovery of extensions
2020-05-20 11:06:42,279 [Mule.app.deployer.monitor.1.thread.1] INFO  org.mule.module.extension.internal.manager.DefaultExtensionManager - Discovered 1 extensions
2020-05-20 11:06:42,279 [Mule.app.deployer.monitor.1.thread.1] INFO  org.mule.module.extension.internal.manager.DefaultExtensionManager - Registering extension validation (version 3.9)
2020-05-20 11:06:42,283 [Mule.app.deployer.monitor.1.thread.1] INFO  org.mule.config.spring.MuleArtifactContext - Refreshing org.mule.config.spring.MuleArtifactContext@3e42f9a9: startup date [Wed May 20 11:06:42 IST 2020]; root of context hierarchy
2020-05-20 11:06:43,439 [Mule.app.deployer.monitor.1.thread.1] INFO  org.mule.config.spring.processors.NoDevkitInjectorProcessor - JSR-330 'javax.inject.Inject' annotation found and supported for autowiring
2020-05-20 11:06:43,740 [Mule.app.deployer.monitor.1.thread.1] INFO  org.mule.util.journal.TransactionJournal - Using files for tx logs F:\gitrepo\qt-mule\.mule\.\.mule\soapconsumer\queue-tx-log\tx1.log and F:\gitrepo\qt-mule\.mule\.\.mule\soapconsumer\queue-tx-log\tx2.log
2020-05-20 11:06:43,741 [Mule.app.deployer.monitor.1.thread.1] INFO  org.mule.util.journal.TransactionJournal - Using files for tx logs F:\gitrepo\qt-mule\.mule\.\.mule\soapconsumer\queue-xa-tx-log\tx1.log and F:\gitrepo\qt-mule\.mule\.\.mule\soapconsumer\queue-xa-tx-log\tx2.log
2020-05-20 11:06:43,753 [Mule.app.deployer.monitor.1.thread.1] INFO  org.mule.lifecycle.AbstractLifecycleManager - Initialising model: _muleSystemModel
2020-05-20 11:06:43,755 [Mule.app.deployer.monitor.1.thread.1] INFO  org.mule.construct.FlowConstructLifecycleManager - Initialising flow: soapconsumerFlow
2020-05-20 11:06:43,755 [Mule.app.deployer.monitor.1.thread.1] INFO  org.mule.exception.DefaultMessagingExceptionStrategy - Initialising exception listener: org.mule.exception.DefaultMessagingExceptionStrategy@1bd2d773
2020-05-20 11:06:43,762 [Mule.app.deployer.monitor.1.thread.1] INFO  org.mule.processor.SedaStageLifecycleManager - Initialising service: soapconsumerFlow.stage1
2020-05-20 11:06:45,236 [Mule.app.deployer.monitor.1.thread.1] WARN  org.mule.module.cxf.CxfConfiguration - initializeStaticBusInstance=false is currently deprecated because of security implications. Use it at your own risk.
2020-05-20 11:06:45,296 [Mule.app.deployer.monitor.1.thread.1] WARN  org.mule.module.cxf.CxfConfiguration - initializeStaticBusInstance=false is currently deprecated because of security implications. Use it at your own risk.
2020-05-20 11:06:45,305 [Mule.app.deployer.monitor.1.thread.1] INFO  org.mule.config.spring.SpringXmlConfigurationBuilder - Configured Mule using "org.mule.config.spring.SpringXmlConfigurationBuilder" with configuration resource(s): "[ConfigResource{resourceName='F:\gitrepo\qt-mule\.mule\apps\soapconsumer\soapconsumer.xml'}]"
2020-05-20 11:06:45,305 [Mule.app.deployer.monitor.1.thread.1] INFO  org.mule.config.builders.AutoConfigurationBuilder - Configured Mule using "org.mule.config.builders.AutoConfigurationBuilder" with configuration resource(s): "[ConfigResource{resourceName='F:\gitrepo\qt-mule\.mule\apps\soapconsumer\soapconsumer.xml'}]"
2020-05-20 11:06:45,306 [Mule.app.deployer.monitor.1.thread.1] INFO  org.mule.module.launcher.application.DefaultMuleApplication - 
++++++++++++++++++++++++++++++++++++++++++++++++++++++++++++
+ Starting app 'soapconsumer'                              +
++++++++++++++++++++++++++++++++++++++++++++++++++++++++++++
2020-05-20 11:06:45,309 [Mule.app.deployer.monitor.1.thread.1] INFO  org.mule.util.queue.QueueXaResourceManager - Starting ResourceManager
2020-05-20 11:06:45,309 [Mule.app.deployer.monitor.1.thread.1] INFO  org.mule.util.queue.QueueXaResourceManager - Started ResourceManager
2020-05-20 11:06:45,333 [Mule.app.deployer.monitor.1.thread.1] INFO  org.mule.module.http.internal.listener.DefaultHttpListenerConfig - Listening for requests on http://0.0.0.0:8081/soap
2020-05-20 11:06:45,337 [Mule.app.deployer.monitor.1.thread.1] INFO  org.mule.lifecycle.AbstractLifecycleManager - Starting model: _muleSystemModel
2020-05-20 11:06:45,338 [Mule.app.deployer.monitor.1.thread.1] INFO  org.mule.construct.FlowConstructLifecycleManager - Starting flow: soapconsumerFlow
2020-05-20 11:06:45,338 [Mule.app.deployer.monitor.1.thread.1] INFO  org.mule.processor.SedaStageLifecycleManager - Starting service: soapconsumerFlow.stage1
2020-05-20 11:06:45,360 [Mule.app.deployer.monitor.1.thread.1] INFO  org.mule.module.management.agent.WrapperManagerAgent - This JVM hasn't been launched by the wrapper, the agent will not run.
2020-05-20 11:06:45,369 [Mule.app.deployer.monitor.1.thread.1] INFO  org.mule.DefaultMuleContext - 
**********************************************************************
* Application: soapconsumer                                          *
* OS encoding: \, Mule encoding: UTF-8                               *
*                                                                    *
* Agents Running:                                                    *
*   Batch module default engine                                      *
*   JMX Agent                                                        *
*   Wrapper Manager                                                  *
**********************************************************************
2020-05-20 11:06:51,010 [[soapconsumer].HTTP_Listener_Configuration.worker.01] INFO  com.mulesoft.weave.mule.utils.MuleWeaveFactory$ - MimeType was not resolved '*/*' delegating to Java.
2020-05-20 11:06:51,023 [[soapconsumer].HTTP_Listener_Configuration.worker.01] INFO  org.mule.api.security.tls.TlsProperties - Loading configuration file: tls-default.conf
2020-05-20 11:07:40,420 [Mule.app.deployer.monitor.1.thread.1] INFO  org.mule.module.launcher.application.DefaultMuleApplication - 
++++++++++++++++++++++++++++++++++++++++++++++++++++++++++++
+ Stopping app 'soapconsumer'                              +
++++++++++++++++++++++++++++++++++++++++++++++++++++++++++++
2020-05-20 11:07:40,423 [Mule.app.deployer.monitor.1.thread.1] INFO  org.mule.construct.FlowConstructLifecycleManager - Stopping flow: soapconsumerFlow
2020-05-20 11:07:40,423 [Mule.app.deployer.monitor.1.thread.1] INFO  org.mule.processor.SedaStageLifecycleManager - Stopping service: soapconsumerFlow.stage1
2020-05-20 11:07:40,436 [Mule.app.deployer.monitor.1.thread.1] INFO  org.mule.lifecycle.AbstractLifecycleManager - Stopping model: _muleSystemModel
2020-05-20 11:07:40,446 [Mule.app.deployer.monitor.1.thread.1] INFO  org.mule.module.http.internal.listener.DefaultHttpListenerConfig - Stopped listener on http://0.0.0.0:8081/soap
2020-05-20 11:07:40,453 [Mule.app.deployer.monitor.1.thread.1] INFO  org.mule.util.queue.QueueXaResourceManager - Stopping ResourceManager
2020-05-20 11:07:40,453 [Mule.app.deployer.monitor.1.thread.1] INFO  org.mule.util.queue.QueueXaResourceManager - Stopped ResourceManager
2020-05-20 11:07:40,463 [Mule.app.deployer.monitor.1.thread.1] INFO  org.mule.module.launcher.application.DefaultMuleApplication - 
++++++++++++++++++++++++++++++++++++++++++++++++++++++++++++
+ Disposing app 'soapconsumer'                             +
++++++++++++++++++++++++++++++++++++++++++++++++++++++++++++
2020-05-20 11:07:40,463 [Mule.app.deployer.monitor.1.thread.1] INFO  org.mule.lifecycle.AbstractLifecycleManager - Disposing RegistryBroker
2020-05-20 11:07:40,466 [Mule.app.deployer.monitor.1.thread.1] INFO  org.mule.construct.FlowConstructLifecycleManager - Disposing flow: soapconsumerFlow
2020-05-20 11:07:40,466 [Mule.app.deployer.monitor.1.thread.1] INFO  org.mule.processor.SedaStageLifecycleManager - Disposing service: soapconsumerFlow.stage1
2020-05-20 11:07:40,468 [Mule.app.deployer.monitor.1.thread.1] INFO  org.mule.lifecycle.AbstractLifecycleManager - Disposing model: _muleSystemModel
2020-05-20 11:07:40,489 [Mule.app.deployer.monitor.1.thread.1] INFO  org.mule.config.spring.MuleArtifactContext - Closing org.mule.config.spring.MuleArtifactContext@3e42f9a9: startup date [Wed May 20 11:06:42 IST 2020]; root of context hierarchy
2020-05-20 11:07:40,492 [Mule.app.deployer.monitor.1.thread.1] INFO  org.mule.DefaultMuleContext - 
**********************************************************************
* Application "soapconsumer" shut down normally on: 20/5/20 11:07 AM *
* Up for: 0 days, 0 hours, 0 mins, 55.185 sec                        *
**********************************************************************
2020-05-20 11:07:40,620 [Mule.app.deployer.monitor.1.thread.1] INFO  org.mule.module.launcher.application.DefaultMuleApplication - 
++++++++++++++++++++++++++++++++++++++++++++++++++++++++++++
+ Initializing app 'soapconsumer'                          +
++++++++++++++++++++++++++++++++++++++++++++++++++++++++++++
2020-05-20 11:07:40,627 [Mule.app.deployer.monitor.1.thread.1] INFO  org.mule.util.JdkVersionUtils - You're executing with a JDK made by a vendor that is not on the recommended list of vendors. Vendor: AdoptOpenJDK Please consider changing to a recommended JDK vendor.
2020-05-20 11:07:40,629 [Mule.app.deployer.monitor.1.thread.1] INFO  org.mule.lifecycle.AbstractLifecycleManager - Initialising RegistryBroker
2020-05-20 11:07:40,633 [Mule.app.deployer.monitor.1.thread.1] INFO  org.mule.module.extension.internal.manager.DefaultExtensionManager - Starting discovery of extensions
2020-05-20 11:07:40,663 [Mule.app.deployer.monitor.1.thread.1] INFO  org.mule.module.extension.internal.manager.DefaultExtensionManager - Discovered 1 extensions
2020-05-20 11:07:40,663 [Mule.app.deployer.monitor.1.thread.1] INFO  org.mule.module.extension.internal.manager.DefaultExtensionManager - Registering extension validation (version 3.9)
2020-05-20 11:07:40,668 [Mule.app.deployer.monitor.1.thread.1] INFO  org.mule.config.spring.MuleArtifactContext - Refreshing org.mule.config.spring.MuleArtifactContext@29c60a31: startup date [Wed May 20 11:07:40 IST 2020]; root of context hierarchy
2020-05-20 11:07:41,420 [Mule.app.deployer.monitor.1.thread.1] INFO  org.mule.config.spring.processors.NoDevkitInjectorProcessor - JSR-330 'javax.inject.Inject' annotation found and supported for autowiring
2020-05-20 11:07:41,594 [Mule.app.deployer.monitor.1.thread.1] INFO  org.mule.util.journal.TransactionJournal - Using files for tx logs F:\gitrepo\qt-mule\.mule\.\.mule\soapconsumer\queue-tx-log\tx1.log and F:\gitrepo\qt-mule\.mule\.\.mule\soapconsumer\queue-tx-log\tx2.log
2020-05-20 11:07:41,595 [Mule.app.deployer.monitor.1.thread.1] INFO  org.mule.util.journal.TransactionJournal - Using files for tx logs F:\gitrepo\qt-mule\.mule\.\.mule\soapconsumer\queue-xa-tx-log\tx1.log and F:\gitrepo\qt-mule\.mule\.\.mule\soapconsumer\queue-xa-tx-log\tx2.log
2020-05-20 11:07:41,604 [Mule.app.deployer.monitor.1.thread.1] INFO  org.mule.lifecycle.AbstractLifecycleManager - Initialising model: _muleSystemModel
2020-05-20 11:07:41,606 [Mule.app.deployer.monitor.1.thread.1] INFO  org.mule.construct.FlowConstructLifecycleManager - Initialising flow: soapconsumerFlow
2020-05-20 11:07:41,611 [Mule.app.deployer.monitor.1.thread.1] INFO  org.mule.exception.DefaultMessagingExceptionStrategy - Initialising exception listener: org.mule.exception.DefaultMessagingExceptionStrategy@6d0e4415
2020-05-20 11:07:41,621 [Mule.app.deployer.monitor.1.thread.1] INFO  org.mule.processor.SedaStageLifecycleManager - Initialising service: soapconsumerFlow.stage1
2020-05-20 11:07:42,719 [Mule.app.deployer.monitor.1.thread.1] WARN  org.mule.module.cxf.CxfConfiguration - initializeStaticBusInstance=false is currently deprecated because of security implications. Use it at your own risk.
2020-05-20 11:07:42,787 [Mule.app.deployer.monitor.1.thread.1] WARN  org.mule.module.cxf.CxfConfiguration - initializeStaticBusInstance=false is currently deprecated because of security implications. Use it at your own risk.
2020-05-20 11:07:42,800 [Mule.app.deployer.monitor.1.thread.1] INFO  org.mule.config.spring.SpringXmlConfigurationBuilder - Configured Mule using "org.mule.config.spring.SpringXmlConfigurationBuilder" with configuration resource(s): "[ConfigResource{resourceName='F:\gitrepo\qt-mule\.mule\apps\soapconsumer\soapconsumer.xml'}]"
2020-05-20 11:07:42,800 [Mule.app.deployer.monitor.1.thread.1] INFO  org.mule.config.builders.AutoConfigurationBuilder - Configured Mule using "org.mule.config.builders.AutoConfigurationBuilder" with configuration resource(s): "[ConfigResource{resourceName='F:\gitrepo\qt-mule\.mule\apps\soapconsumer\soapconsumer.xml'}]"
2020-05-20 11:07:42,802 [Mule.app.deployer.monitor.1.thread.1] INFO  org.mule.module.launcher.application.DefaultMuleApplication - 
++++++++++++++++++++++++++++++++++++++++++++++++++++++++++++
+ Starting app 'soapconsumer'                              +
++++++++++++++++++++++++++++++++++++++++++++++++++++++++++++
2020-05-20 11:07:42,806 [Mule.app.deployer.monitor.1.thread.1] INFO  org.mule.util.queue.QueueXaResourceManager - Starting ResourceManager
2020-05-20 11:07:42,806 [Mule.app.deployer.monitor.1.thread.1] INFO  org.mule.util.queue.QueueXaResourceManager - Started ResourceManager
2020-05-20 11:07:42,822 [Mule.app.deployer.monitor.1.thread.1] INFO  org.mule.module.http.internal.listener.DefaultHttpListenerConfig - Listening for requests on http://0.0.0.0:8081/soap
2020-05-20 11:07:42,825 [Mule.app.deployer.monitor.1.thread.1] INFO  org.mule.lifecycle.AbstractLifecycleManager - Starting model: _muleSystemModel
2020-05-20 11:07:42,827 [Mule.app.deployer.monitor.1.thread.1] INFO  org.mule.construct.FlowConstructLifecycleManager - Starting flow: soapconsumerFlow
2020-05-20 11:07:42,827 [Mule.app.deployer.monitor.1.thread.1] INFO  org.mule.processor.SedaStageLifecycleManager - Starting service: soapconsumerFlow.stage1
2020-05-20 11:07:42,849 [Mule.app.deployer.monitor.1.thread.1] INFO  org.mule.module.management.agent.WrapperManagerAgent - This JVM hasn't been launched by the wrapper, the agent will not run.
2020-05-20 11:07:42,854 [Mule.app.deployer.monitor.1.thread.1] INFO  org.mule.DefaultMuleContext - 
**********************************************************************
* Application: soapconsumer                                          *
* OS encoding: \, Mule encoding: UTF-8                               *
*                                                                    *
* Agents Running:                                                    *
*   Batch module default engine                                      *
*   JMX Agent                                                        *
*   Wrapper Manager                                                  *
**********************************************************************
2020-05-20 11:09:57,938 [Mule.app.deployer.monitor.1.thread.1] INFO  org.mule.module.launcher.application.DefaultMuleApplication - 
++++++++++++++++++++++++++++++++++++++++++++++++++++++++++++
+ Stopping app 'soapconsumer'                              +
++++++++++++++++++++++++++++++++++++++++++++++++++++++++++++
2020-05-20 11:09:57,941 [Mule.app.deployer.monitor.1.thread.1] INFO  org.mule.construct.FlowConstructLifecycleManager - Stopping flow: soapconsumerFlow
2020-05-20 11:09:57,955 [Mule.app.deployer.monitor.1.thread.1] INFO  org.mule.processor.SedaStageLifecycleManager - Stopping service: soapconsumerFlow.stage1
2020-05-20 11:09:58,095 [Mule.app.deployer.monitor.1.thread.1] INFO  org.mule.lifecycle.AbstractLifecycleManager - Stopping model: _muleSystemModel
2020-05-20 11:09:58,100 [Mule.app.deployer.monitor.1.thread.1] INFO  org.mule.module.http.internal.listener.DefaultHttpListenerConfig - Stopped listener on http://0.0.0.0:8081/soap
2020-05-20 11:09:58,102 [Mule.app.deployer.monitor.1.thread.1] INFO  org.mule.util.queue.QueueXaResourceManager - Stopping ResourceManager
2020-05-20 11:09:58,104 [Mule.app.deployer.monitor.1.thread.1] INFO  org.mule.util.queue.QueueXaResourceManager - Stopped ResourceManager
2020-05-20 11:09:58,108 [Mule.app.deployer.monitor.1.thread.1] INFO  org.mule.module.launcher.application.DefaultMuleApplication - 
++++++++++++++++++++++++++++++++++++++++++++++++++++++++++++
+ Disposing app 'soapconsumer'                             +
++++++++++++++++++++++++++++++++++++++++++++++++++++++++++++
2020-05-20 11:09:58,108 [Mule.app.deployer.monitor.1.thread.1] INFO  org.mule.lifecycle.AbstractLifecycleManager - Disposing RegistryBroker
2020-05-20 11:09:58,109 [Mule.app.deployer.monitor.1.thread.1] INFO  org.mule.construct.FlowConstructLifecycleManager - Disposing flow: soapconsumerFlow
2020-05-20 11:09:58,109 [Mule.app.deployer.monitor.1.thread.1] INFO  org.mule.processor.SedaStageLifecycleManager - Disposing service: soapconsumerFlow.stage1
2020-05-20 11:09:58,110 [Mule.app.deployer.monitor.1.thread.1] INFO  org.mule.lifecycle.AbstractLifecycleManager - Disposing model: _muleSystemModel
2020-05-20 11:09:58,126 [Mule.app.deployer.monitor.1.thread.1] INFO  org.mule.config.spring.MuleArtifactContext - Closing org.mule.config.spring.MuleArtifactContext@29c60a31: startup date [Wed May 20 11:07:40 IST 2020]; root of context hierarchy
2020-05-20 11:09:58,132 [Mule.app.deployer.monitor.1.thread.1] INFO  org.mule.DefaultMuleContext - 
**********************************************************************
* Application "soapconsumer" shut down normally on: 20/5/20 11:09 AM *
* Up for: 0 days, 0 hours, 2 mins, 15.329 sec                        *
**********************************************************************
2020-05-20 11:09:58,331 [Mule.app.deployer.monitor.1.thread.1] INFO  org.mule.module.launcher.application.DefaultMuleApplication - 
++++++++++++++++++++++++++++++++++++++++++++++++++++++++++++
+ Initializing app 'soapconsumer'                          +
++++++++++++++++++++++++++++++++++++++++++++++++++++++++++++
2020-05-20 11:09:58,394 [Mule.app.deployer.monitor.1.thread.1] INFO  org.mule.util.JdkVersionUtils - You're executing with a JDK made by a vendor that is not on the recommended list of vendors. Vendor: AdoptOpenJDK Please consider changing to a recommended JDK vendor.
2020-05-20 11:09:58,431 [Mule.app.deployer.monitor.1.thread.1] INFO  org.mule.lifecycle.AbstractLifecycleManager - Initialising RegistryBroker
2020-05-20 11:09:58,438 [Mule.app.deployer.monitor.1.thread.1] INFO  org.mule.module.extension.internal.manager.DefaultExtensionManager - Starting discovery of extensions
2020-05-20 11:09:58,460 [Mule.app.deployer.monitor.1.thread.1] INFO  org.mule.module.extension.internal.manager.DefaultExtensionManager - Discovered 1 extensions
2020-05-20 11:09:58,460 [Mule.app.deployer.monitor.1.thread.1] INFO  org.mule.module.extension.internal.manager.DefaultExtensionManager - Registering extension validation (version 3.9)
2020-05-20 11:09:58,464 [Mule.app.deployer.monitor.1.thread.1] INFO  org.mule.config.spring.MuleArtifactContext - Refreshing org.mule.config.spring.MuleArtifactContext@5fe16281: startup date [Wed May 20 11:09:58 IST 2020]; root of context hierarchy
2020-05-20 11:09:59,558 [Mule.app.deployer.monitor.1.thread.1] INFO  org.mule.config.spring.processors.NoDevkitInjectorProcessor - JSR-330 'javax.inject.Inject' annotation found and supported for autowiring
2020-05-20 11:09:59,726 [Mule.app.deployer.monitor.1.thread.1] INFO  org.mule.util.journal.TransactionJournal - Using files for tx logs F:\gitrepo\qt-mule\.mule\.\.mule\soapconsumer\queue-tx-log\tx1.log and F:\gitrepo\qt-mule\.mule\.\.mule\soapconsumer\queue-tx-log\tx2.log
2020-05-20 11:09:59,727 [Mule.app.deployer.monitor.1.thread.1] INFO  org.mule.util.journal.TransactionJournal - Using files for tx logs F:\gitrepo\qt-mule\.mule\.\.mule\soapconsumer\queue-xa-tx-log\tx1.log and F:\gitrepo\qt-mule\.mule\.\.mule\soapconsumer\queue-xa-tx-log\tx2.log
2020-05-20 11:09:59,747 [Mule.app.deployer.monitor.1.thread.1] INFO  org.mule.lifecycle.AbstractLifecycleManager - Initialising model: _muleSystemModel
2020-05-20 11:09:59,749 [Mule.app.deployer.monitor.1.thread.1] INFO  org.mule.construct.FlowConstructLifecycleManager - Initialising flow: soapconsumerFlow
2020-05-20 11:09:59,749 [Mule.app.deployer.monitor.1.thread.1] INFO  org.mule.exception.DefaultMessagingExceptionStrategy - Initialising exception listener: org.mule.exception.DefaultMessagingExceptionStrategy@1937b8f8
2020-05-20 11:09:59,759 [Mule.app.deployer.monitor.1.thread.1] INFO  org.mule.processor.SedaStageLifecycleManager - Initialising service: soapconsumerFlow.stage1
2020-05-20 11:10:00,915 [Mule.app.deployer.monitor.1.thread.1] WARN  org.mule.module.cxf.CxfConfiguration - initializeStaticBusInstance=false is currently deprecated because of security implications. Use it at your own risk.
2020-05-20 11:10:01,006 [Mule.app.deployer.monitor.1.thread.1] WARN  org.mule.module.cxf.CxfConfiguration - initializeStaticBusInstance=false is currently deprecated because of security implications. Use it at your own risk.
2020-05-20 11:10:01,020 [Mule.app.deployer.monitor.1.thread.1] INFO  org.mule.config.spring.SpringXmlConfigurationBuilder - Configured Mule using "org.mule.config.spring.SpringXmlConfigurationBuilder" with configuration resource(s): "[ConfigResource{resourceName='F:\gitrepo\qt-mule\.mule\apps\soapconsumer\soapconsumer.xml'}]"
2020-05-20 11:10:01,022 [Mule.app.deployer.monitor.1.thread.1] INFO  org.mule.config.builders.AutoConfigurationBuilder - Configured Mule using "org.mule.config.builders.AutoConfigurationBuilder" with configuration resource(s): "[ConfigResource{resourceName='F:\gitrepo\qt-mule\.mule\apps\soapconsumer\soapconsumer.xml'}]"
2020-05-20 11:10:01,024 [Mule.app.deployer.monitor.1.thread.1] INFO  org.mule.module.launcher.application.DefaultMuleApplication - 
++++++++++++++++++++++++++++++++++++++++++++++++++++++++++++
+ Starting app 'soapconsumer'                              +
++++++++++++++++++++++++++++++++++++++++++++++++++++++++++++
2020-05-20 11:10:01,027 [Mule.app.deployer.monitor.1.thread.1] INFO  org.mule.util.queue.QueueXaResourceManager - Starting ResourceManager
2020-05-20 11:10:01,027 [Mule.app.deployer.monitor.1.thread.1] INFO  org.mule.util.queue.QueueXaResourceManager - Started ResourceManager
2020-05-20 11:10:01,051 [Mule.app.deployer.monitor.1.thread.1] INFO  org.mule.module.http.internal.listener.DefaultHttpListenerConfig - Listening for requests on http://0.0.0.0:8081/soap
2020-05-20 11:10:01,055 [Mule.app.deployer.monitor.1.thread.1] INFO  org.mule.lifecycle.AbstractLifecycleManager - Starting model: _muleSystemModel
2020-05-20 11:10:01,056 [Mule.app.deployer.monitor.1.thread.1] INFO  org.mule.construct.FlowConstructLifecycleManager - Starting flow: soapconsumerFlow
2020-05-20 11:10:01,056 [Mule.app.deployer.monitor.1.thread.1] INFO  org.mule.processor.SedaStageLifecycleManager - Starting service: soapconsumerFlow.stage1
2020-05-20 11:10:01,073 [Mule.app.deployer.monitor.1.thread.1] INFO  org.mule.module.management.agent.WrapperManagerAgent - This JVM hasn't been launched by the wrapper, the agent will not run.
2020-05-20 11:10:01,098 [Mule.app.deployer.monitor.1.thread.1] INFO  org.mule.DefaultMuleContext - 
**********************************************************************
* Application: soapconsumer                                          *
* OS encoding: \, Mule encoding: UTF-8                               *
*                                                                    *
* Agents Running:                                                    *
*   Batch module default engine                                      *
*   JMX Agent                                                        *
*   Wrapper Manager                                                  *
**********************************************************************
2020-05-20 11:10:05,811 [[soapconsumer].HTTP_Listener_Configuration.worker.01] INFO  org.mule.api.processor.LoggerMessageProcessor - incoming params::;; ParameterMap{[number1=[19], number2=[389]]}
2020-05-20 11:10:05,812 [[soapconsumer].HTTP_Listener_Configuration.worker.01] INFO  com.mulesoft.weave.mule.utils.MuleWeaveFactory$ - MimeType was not resolved '*/*' delegating to Java.
2020-05-20 11:10:05,825 [[soapconsumer].HTTP_Listener_Configuration.worker.01] INFO  org.mule.api.security.tls.TlsProperties - Loading configuration file: tls-default.conf
